{
  "numFailedTestSuites": 5,
  "numFailedTests": 28,
  "numPassedTestSuites": 0,
  "numPassedTests": 2,
  "numPendingTestSuites": 0,
  "numPendingTests": 0,
  "numRuntimeErrorTestSuites": 0,
  "numTodoTests": 0,
  "numTotalTestSuites": 5,
  "numTotalTests": 30,
  "openHandles": [],
  "snapshot": {
    "added": 0,
    "didUpdate": false,
    "failure": false,
    "filesAdded": 0,
    "filesRemoved": 0,
    "filesRemovedList": [],
    "filesUnmatched": 0,
    "filesUpdated": 0,
    "matched": 0,
    "total": 0,
    "unchecked": 0,
    "uncheckedKeysByFile": [],
    "unmatched": 0,
    "updated": 0
  },
  "startTime": 1730793721977,
  "success": false,
  "testResults": [
    {
      "assertionResults": [
        {
          "ancestorTitles": ["Header component"],
          "duration": 13,
          "failureDetails": [],
          "failureMessages": [],
          "fullName": "Header component renders correctly",
          "invocations": 1,
          "location": null,
          "numPassingAsserts": 1,
          "retryReasons": [],
          "status": "passed",
          "title": "renders correctly"
        },
        {
          "ancestorTitles": ["Header component"],
          "duration": 14,
          "failureDetails": [
            {
              "matcherResult": {
                "pass": false,
                "message": "\u001b[2mexpect(\u001b[22m\u001b[31melement\u001b[39m\u001b[2m).toHaveStyle()\u001b[22m\n\n\u001b[32m- Expected\u001b[39m\n\n\u001b[32m- display: flex;\u001b[39m\n\u001b[32m- justify-content: space-between;\u001b[39m\n\u001b[31m+ display: block;\u001b[39m"
              }
            }
          ],
          "failureMessages": [
            "Error: \u001b[2mexpect(\u001b[22m\u001b[31melement\u001b[39m\u001b[2m).toHaveStyle()\u001b[22m\n\n\u001b[32m- Expected\u001b[39m\n\n\u001b[32m- display: flex;\u001b[39m\n\u001b[32m- justify-content: space-between;\u001b[39m\n\u001b[31m+ display: block;\u001b[39m\n    at Object.toHaveStyle (/Users/vishvam.sundararajan/Desktop/Projects/design-to-code/test-app/src/components/Header/Header.spec.js:13:35)\n    at Promise.then.completed (/Users/vishvam.sundararajan/Desktop/Projects/design-to-code/test-app/node_modules/jest-circus/build/utils.js:298:28)\n    at new Promise (<anonymous>)\n    at callAsyncCircusFn (/Users/vishvam.sundararajan/Desktop/Projects/design-to-code/test-app/node_modules/jest-circus/build/utils.js:231:10)\n    at _callCircusTest (/Users/vishvam.sundararajan/Desktop/Projects/design-to-code/test-app/node_modules/jest-circus/build/run.js:316:40)\n    at processTicksAndRejections (node:internal/process/task_queues:95:5)\n    at _runTest (/Users/vishvam.sundararajan/Desktop/Projects/design-to-code/test-app/node_modules/jest-circus/build/run.js:252:3)\n    at _runTestsForDescribeBlock (/Users/vishvam.sundararajan/Desktop/Projects/design-to-code/test-app/node_modules/jest-circus/build/run.js:126:9)\n    at _runTestsForDescribeBlock (/Users/vishvam.sundararajan/Desktop/Projects/design-to-code/test-app/node_modules/jest-circus/build/run.js:121:9)\n    at run (/Users/vishvam.sundararajan/Desktop/Projects/design-to-code/test-app/node_modules/jest-circus/build/run.js:71:3)\n    at runAndTransformResultsToJestFormat (/Users/vishvam.sundararajan/Desktop/Projects/design-to-code/test-app/node_modules/jest-circus/build/legacy-code-todo-rewrite/jestAdapterInit.js:122:21)\n    at jestAdapter (/Users/vishvam.sundararajan/Desktop/Projects/design-to-code/test-app/node_modules/jest-circus/build/legacy-code-todo-rewrite/jestAdapter.js:79:19)\n    at runTestInternal (/Users/vishvam.sundararajan/Desktop/Projects/design-to-code/test-app/node_modules/jest-runner/build/runTest.js:367:16)\n    at runTest (/Users/vishvam.sundararajan/Desktop/Projects/design-to-code/test-app/node_modules/jest-runner/build/runTest.js:444:34)"
          ],
          "fullName": "Header component has horizontal layout",
          "invocations": 1,
          "location": null,
          "numPassingAsserts": 0,
          "retryReasons": [],
          "status": "failed",
          "title": "has horizontal layout"
        },
        {
          "ancestorTitles": ["Header component"],
          "duration": 3,
          "failureDetails": [
            {
              "matcherResult": {
                "pass": false,
                "message": "\u001b[2mexpect(\u001b[22m\u001b[31melement\u001b[39m\u001b[2m).toHaveStyle()\u001b[22m\n\n\u001b[32m- Expected\u001b[39m\n\n\u001b[32m- flex: 1;\u001b[39m"
              }
            }
          ],
          "failureMessages": [
            "Error: \u001b[2mexpect(\u001b[22m\u001b[31melement\u001b[39m\u001b[2m).toHaveStyle()\u001b[22m\n\n\u001b[32m- Expected\u001b[39m\n\n\u001b[32m- flex: 1;\u001b[39m\n    at Object.toHaveStyle (/Users/vishvam.sundararajan/Desktop/Projects/design-to-code/test-app/src/components/Header/Header.spec.js:18:33)\n    at Promise.then.completed (/Users/vishvam.sundararajan/Desktop/Projects/design-to-code/test-app/node_modules/jest-circus/build/utils.js:298:28)\n    at new Promise (<anonymous>)\n    at callAsyncCircusFn (/Users/vishvam.sundararajan/Desktop/Projects/design-to-code/test-app/node_modules/jest-circus/build/utils.js:231:10)\n    at _callCircusTest (/Users/vishvam.sundararajan/Desktop/Projects/design-to-code/test-app/node_modules/jest-circus/build/run.js:316:40)\n    at processTicksAndRejections (node:internal/process/task_queues:95:5)\n    at _runTest (/Users/vishvam.sundararajan/Desktop/Projects/design-to-code/test-app/node_modules/jest-circus/build/run.js:252:3)\n    at _runTestsForDescribeBlock (/Users/vishvam.sundararajan/Desktop/Projects/design-to-code/test-app/node_modules/jest-circus/build/run.js:126:9)\n    at _runTestsForDescribeBlock (/Users/vishvam.sundararajan/Desktop/Projects/design-to-code/test-app/node_modules/jest-circus/build/run.js:121:9)\n    at run (/Users/vishvam.sundararajan/Desktop/Projects/design-to-code/test-app/node_modules/jest-circus/build/run.js:71:3)\n    at runAndTransformResultsToJestFormat (/Users/vishvam.sundararajan/Desktop/Projects/design-to-code/test-app/node_modules/jest-circus/build/legacy-code-todo-rewrite/jestAdapterInit.js:122:21)\n    at jestAdapter (/Users/vishvam.sundararajan/Desktop/Projects/design-to-code/test-app/node_modules/jest-circus/build/legacy-code-todo-rewrite/jestAdapter.js:79:19)\n    at runTestInternal (/Users/vishvam.sundararajan/Desktop/Projects/design-to-code/test-app/node_modules/jest-runner/build/runTest.js:367:16)\n    at runTest (/Users/vishvam.sundararajan/Desktop/Projects/design-to-code/test-app/node_modules/jest-runner/build/runTest.js:444:34)"
          ],
          "fullName": "Header component has logo on the left",
          "invocations": 1,
          "location": null,
          "numPassingAsserts": 0,
          "retryReasons": [],
          "status": "failed",
          "title": "has logo on the left"
        },
        {
          "ancestorTitles": ["Header component"],
          "duration": 4,
          "failureDetails": [
            {
              "matcherResult": {
                "pass": false,
                "message": "\u001b[2mexpect(\u001b[22m\u001b[31melement\u001b[39m\u001b[2m).toHaveStyle()\u001b[22m\n\n\u001b[32m- Expected\u001b[39m\n\n\u001b[32m- flex: 1;\u001b[39m"
              }
            }
          ],
          "failureMessages": [
            "Error: \u001b[2mexpect(\u001b[22m\u001b[31melement\u001b[39m\u001b[2m).toHaveStyle()\u001b[22m\n\n\u001b[32m- Expected\u001b[39m\n\n\u001b[32m- flex: 1;\u001b[39m\n    at Object.toHaveStyle (/Users/vishvam.sundararajan/Desktop/Projects/design-to-code/test-app/src/components/Header/Header.spec.js:23:42)\n    at Promise.then.completed (/Users/vishvam.sundararajan/Desktop/Projects/design-to-code/test-app/node_modules/jest-circus/build/utils.js:298:28)\n    at new Promise (<anonymous>)\n    at callAsyncCircusFn (/Users/vishvam.sundararajan/Desktop/Projects/design-to-code/test-app/node_modules/jest-circus/build/utils.js:231:10)\n    at _callCircusTest (/Users/vishvam.sundararajan/Desktop/Projects/design-to-code/test-app/node_modules/jest-circus/build/run.js:316:40)\n    at processTicksAndRejections (node:internal/process/task_queues:95:5)\n    at _runTest (/Users/vishvam.sundararajan/Desktop/Projects/design-to-code/test-app/node_modules/jest-circus/build/run.js:252:3)\n    at _runTestsForDescribeBlock (/Users/vishvam.sundararajan/Desktop/Projects/design-to-code/test-app/node_modules/jest-circus/build/run.js:126:9)\n    at _runTestsForDescribeBlock (/Users/vishvam.sundararajan/Desktop/Projects/design-to-code/test-app/node_modules/jest-circus/build/run.js:121:9)\n    at run (/Users/vishvam.sundararajan/Desktop/Projects/design-to-code/test-app/node_modules/jest-circus/build/run.js:71:3)\n    at runAndTransformResultsToJestFormat (/Users/vishvam.sundararajan/Desktop/Projects/design-to-code/test-app/node_modules/jest-circus/build/legacy-code-todo-rewrite/jestAdapterInit.js:122:21)\n    at jestAdapter (/Users/vishvam.sundararajan/Desktop/Projects/design-to-code/test-app/node_modules/jest-circus/build/legacy-code-todo-rewrite/jestAdapter.js:79:19)\n    at runTestInternal (/Users/vishvam.sundararajan/Desktop/Projects/design-to-code/test-app/node_modules/jest-runner/build/runTest.js:367:16)\n    at runTest (/Users/vishvam.sundararajan/Desktop/Projects/design-to-code/test-app/node_modules/jest-runner/build/runTest.js:444:34)"
          ],
          "fullName": "Header component has delivery information next to the logo",
          "invocations": 1,
          "location": null,
          "numPassingAsserts": 0,
          "retryReasons": [],
          "status": "failed",
          "title": "has delivery information next to the logo"
        },
        {
          "ancestorTitles": ["Header component"],
          "duration": 4,
          "failureDetails": [
            {
              "matcherResult": {
                "pass": false,
                "message": "\u001b[2mexpect(\u001b[22m\u001b[31melement\u001b[39m\u001b[2m).toHaveStyle()\u001b[22m\n\n\u001b[32m- Expected\u001b[39m\n\n\u001b[32m- flex: 2;\u001b[39m"
              }
            }
          ],
          "failureMessages": [
            "Error: \u001b[2mexpect(\u001b[22m\u001b[31melement\u001b[39m\u001b[2m).toHaveStyle()\u001b[22m\n\n\u001b[32m- Expected\u001b[39m\n\n\u001b[32m- flex: 2;\u001b[39m\n    at Object.toHaveStyle (/Users/vishvam.sundararajan/Desktop/Projects/design-to-code/test-app/src/components/Header/Header.spec.js:28:39)\n    at Promise.then.completed (/Users/vishvam.sundararajan/Desktop/Projects/design-to-code/test-app/node_modules/jest-circus/build/utils.js:298:28)\n    at new Promise (<anonymous>)\n    at callAsyncCircusFn (/Users/vishvam.sundararajan/Desktop/Projects/design-to-code/test-app/node_modules/jest-circus/build/utils.js:231:10)\n    at _callCircusTest (/Users/vishvam.sundararajan/Desktop/Projects/design-to-code/test-app/node_modules/jest-circus/build/run.js:316:40)\n    at processTicksAndRejections (node:internal/process/task_queues:95:5)\n    at _runTest (/Users/vishvam.sundararajan/Desktop/Projects/design-to-code/test-app/node_modules/jest-circus/build/run.js:252:3)\n    at _runTestsForDescribeBlock (/Users/vishvam.sundararajan/Desktop/Projects/design-to-code/test-app/node_modules/jest-circus/build/run.js:126:9)\n    at _runTestsForDescribeBlock (/Users/vishvam.sundararajan/Desktop/Projects/design-to-code/test-app/node_modules/jest-circus/build/run.js:121:9)\n    at run (/Users/vishvam.sundararajan/Desktop/Projects/design-to-code/test-app/node_modules/jest-circus/build/run.js:71:3)\n    at runAndTransformResultsToJestFormat (/Users/vishvam.sundararajan/Desktop/Projects/design-to-code/test-app/node_modules/jest-circus/build/legacy-code-todo-rewrite/jestAdapterInit.js:122:21)\n    at jestAdapter (/Users/vishvam.sundararajan/Desktop/Projects/design-to-code/test-app/node_modules/jest-circus/build/legacy-code-todo-rewrite/jestAdapter.js:79:19)\n    at runTestInternal (/Users/vishvam.sundararajan/Desktop/Projects/design-to-code/test-app/node_modules/jest-runner/build/runTest.js:367:16)\n    at runTest (/Users/vishvam.sundararajan/Desktop/Projects/design-to-code/test-app/node_modules/jest-runner/build/runTest.js:444:34)"
          ],
          "fullName": "Header component has search bar centered",
          "invocations": 1,
          "location": null,
          "numPassingAsserts": 0,
          "retryReasons": [],
          "status": "failed",
          "title": "has search bar centered"
        },
        {
          "ancestorTitles": ["Header component"],
          "duration": 3,
          "failureDetails": [
            {
              "matcherResult": {
                "pass": false,
                "message": "\u001b[2mexpect(\u001b[22m\u001b[31melement\u001b[39m\u001b[2m).toHaveStyle()\u001b[22m\n\n\u001b[32m- Expected\u001b[39m\n\n\u001b[32m- flex: 2;\u001b[39m\n\u001b[32m- gap: 10px;\u001b[39m\n\u001b[32m- justify-content: flex-end;\u001b[39m"
              }
            }
          ],
          "failureMessages": [
            "Error: \u001b[2mexpect(\u001b[22m\u001b[31melement\u001b[39m\u001b[2m).toHaveStyle()\u001b[22m\n\n\u001b[32m- Expected\u001b[39m\n\n\u001b[32m- flex: 2;\u001b[39m\n\u001b[32m- gap: 10px;\u001b[39m\n\u001b[32m- justify-content: flex-end;\u001b[39m\n    at Object.toHaveStyle (/Users/vishvam.sundararajan/Desktop/Projects/design-to-code/test-app/src/components/Header/Header.spec.js:33:42)\n    at Promise.then.completed (/Users/vishvam.sundararajan/Desktop/Projects/design-to-code/test-app/node_modules/jest-circus/build/utils.js:298:28)\n    at new Promise (<anonymous>)\n    at callAsyncCircusFn (/Users/vishvam.sundararajan/Desktop/Projects/design-to-code/test-app/node_modules/jest-circus/build/utils.js:231:10)\n    at _callCircusTest (/Users/vishvam.sundararajan/Desktop/Projects/design-to-code/test-app/node_modules/jest-circus/build/run.js:316:40)\n    at processTicksAndRejections (node:internal/process/task_queues:95:5)\n    at _runTest (/Users/vishvam.sundararajan/Desktop/Projects/design-to-code/test-app/node_modules/jest-circus/build/run.js:252:3)\n    at _runTestsForDescribeBlock (/Users/vishvam.sundararajan/Desktop/Projects/design-to-code/test-app/node_modules/jest-circus/build/run.js:126:9)\n    at _runTestsForDescribeBlock (/Users/vishvam.sundararajan/Desktop/Projects/design-to-code/test-app/node_modules/jest-circus/build/run.js:121:9)\n    at run (/Users/vishvam.sundararajan/Desktop/Projects/design-to-code/test-app/node_modules/jest-circus/build/run.js:71:3)\n    at runAndTransformResultsToJestFormat (/Users/vishvam.sundararajan/Desktop/Projects/design-to-code/test-app/node_modules/jest-circus/build/legacy-code-todo-rewrite/jestAdapterInit.js:122:21)\n    at jestAdapter (/Users/vishvam.sundararajan/Desktop/Projects/design-to-code/test-app/node_modules/jest-circus/build/legacy-code-todo-rewrite/jestAdapter.js:79:19)\n    at runTestInternal (/Users/vishvam.sundararajan/Desktop/Projects/design-to-code/test-app/node_modules/jest-runner/build/runTest.js:367:16)\n    at runTest (/Users/vishvam.sundararajan/Desktop/Projects/design-to-code/test-app/node_modules/jest-runner/build/runTest.js:444:34)"
          ],
          "fullName": "Header component has language selection, account details, orders, and cart on the right",
          "invocations": 1,
          "location": null,
          "numPassingAsserts": 0,
          "retryReasons": [],
          "status": "failed",
          "title": "has language selection, account details, orders, and cart on the right"
        },
        {
          "ancestorTitles": ["Header component"],
          "duration": 2,
          "failureDetails": [
            {
              "matcherResult": {
                "pass": false,
                "message": "\u001b[2mexpect(\u001b[22m\u001b[31melement\u001b[39m\u001b[2m).toHaveStyle()\u001b[22m\n\n\u001b[32m- Expected\u001b[39m\n\n\u001b[32m- font-size: large;\u001b[39m\n\u001b[32m- font-weight: bold;\u001b[39m"
              }
            }
          ],
          "failureMessages": [
            "Error: \u001b[2mexpect(\u001b[22m\u001b[31melement\u001b[39m\u001b[2m).toHaveStyle()\u001b[22m\n\n\u001b[32m- Expected\u001b[39m\n\n\u001b[32m- font-size: large;\u001b[39m\n\u001b[32m- font-weight: bold;\u001b[39m\n    at Object.toHaveStyle (/Users/vishvam.sundararajan/Desktop/Projects/design-to-code/test-app/src/components/Header/Header.spec.js:38:33)\n    at Promise.then.completed (/Users/vishvam.sundararajan/Desktop/Projects/design-to-code/test-app/node_modules/jest-circus/build/utils.js:298:28)\n    at new Promise (<anonymous>)\n    at callAsyncCircusFn (/Users/vishvam.sundararajan/Desktop/Projects/design-to-code/test-app/node_modules/jest-circus/build/utils.js:231:10)\n    at _callCircusTest (/Users/vishvam.sundararajan/Desktop/Projects/design-to-code/test-app/node_modules/jest-circus/build/run.js:316:40)\n    at processTicksAndRejections (node:internal/process/task_queues:95:5)\n    at _runTest (/Users/vishvam.sundararajan/Desktop/Projects/design-to-code/test-app/node_modules/jest-circus/build/run.js:252:3)\n    at _runTestsForDescribeBlock (/Users/vishvam.sundararajan/Desktop/Projects/design-to-code/test-app/node_modules/jest-circus/build/run.js:126:9)\n    at _runTestsForDescribeBlock (/Users/vishvam.sundararajan/Desktop/Projects/design-to-code/test-app/node_modules/jest-circus/build/run.js:121:9)\n    at run (/Users/vishvam.sundararajan/Desktop/Projects/design-to-code/test-app/node_modules/jest-circus/build/run.js:71:3)\n    at runAndTransformResultsToJestFormat (/Users/vishvam.sundararajan/Desktop/Projects/design-to-code/test-app/node_modules/jest-circus/build/legacy-code-todo-rewrite/jestAdapterInit.js:122:21)\n    at jestAdapter (/Users/vishvam.sundararajan/Desktop/Projects/design-to-code/test-app/node_modules/jest-circus/build/legacy-code-todo-rewrite/jestAdapter.js:79:19)\n    at runTestInternal (/Users/vishvam.sundararajan/Desktop/Projects/design-to-code/test-app/node_modules/jest-runner/build/runTest.js:367:16)\n    at runTest (/Users/vishvam.sundararajan/Desktop/Projects/design-to-code/test-app/node_modules/jest-runner/build/runTest.js:444:34)"
          ],
          "fullName": "Header component has correct typography",
          "invocations": 1,
          "location": null,
          "numPassingAsserts": 0,
          "retryReasons": [],
          "status": "failed",
          "title": "has correct typography"
        },
        {
          "ancestorTitles": ["Header component"],
          "duration": 2,
          "failureDetails": [
            {
              "matcherResult": {
                "pass": false,
                "message": "\u001b[2mexpect(\u001b[22m\u001b[31melement\u001b[39m\u001b[2m).toHaveStyle()\u001b[22m\n\n\u001b[32m- Expected\u001b[39m\n\n\u001b[32m- background-color: white;\u001b[39m"
              }
            }
          ],
          "failureMessages": [
            "Error: \u001b[2mexpect(\u001b[22m\u001b[31melement\u001b[39m\u001b[2m).toHaveStyle()\u001b[22m\n\n\u001b[32m- Expected\u001b[39m\n\n\u001b[32m- background-color: white;\u001b[39m\n    at Object.toHaveStyle (/Users/vishvam.sundararajan/Desktop/Projects/design-to-code/test-app/src/components/Header/Header.spec.js:44:35)\n    at Promise.then.completed (/Users/vishvam.sundararajan/Desktop/Projects/design-to-code/test-app/node_modules/jest-circus/build/utils.js:298:28)\n    at new Promise (<anonymous>)\n    at callAsyncCircusFn (/Users/vishvam.sundararajan/Desktop/Projects/design-to-code/test-app/node_modules/jest-circus/build/utils.js:231:10)\n    at _callCircusTest (/Users/vishvam.sundararajan/Desktop/Projects/design-to-code/test-app/node_modules/jest-circus/build/run.js:316:40)\n    at processTicksAndRejections (node:internal/process/task_queues:95:5)\n    at _runTest (/Users/vishvam.sundararajan/Desktop/Projects/design-to-code/test-app/node_modules/jest-circus/build/run.js:252:3)\n    at _runTestsForDescribeBlock (/Users/vishvam.sundararajan/Desktop/Projects/design-to-code/test-app/node_modules/jest-circus/build/run.js:126:9)\n    at _runTestsForDescribeBlock (/Users/vishvam.sundararajan/Desktop/Projects/design-to-code/test-app/node_modules/jest-circus/build/run.js:121:9)\n    at run (/Users/vishvam.sundararajan/Desktop/Projects/design-to-code/test-app/node_modules/jest-circus/build/run.js:71:3)\n    at runAndTransformResultsToJestFormat (/Users/vishvam.sundararajan/Desktop/Projects/design-to-code/test-app/node_modules/jest-circus/build/legacy-code-todo-rewrite/jestAdapterInit.js:122:21)\n    at jestAdapter (/Users/vishvam.sundararajan/Desktop/Projects/design-to-code/test-app/node_modules/jest-circus/build/legacy-code-todo-rewrite/jestAdapter.js:79:19)\n    at runTestInternal (/Users/vishvam.sundararajan/Desktop/Projects/design-to-code/test-app/node_modules/jest-runner/build/runTest.js:367:16)\n    at runTest (/Users/vishvam.sundararajan/Desktop/Projects/design-to-code/test-app/node_modules/jest-runner/build/runTest.js:444:34)"
          ],
          "fullName": "Header component has correct colors",
          "invocations": 1,
          "location": null,
          "numPassingAsserts": 0,
          "retryReasons": [],
          "status": "failed",
          "title": "has correct colors"
        },
        {
          "ancestorTitles": ["Header component"],
          "duration": 2,
          "failureDetails": [
            {
              "matcherResult": {
                "pass": false,
                "message": "\u001b[2mexpect(\u001b[22m\u001b[31melement\u001b[39m\u001b[2m).toHaveStyle()\u001b[22m\n\n\u001b[32m- Expected\u001b[39m\n\n\u001b[32m- padding: 10px;\u001b[39m"
              }
            }
          ],
          "failureMessages": [
            "Error: \u001b[2mexpect(\u001b[22m\u001b[31melement\u001b[39m\u001b[2m).toHaveStyle()\u001b[22m\n\n\u001b[32m- Expected\u001b[39m\n\n\u001b[32m- padding: 10px;\u001b[39m\n    at Object.toHaveStyle (/Users/vishvam.sundararajan/Desktop/Projects/design-to-code/test-app/src/components/Header/Header.spec.js:50:35)\n    at Promise.then.completed (/Users/vishvam.sundararajan/Desktop/Projects/design-to-code/test-app/node_modules/jest-circus/build/utils.js:298:28)\n    at new Promise (<anonymous>)\n    at callAsyncCircusFn (/Users/vishvam.sundararajan/Desktop/Projects/design-to-code/test-app/node_modules/jest-circus/build/utils.js:231:10)\n    at _callCircusTest (/Users/vishvam.sundararajan/Desktop/Projects/design-to-code/test-app/node_modules/jest-circus/build/run.js:316:40)\n    at processTicksAndRejections (node:internal/process/task_queues:95:5)\n    at _runTest (/Users/vishvam.sundararajan/Desktop/Projects/design-to-code/test-app/node_modules/jest-circus/build/run.js:252:3)\n    at _runTestsForDescribeBlock (/Users/vishvam.sundararajan/Desktop/Projects/design-to-code/test-app/node_modules/jest-circus/build/run.js:126:9)\n    at _runTestsForDescribeBlock (/Users/vishvam.sundararajan/Desktop/Projects/design-to-code/test-app/node_modules/jest-circus/build/run.js:121:9)\n    at run (/Users/vishvam.sundararajan/Desktop/Projects/design-to-code/test-app/node_modules/jest-circus/build/run.js:71:3)\n    at runAndTransformResultsToJestFormat (/Users/vishvam.sundararajan/Desktop/Projects/design-to-code/test-app/node_modules/jest-circus/build/legacy-code-todo-rewrite/jestAdapterInit.js:122:21)\n    at jestAdapter (/Users/vishvam.sundararajan/Desktop/Projects/design-to-code/test-app/node_modules/jest-circus/build/legacy-code-todo-rewrite/jestAdapter.js:79:19)\n    at runTestInternal (/Users/vishvam.sundararajan/Desktop/Projects/design-to-code/test-app/node_modules/jest-runner/build/runTest.js:367:16)\n    at runTest (/Users/vishvam.sundararajan/Desktop/Projects/design-to-code/test-app/node_modules/jest-runner/build/runTest.js:444:34)"
          ],
          "fullName": "Header component has correct spacing",
          "invocations": 1,
          "location": null,
          "numPassingAsserts": 0,
          "retryReasons": [],
          "status": "failed",
          "title": "has correct spacing"
        }
      ],
      "endTime": 1730793722510,
      "message": "\u001b[1m\u001b[31m  \u001b[1m● \u001b[22m\u001b[1mHeader component › has horizontal layout\u001b[39m\u001b[22m\n\n    \u001b[2mexpect(\u001b[22m\u001b[31melement\u001b[39m\u001b[2m).toHaveStyle()\u001b[22m\n\n    \u001b[32m- Expected\u001b[39m\n\n    \u001b[32m- display: flex;\u001b[39m\n    \u001b[32m- justify-content: space-between;\u001b[39m\n    \u001b[31m+ display: block;\u001b[39m\n\u001b[2m\u001b[22m\n\u001b[2m    \u001b[0m \u001b[90m 11 |\u001b[39m   it(\u001b[32m'has horizontal layout'\u001b[39m\u001b[33m,\u001b[39m () \u001b[33m=>\u001b[39m {\u001b[22m\n\u001b[2m     \u001b[90m 12 |\u001b[39m     \u001b[36mconst\u001b[39m { getByTestId } \u001b[33m=\u001b[39m render(\u001b[33m<\u001b[39m\u001b[33mHeader\u001b[39m \u001b[33m/\u001b[39m\u001b[33m>\u001b[39m)\u001b[33m;\u001b[39m\u001b[22m\n\u001b[2m    \u001b[31m\u001b[1m>\u001b[22m\u001b[2m\u001b[39m\u001b[90m 13 |\u001b[39m     expect(getByTestId(\u001b[32m'header'\u001b[39m))\u001b[33m.\u001b[39mtoHaveStyle({ display\u001b[33m:\u001b[39m \u001b[32m'flex'\u001b[39m\u001b[33m,\u001b[39m \u001b[32m'justify-content'\u001b[39m\u001b[33m:\u001b[39m \u001b[32m'space-between'\u001b[39m })\u001b[33m;\u001b[39m\u001b[22m\n\u001b[2m     \u001b[90m    |\u001b[39m                                   \u001b[31m\u001b[1m^\u001b[22m\u001b[2m\u001b[39m\u001b[22m\n\u001b[2m     \u001b[90m 14 |\u001b[39m   })\u001b[33m;\u001b[39m\u001b[22m\n\u001b[2m     \u001b[90m 15 |\u001b[39m\u001b[22m\n\u001b[2m     \u001b[90m 16 |\u001b[39m   it(\u001b[32m'has logo on the left'\u001b[39m\u001b[33m,\u001b[39m () \u001b[33m=>\u001b[39m {\u001b[0m\u001b[22m\n\u001b[2m\u001b[22m\n\u001b[2m      \u001b[2mat Object.toHaveStyle (\u001b[22m\u001b[2m\u001b[0m\u001b[36msrc/components/Header/Header.spec.js\u001b[39m\u001b[0m\u001b[2m:13:35)\u001b[22m\u001b[2m\u001b[22m\n\n\u001b[1m\u001b[31m  \u001b[1m● \u001b[22m\u001b[1mHeader component › has logo on the left\u001b[39m\u001b[22m\n\n    \u001b[2mexpect(\u001b[22m\u001b[31melement\u001b[39m\u001b[2m).toHaveStyle()\u001b[22m\n\n    \u001b[32m- Expected\u001b[39m\n\n    \u001b[32m- flex: 1;\u001b[39m\n\u001b[2m\u001b[22m\n\u001b[2m    \u001b[0m \u001b[90m 16 |\u001b[39m   it(\u001b[32m'has logo on the left'\u001b[39m\u001b[33m,\u001b[39m () \u001b[33m=>\u001b[39m {\u001b[22m\n\u001b[2m     \u001b[90m 17 |\u001b[39m     \u001b[36mconst\u001b[39m { getByTestId } \u001b[33m=\u001b[39m render(\u001b[33m<\u001b[39m\u001b[33mHeader\u001b[39m \u001b[33m/\u001b[39m\u001b[33m>\u001b[39m)\u001b[33m;\u001b[39m\u001b[22m\n\u001b[2m    \u001b[31m\u001b[1m>\u001b[22m\u001b[2m\u001b[39m\u001b[90m 18 |\u001b[39m     expect(getByTestId(\u001b[32m'logo'\u001b[39m))\u001b[33m.\u001b[39mtoHaveStyle({ \u001b[32m'flex'\u001b[39m\u001b[33m:\u001b[39m \u001b[32m'1'\u001b[39m })\u001b[33m;\u001b[39m\u001b[22m\n\u001b[2m     \u001b[90m    |\u001b[39m                                 \u001b[31m\u001b[1m^\u001b[22m\u001b[2m\u001b[39m\u001b[22m\n\u001b[2m     \u001b[90m 19 |\u001b[39m   })\u001b[33m;\u001b[39m\u001b[22m\n\u001b[2m     \u001b[90m 20 |\u001b[39m\u001b[22m\n\u001b[2m     \u001b[90m 21 |\u001b[39m   it(\u001b[32m'has delivery information next to the logo'\u001b[39m\u001b[33m,\u001b[39m () \u001b[33m=>\u001b[39m {\u001b[0m\u001b[22m\n\u001b[2m\u001b[22m\n\u001b[2m      \u001b[2mat Object.toHaveStyle (\u001b[22m\u001b[2m\u001b[0m\u001b[36msrc/components/Header/Header.spec.js\u001b[39m\u001b[0m\u001b[2m:18:33)\u001b[22m\u001b[2m\u001b[22m\n\n\u001b[1m\u001b[31m  \u001b[1m● \u001b[22m\u001b[1mHeader component › has delivery information next to the logo\u001b[39m\u001b[22m\n\n    \u001b[2mexpect(\u001b[22m\u001b[31melement\u001b[39m\u001b[2m).toHaveStyle()\u001b[22m\n\n    \u001b[32m- Expected\u001b[39m\n\n    \u001b[32m- flex: 1;\u001b[39m\n\u001b[2m\u001b[22m\n\u001b[2m    \u001b[0m \u001b[90m 21 |\u001b[39m   it(\u001b[32m'has delivery information next to the logo'\u001b[39m\u001b[33m,\u001b[39m () \u001b[33m=>\u001b[39m {\u001b[22m\n\u001b[2m     \u001b[90m 22 |\u001b[39m     \u001b[36mconst\u001b[39m { getByTestId } \u001b[33m=\u001b[39m render(\u001b[33m<\u001b[39m\u001b[33mHeader\u001b[39m \u001b[33m/\u001b[39m\u001b[33m>\u001b[39m)\u001b[33m;\u001b[39m\u001b[22m\n\u001b[2m    \u001b[31m\u001b[1m>\u001b[22m\u001b[2m\u001b[39m\u001b[90m 23 |\u001b[39m     expect(getByTestId(\u001b[32m'delivery-info'\u001b[39m))\u001b[33m.\u001b[39mtoHaveStyle({ \u001b[32m'flex'\u001b[39m\u001b[33m:\u001b[39m \u001b[32m'1'\u001b[39m })\u001b[33m;\u001b[39m\u001b[22m\n\u001b[2m     \u001b[90m    |\u001b[39m                                          \u001b[31m\u001b[1m^\u001b[22m\u001b[2m\u001b[39m\u001b[22m\n\u001b[2m     \u001b[90m 24 |\u001b[39m   })\u001b[33m;\u001b[39m\u001b[22m\n\u001b[2m     \u001b[90m 25 |\u001b[39m\u001b[22m\n\u001b[2m     \u001b[90m 26 |\u001b[39m   it(\u001b[32m'has search bar centered'\u001b[39m\u001b[33m,\u001b[39m () \u001b[33m=>\u001b[39m {\u001b[0m\u001b[22m\n\u001b[2m\u001b[22m\n\u001b[2m      \u001b[2mat Object.toHaveStyle (\u001b[22m\u001b[2m\u001b[0m\u001b[36msrc/components/Header/Header.spec.js\u001b[39m\u001b[0m\u001b[2m:23:42)\u001b[22m\u001b[2m\u001b[22m\n\n\u001b[1m\u001b[31m  \u001b[1m● \u001b[22m\u001b[1mHeader component › has search bar centered\u001b[39m\u001b[22m\n\n    \u001b[2mexpect(\u001b[22m\u001b[31melement\u001b[39m\u001b[2m).toHaveStyle()\u001b[22m\n\n    \u001b[32m- Expected\u001b[39m\n\n    \u001b[32m- flex: 2;\u001b[39m\n\u001b[2m\u001b[22m\n\u001b[2m    \u001b[0m \u001b[90m 26 |\u001b[39m   it(\u001b[32m'has search bar centered'\u001b[39m\u001b[33m,\u001b[39m () \u001b[33m=>\u001b[39m {\u001b[22m\n\u001b[2m     \u001b[90m 27 |\u001b[39m     \u001b[36mconst\u001b[39m { getByTestId } \u001b[33m=\u001b[39m render(\u001b[33m<\u001b[39m\u001b[33mHeader\u001b[39m \u001b[33m/\u001b[39m\u001b[33m>\u001b[39m)\u001b[33m;\u001b[39m\u001b[22m\n\u001b[2m    \u001b[31m\u001b[1m>\u001b[22m\u001b[2m\u001b[39m\u001b[90m 28 |\u001b[39m     expect(getByTestId(\u001b[32m'search-bar'\u001b[39m))\u001b[33m.\u001b[39mtoHaveStyle({ \u001b[32m'flex'\u001b[39m\u001b[33m:\u001b[39m \u001b[32m'2'\u001b[39m })\u001b[33m;\u001b[39m\u001b[22m\n\u001b[2m     \u001b[90m    |\u001b[39m                                       \u001b[31m\u001b[1m^\u001b[22m\u001b[2m\u001b[39m\u001b[22m\n\u001b[2m     \u001b[90m 29 |\u001b[39m   })\u001b[33m;\u001b[39m\u001b[22m\n\u001b[2m     \u001b[90m 30 |\u001b[39m\u001b[22m\n\u001b[2m     \u001b[90m 31 |\u001b[39m   it(\u001b[32m'has language selection, account details, orders, and cart on the right'\u001b[39m\u001b[33m,\u001b[39m () \u001b[33m=>\u001b[39m {\u001b[0m\u001b[22m\n\u001b[2m\u001b[22m\n\u001b[2m      \u001b[2mat Object.toHaveStyle (\u001b[22m\u001b[2m\u001b[0m\u001b[36msrc/components/Header/Header.spec.js\u001b[39m\u001b[0m\u001b[2m:28:39)\u001b[22m\u001b[2m\u001b[22m\n\n\u001b[1m\u001b[31m  \u001b[1m● \u001b[22m\u001b[1mHeader component › has language selection, account details, orders, and cart on the right\u001b[39m\u001b[22m\n\n    \u001b[2mexpect(\u001b[22m\u001b[31melement\u001b[39m\u001b[2m).toHaveStyle()\u001b[22m\n\n    \u001b[32m- Expected\u001b[39m\n\n    \u001b[32m- flex: 2;\u001b[39m\n    \u001b[32m- gap: 10px;\u001b[39m\n    \u001b[32m- justify-content: flex-end;\u001b[39m\n\u001b[2m\u001b[22m\n\u001b[2m    \u001b[0m \u001b[90m 31 |\u001b[39m   it(\u001b[32m'has language selection, account details, orders, and cart on the right'\u001b[39m\u001b[33m,\u001b[39m () \u001b[33m=>\u001b[39m {\u001b[22m\n\u001b[2m     \u001b[90m 32 |\u001b[39m     \u001b[36mconst\u001b[39m { getByTestId } \u001b[33m=\u001b[39m render(\u001b[33m<\u001b[39m\u001b[33mHeader\u001b[39m \u001b[33m/\u001b[39m\u001b[33m>\u001b[39m)\u001b[33m;\u001b[39m\u001b[22m\n\u001b[2m    \u001b[31m\u001b[1m>\u001b[22m\u001b[2m\u001b[39m\u001b[90m 33 |\u001b[39m     expect(getByTestId(\u001b[32m'right-section'\u001b[39m))\u001b[33m.\u001b[39mtoHaveStyle({ \u001b[32m'flex'\u001b[39m\u001b[33m:\u001b[39m \u001b[32m'2'\u001b[39m\u001b[33m,\u001b[39m \u001b[32m'justify-content'\u001b[39m\u001b[33m:\u001b[39m \u001b[32m'flex-end'\u001b[39m\u001b[33m,\u001b[39m \u001b[32m'gap'\u001b[39m\u001b[33m:\u001b[39m \u001b[32m'10px'\u001b[39m })\u001b[33m;\u001b[39m\u001b[22m\n\u001b[2m     \u001b[90m    |\u001b[39m                                          \u001b[31m\u001b[1m^\u001b[22m\u001b[2m\u001b[39m\u001b[22m\n\u001b[2m     \u001b[90m 34 |\u001b[39m   })\u001b[33m;\u001b[39m\u001b[22m\n\u001b[2m     \u001b[90m 35 |\u001b[39m\u001b[22m\n\u001b[2m     \u001b[90m 36 |\u001b[39m   it(\u001b[32m'has correct typography'\u001b[39m\u001b[33m,\u001b[39m () \u001b[33m=>\u001b[39m {\u001b[0m\u001b[22m\n\u001b[2m\u001b[22m\n\u001b[2m      \u001b[2mat Object.toHaveStyle (\u001b[22m\u001b[2m\u001b[0m\u001b[36msrc/components/Header/Header.spec.js\u001b[39m\u001b[0m\u001b[2m:33:42)\u001b[22m\u001b[2m\u001b[22m\n\n\u001b[1m\u001b[31m  \u001b[1m● \u001b[22m\u001b[1mHeader component › has correct typography\u001b[39m\u001b[22m\n\n    \u001b[2mexpect(\u001b[22m\u001b[31melement\u001b[39m\u001b[2m).toHaveStyle()\u001b[22m\n\n    \u001b[32m- Expected\u001b[39m\n\n    \u001b[32m- font-size: large;\u001b[39m\n    \u001b[32m- font-weight: bold;\u001b[39m\n\u001b[2m\u001b[22m\n\u001b[2m    \u001b[0m \u001b[90m 36 |\u001b[39m   it(\u001b[32m'has correct typography'\u001b[39m\u001b[33m,\u001b[39m () \u001b[33m=>\u001b[39m {\u001b[22m\n\u001b[2m     \u001b[90m 37 |\u001b[39m     \u001b[36mconst\u001b[39m { getByTestId } \u001b[33m=\u001b[39m render(\u001b[33m<\u001b[39m\u001b[33mHeader\u001b[39m \u001b[33m/\u001b[39m\u001b[33m>\u001b[39m)\u001b[33m;\u001b[39m\u001b[22m\n\u001b[2m    \u001b[31m\u001b[1m>\u001b[22m\u001b[2m\u001b[39m\u001b[90m 38 |\u001b[39m     expect(getByTestId(\u001b[32m'logo'\u001b[39m))\u001b[33m.\u001b[39mtoHaveStyle({ \u001b[32m'font-size'\u001b[39m\u001b[33m:\u001b[39m \u001b[32m'large'\u001b[39m\u001b[33m,\u001b[39m \u001b[32m'font-weight'\u001b[39m\u001b[33m:\u001b[39m \u001b[32m'bold'\u001b[39m })\u001b[33m;\u001b[39m\u001b[22m\n\u001b[2m     \u001b[90m    |\u001b[39m                                 \u001b[31m\u001b[1m^\u001b[22m\u001b[2m\u001b[39m\u001b[22m\n\u001b[2m     \u001b[90m 39 |\u001b[39m     expect(getByTestId(\u001b[32m'delivery-info'\u001b[39m))\u001b[33m.\u001b[39mtoHaveStyle({ \u001b[32m'font-size'\u001b[39m\u001b[33m:\u001b[39m \u001b[32m'medium'\u001b[39m\u001b[33m,\u001b[39m \u001b[32m'font-weight'\u001b[39m\u001b[33m:\u001b[39m \u001b[32m'regular'\u001b[39m })\u001b[33m;\u001b[39m\u001b[22m\n\u001b[2m     \u001b[90m 40 |\u001b[39m   })\u001b[33m;\u001b[39m\u001b[22m\n\u001b[2m     \u001b[90m 41 |\u001b[39m\u001b[0m\u001b[22m\n\u001b[2m\u001b[22m\n\u001b[2m      \u001b[2mat Object.toHaveStyle (\u001b[22m\u001b[2m\u001b[0m\u001b[36msrc/components/Header/Header.spec.js\u001b[39m\u001b[0m\u001b[2m:38:33)\u001b[22m\u001b[2m\u001b[22m\n\n\u001b[1m\u001b[31m  \u001b[1m● \u001b[22m\u001b[1mHeader component › has correct colors\u001b[39m\u001b[22m\n\n    \u001b[2mexpect(\u001b[22m\u001b[31melement\u001b[39m\u001b[2m).toHaveStyle()\u001b[22m\n\n    \u001b[32m- Expected\u001b[39m\n\n    \u001b[32m- background-color: white;\u001b[39m\n\u001b[2m\u001b[22m\n\u001b[2m    \u001b[0m \u001b[90m 42 |\u001b[39m   it(\u001b[32m'has correct colors'\u001b[39m\u001b[33m,\u001b[39m () \u001b[33m=>\u001b[39m {\u001b[22m\n\u001b[2m     \u001b[90m 43 |\u001b[39m     \u001b[36mconst\u001b[39m { getByTestId } \u001b[33m=\u001b[39m render(\u001b[33m<\u001b[39m\u001b[33mHeader\u001b[39m \u001b[33m/\u001b[39m\u001b[33m>\u001b[39m)\u001b[33m;\u001b[39m\u001b[22m\n\u001b[2m    \u001b[31m\u001b[1m>\u001b[22m\u001b[2m\u001b[39m\u001b[90m 44 |\u001b[39m     expect(getByTestId(\u001b[32m'header'\u001b[39m))\u001b[33m.\u001b[39mtoHaveStyle({ \u001b[32m'background-color'\u001b[39m\u001b[33m:\u001b[39m \u001b[32m'white'\u001b[39m })\u001b[33m;\u001b[39m\u001b[22m\n\u001b[2m     \u001b[90m    |\u001b[39m                                   \u001b[31m\u001b[1m^\u001b[22m\u001b[2m\u001b[39m\u001b[22m\n\u001b[2m     \u001b[90m 45 |\u001b[39m     expect(getByTestId(\u001b[32m'logo'\u001b[39m))\u001b[33m.\u001b[39mtoHaveStyle({ \u001b[32m'color'\u001b[39m\u001b[33m:\u001b[39m \u001b[32m'black'\u001b[39m })\u001b[33m;\u001b[39m\u001b[22m\n\u001b[2m     \u001b[90m 46 |\u001b[39m   })\u001b[33m;\u001b[39m\u001b[22m\n\u001b[2m     \u001b[90m 47 |\u001b[39m\u001b[0m\u001b[22m\n\u001b[2m\u001b[22m\n\u001b[2m      \u001b[2mat Object.toHaveStyle (\u001b[22m\u001b[2m\u001b[0m\u001b[36msrc/components/Header/Header.spec.js\u001b[39m\u001b[0m\u001b[2m:44:35)\u001b[22m\u001b[2m\u001b[22m\n\n\u001b[1m\u001b[31m  \u001b[1m● \u001b[22m\u001b[1mHeader component › has correct spacing\u001b[39m\u001b[22m\n\n    \u001b[2mexpect(\u001b[22m\u001b[31melement\u001b[39m\u001b[2m).toHaveStyle()\u001b[22m\n\n    \u001b[32m- Expected\u001b[39m\n\n    \u001b[32m- padding: 10px;\u001b[39m\n\u001b[2m\u001b[22m\n\u001b[2m    \u001b[0m \u001b[90m 48 |\u001b[39m   it(\u001b[32m'has correct spacing'\u001b[39m\u001b[33m,\u001b[39m () \u001b[33m=>\u001b[39m {\u001b[22m\n\u001b[2m     \u001b[90m 49 |\u001b[39m     \u001b[36mconst\u001b[39m { getByTestId } \u001b[33m=\u001b[39m render(\u001b[33m<\u001b[39m\u001b[33mHeader\u001b[39m \u001b[33m/\u001b[39m\u001b[33m>\u001b[39m)\u001b[33m;\u001b[39m\u001b[22m\n\u001b[2m    \u001b[31m\u001b[1m>\u001b[22m\u001b[2m\u001b[39m\u001b[90m 50 |\u001b[39m     expect(getByTestId(\u001b[32m'header'\u001b[39m))\u001b[33m.\u001b[39mtoHaveStyle({ \u001b[32m'padding'\u001b[39m\u001b[33m:\u001b[39m \u001b[32m'10px'\u001b[39m })\u001b[33m;\u001b[39m\u001b[22m\n\u001b[2m     \u001b[90m    |\u001b[39m                                   \u001b[31m\u001b[1m^\u001b[22m\u001b[2m\u001b[39m\u001b[22m\n\u001b[2m     \u001b[90m 51 |\u001b[39m     expect(getByTestId(\u001b[32m'right-section'\u001b[39m))\u001b[33m.\u001b[39mtoHaveStyle({ \u001b[32m'gap'\u001b[39m\u001b[33m:\u001b[39m \u001b[32m'10px'\u001b[39m })\u001b[33m;\u001b[39m\u001b[22m\n\u001b[2m     \u001b[90m 52 |\u001b[39m   })\u001b[33m;\u001b[39m\u001b[22m\n\u001b[2m     \u001b[90m 53 |\u001b[39m })\u001b[33m;\u001b[39m\u001b[0m\u001b[22m\n\u001b[2m\u001b[22m\n\u001b[2m      \u001b[2mat Object.toHaveStyle (\u001b[22m\u001b[2m\u001b[0m\u001b[36msrc/components/Header/Header.spec.js\u001b[39m\u001b[0m\u001b[2m:50:35)\u001b[22m\u001b[2m\u001b[22m\n",
      "name": "/Users/vishvam.sundararajan/Desktop/Projects/design-to-code/test-app/src/components/Header/Header.spec.js",
      "startTime": 1730793722137,
      "status": "failed",
      "summary": ""
    },
    {
      "assertionResults": [
        {
          "ancestorTitles": ["ContentSection component"],
          "duration": 16,
          "failureDetails": [{}],
          "failureMessages": [
            "Error: Element type is invalid: expected a string (for built-in components) or a class/function (for composite components) but got: undefined. You likely forgot to export your component from the file it's defined in, or you might have mixed up default and named imports.\n    at createFiberFromTypeAndProps (/Users/vishvam.sundararajan/Desktop/Projects/design-to-code/test-app/node_modules/react-dom/cjs/react-dom.development.js:28478:17)\n    at createFiberFromElement (/Users/vishvam.sundararajan/Desktop/Projects/design-to-code/test-app/node_modules/react-dom/cjs/react-dom.development.js:28504:15)\n    at reconcileSingleElement (/Users/vishvam.sundararajan/Desktop/Projects/design-to-code/test-app/node_modules/react-dom/cjs/react-dom.development.js:13986:23)\n    at reconcileChildFibers (/Users/vishvam.sundararajan/Desktop/Projects/design-to-code/test-app/node_modules/react-dom/cjs/react-dom.development.js:14044:35)\n    at reconcileChildren (/Users/vishvam.sundararajan/Desktop/Projects/design-to-code/test-app/node_modules/react-dom/cjs/react-dom.development.js:19193:28)\n    at updateHostRoot (/Users/vishvam.sundararajan/Desktop/Projects/design-to-code/test-app/node_modules/react-dom/cjs/react-dom.development.js:19912:5)\n    at beginWork (/Users/vishvam.sundararajan/Desktop/Projects/design-to-code/test-app/node_modules/react-dom/cjs/react-dom.development.js:21654:14)\n    at beginWork$1 (/Users/vishvam.sundararajan/Desktop/Projects/design-to-code/test-app/node_modules/react-dom/cjs/react-dom.development.js:27465:14)\n    at performUnitOfWork (/Users/vishvam.sundararajan/Desktop/Projects/design-to-code/test-app/node_modules/react-dom/cjs/react-dom.development.js:26599:12)\n    at workLoopSync (/Users/vishvam.sundararajan/Desktop/Projects/design-to-code/test-app/node_modules/react-dom/cjs/react-dom.development.js:26505:5)\n    at renderRootSync (/Users/vishvam.sundararajan/Desktop/Projects/design-to-code/test-app/node_modules/react-dom/cjs/react-dom.development.js:26473:7)\n    at performConcurrentWorkOnRoot (/Users/vishvam.sundararajan/Desktop/Projects/design-to-code/test-app/node_modules/react-dom/cjs/react-dom.development.js:25777:74)\n    at flushActQueue (/Users/vishvam.sundararajan/Desktop/Projects/design-to-code/test-app/node_modules/react/cjs/react.development.js:2667:24)\n    at act (/Users/vishvam.sundararajan/Desktop/Projects/design-to-code/test-app/node_modules/react/cjs/react.development.js:2582:11)\n    at /Users/vishvam.sundararajan/Desktop/Projects/design-to-code/test-app/node_modules/@testing-library/react/dist/act-compat.js:47:25\n    at renderRoot (/Users/vishvam.sundararajan/Desktop/Projects/design-to-code/test-app/node_modules/@testing-library/react/dist/pure.js:180:26)\n    at render (/Users/vishvam.sundararajan/Desktop/Projects/design-to-code/test-app/node_modules/@testing-library/react/dist/pure.js:271:10)\n    at Object.<anonymous> (/Users/vishvam.sundararajan/Desktop/Projects/design-to-code/test-app/src/components/ContentSection/ContentSection.spec.js:7:35)\n    at Promise.then.completed (/Users/vishvam.sundararajan/Desktop/Projects/design-to-code/test-app/node_modules/jest-circus/build/utils.js:298:28)\n    at new Promise (<anonymous>)\n    at callAsyncCircusFn (/Users/vishvam.sundararajan/Desktop/Projects/design-to-code/test-app/node_modules/jest-circus/build/utils.js:231:10)\n    at _callCircusTest (/Users/vishvam.sundararajan/Desktop/Projects/design-to-code/test-app/node_modules/jest-circus/build/run.js:316:40)\n    at _runTest (/Users/vishvam.sundararajan/Desktop/Projects/design-to-code/test-app/node_modules/jest-circus/build/run.js:252:3)\n    at _runTestsForDescribeBlock (/Users/vishvam.sundararajan/Desktop/Projects/design-to-code/test-app/node_modules/jest-circus/build/run.js:126:9)\n    at _runTestsForDescribeBlock (/Users/vishvam.sundararajan/Desktop/Projects/design-to-code/test-app/node_modules/jest-circus/build/run.js:121:9)\n    at run (/Users/vishvam.sundararajan/Desktop/Projects/design-to-code/test-app/node_modules/jest-circus/build/run.js:71:3)\n    at runAndTransformResultsToJestFormat (/Users/vishvam.sundararajan/Desktop/Projects/design-to-code/test-app/node_modules/jest-circus/build/legacy-code-todo-rewrite/jestAdapterInit.js:122:21)\n    at jestAdapter (/Users/vishvam.sundararajan/Desktop/Projects/design-to-code/test-app/node_modules/jest-circus/build/legacy-code-todo-rewrite/jestAdapter.js:79:19)\n    at runTestInternal (/Users/vishvam.sundararajan/Desktop/Projects/design-to-code/test-app/node_modules/jest-runner/build/runTest.js:367:16)\n    at runTest (/Users/vishvam.sundararajan/Desktop/Projects/design-to-code/test-app/node_modules/jest-runner/build/runTest.js:444:34)"
          ],
          "fullName": "ContentSection component renders correctly",
          "invocations": 1,
          "location": null,
          "numPassingAsserts": 0,
          "retryReasons": [],
          "status": "failed",
          "title": "renders correctly"
        },
        {
          "ancestorTitles": ["ContentSection component"],
          "duration": 2,
          "failureDetails": [{}],
          "failureMessages": [
            "Error: Element type is invalid: expected a string (for built-in components) or a class/function (for composite components) but got: undefined. You likely forgot to export your component from the file it's defined in, or you might have mixed up default and named imports.\n    at createFiberFromTypeAndProps (/Users/vishvam.sundararajan/Desktop/Projects/design-to-code/test-app/node_modules/react-dom/cjs/react-dom.development.js:28478:17)\n    at createFiberFromElement (/Users/vishvam.sundararajan/Desktop/Projects/design-to-code/test-app/node_modules/react-dom/cjs/react-dom.development.js:28504:15)\n    at reconcileSingleElement (/Users/vishvam.sundararajan/Desktop/Projects/design-to-code/test-app/node_modules/react-dom/cjs/react-dom.development.js:13986:23)\n    at reconcileChildFibers (/Users/vishvam.sundararajan/Desktop/Projects/design-to-code/test-app/node_modules/react-dom/cjs/react-dom.development.js:14044:35)\n    at reconcileChildren (/Users/vishvam.sundararajan/Desktop/Projects/design-to-code/test-app/node_modules/react-dom/cjs/react-dom.development.js:19193:28)\n    at updateHostRoot (/Users/vishvam.sundararajan/Desktop/Projects/design-to-code/test-app/node_modules/react-dom/cjs/react-dom.development.js:19912:5)\n    at beginWork (/Users/vishvam.sundararajan/Desktop/Projects/design-to-code/test-app/node_modules/react-dom/cjs/react-dom.development.js:21654:14)\n    at beginWork$1 (/Users/vishvam.sundararajan/Desktop/Projects/design-to-code/test-app/node_modules/react-dom/cjs/react-dom.development.js:27465:14)\n    at performUnitOfWork (/Users/vishvam.sundararajan/Desktop/Projects/design-to-code/test-app/node_modules/react-dom/cjs/react-dom.development.js:26599:12)\n    at workLoopSync (/Users/vishvam.sundararajan/Desktop/Projects/design-to-code/test-app/node_modules/react-dom/cjs/react-dom.development.js:26505:5)\n    at renderRootSync (/Users/vishvam.sundararajan/Desktop/Projects/design-to-code/test-app/node_modules/react-dom/cjs/react-dom.development.js:26473:7)\n    at performConcurrentWorkOnRoot (/Users/vishvam.sundararajan/Desktop/Projects/design-to-code/test-app/node_modules/react-dom/cjs/react-dom.development.js:25777:74)\n    at flushActQueue (/Users/vishvam.sundararajan/Desktop/Projects/design-to-code/test-app/node_modules/react/cjs/react.development.js:2667:24)\n    at act (/Users/vishvam.sundararajan/Desktop/Projects/design-to-code/test-app/node_modules/react/cjs/react.development.js:2582:11)\n    at /Users/vishvam.sundararajan/Desktop/Projects/design-to-code/test-app/node_modules/@testing-library/react/dist/act-compat.js:47:25\n    at renderRoot (/Users/vishvam.sundararajan/Desktop/Projects/design-to-code/test-app/node_modules/@testing-library/react/dist/pure.js:180:26)\n    at render (/Users/vishvam.sundararajan/Desktop/Projects/design-to-code/test-app/node_modules/@testing-library/react/dist/pure.js:271:10)\n    at Object.<anonymous> (/Users/vishvam.sundararajan/Desktop/Projects/design-to-code/test-app/src/components/ContentSection/ContentSection.spec.js:12:36)\n    at Promise.then.completed (/Users/vishvam.sundararajan/Desktop/Projects/design-to-code/test-app/node_modules/jest-circus/build/utils.js:298:28)\n    at new Promise (<anonymous>)\n    at callAsyncCircusFn (/Users/vishvam.sundararajan/Desktop/Projects/design-to-code/test-app/node_modules/jest-circus/build/utils.js:231:10)\n    at _callCircusTest (/Users/vishvam.sundararajan/Desktop/Projects/design-to-code/test-app/node_modules/jest-circus/build/run.js:316:40)\n    at _runTest (/Users/vishvam.sundararajan/Desktop/Projects/design-to-code/test-app/node_modules/jest-circus/build/run.js:252:3)\n    at _runTestsForDescribeBlock (/Users/vishvam.sundararajan/Desktop/Projects/design-to-code/test-app/node_modules/jest-circus/build/run.js:126:9)\n    at _runTestsForDescribeBlock (/Users/vishvam.sundararajan/Desktop/Projects/design-to-code/test-app/node_modules/jest-circus/build/run.js:121:9)\n    at run (/Users/vishvam.sundararajan/Desktop/Projects/design-to-code/test-app/node_modules/jest-circus/build/run.js:71:3)\n    at runAndTransformResultsToJestFormat (/Users/vishvam.sundararajan/Desktop/Projects/design-to-code/test-app/node_modules/jest-circus/build/legacy-code-todo-rewrite/jestAdapterInit.js:122:21)\n    at jestAdapter (/Users/vishvam.sundararajan/Desktop/Projects/design-to-code/test-app/node_modules/jest-circus/build/legacy-code-todo-rewrite/jestAdapter.js:79:19)\n    at runTestInternal (/Users/vishvam.sundararajan/Desktop/Projects/design-to-code/test-app/node_modules/jest-runner/build/runTest.js:367:16)\n    at runTest (/Users/vishvam.sundararajan/Desktop/Projects/design-to-code/test-app/node_modules/jest-runner/build/runTest.js:444:34)"
          ],
          "fullName": "ContentSection component has 4 columns",
          "invocations": 1,
          "location": null,
          "numPassingAsserts": 0,
          "retryReasons": [],
          "status": "failed",
          "title": "has 4 columns"
        },
        {
          "ancestorTitles": ["ContentSection component"],
          "duration": 1,
          "failureDetails": [{}],
          "failureMessages": [
            "Error: Element type is invalid: expected a string (for built-in components) or a class/function (for composite components) but got: undefined. You likely forgot to export your component from the file it's defined in, or you might have mixed up default and named imports.\n    at createFiberFromTypeAndProps (/Users/vishvam.sundararajan/Desktop/Projects/design-to-code/test-app/node_modules/react-dom/cjs/react-dom.development.js:28478:17)\n    at createFiberFromElement (/Users/vishvam.sundararajan/Desktop/Projects/design-to-code/test-app/node_modules/react-dom/cjs/react-dom.development.js:28504:15)\n    at reconcileSingleElement (/Users/vishvam.sundararajan/Desktop/Projects/design-to-code/test-app/node_modules/react-dom/cjs/react-dom.development.js:13986:23)\n    at reconcileChildFibers (/Users/vishvam.sundararajan/Desktop/Projects/design-to-code/test-app/node_modules/react-dom/cjs/react-dom.development.js:14044:35)\n    at reconcileChildren (/Users/vishvam.sundararajan/Desktop/Projects/design-to-code/test-app/node_modules/react-dom/cjs/react-dom.development.js:19193:28)\n    at updateHostRoot (/Users/vishvam.sundararajan/Desktop/Projects/design-to-code/test-app/node_modules/react-dom/cjs/react-dom.development.js:19912:5)\n    at beginWork (/Users/vishvam.sundararajan/Desktop/Projects/design-to-code/test-app/node_modules/react-dom/cjs/react-dom.development.js:21654:14)\n    at beginWork$1 (/Users/vishvam.sundararajan/Desktop/Projects/design-to-code/test-app/node_modules/react-dom/cjs/react-dom.development.js:27465:14)\n    at performUnitOfWork (/Users/vishvam.sundararajan/Desktop/Projects/design-to-code/test-app/node_modules/react-dom/cjs/react-dom.development.js:26599:12)\n    at workLoopSync (/Users/vishvam.sundararajan/Desktop/Projects/design-to-code/test-app/node_modules/react-dom/cjs/react-dom.development.js:26505:5)\n    at renderRootSync (/Users/vishvam.sundararajan/Desktop/Projects/design-to-code/test-app/node_modules/react-dom/cjs/react-dom.development.js:26473:7)\n    at performConcurrentWorkOnRoot (/Users/vishvam.sundararajan/Desktop/Projects/design-to-code/test-app/node_modules/react-dom/cjs/react-dom.development.js:25777:74)\n    at flushActQueue (/Users/vishvam.sundararajan/Desktop/Projects/design-to-code/test-app/node_modules/react/cjs/react.development.js:2667:24)\n    at act (/Users/vishvam.sundararajan/Desktop/Projects/design-to-code/test-app/node_modules/react/cjs/react.development.js:2582:11)\n    at /Users/vishvam.sundararajan/Desktop/Projects/design-to-code/test-app/node_modules/@testing-library/react/dist/act-compat.js:47:25\n    at renderRoot (/Users/vishvam.sundararajan/Desktop/Projects/design-to-code/test-app/node_modules/@testing-library/react/dist/pure.js:180:26)\n    at render (/Users/vishvam.sundararajan/Desktop/Projects/design-to-code/test-app/node_modules/@testing-library/react/dist/pure.js:271:10)\n    at Object.<anonymous> (/Users/vishvam.sundararajan/Desktop/Projects/design-to-code/test-app/src/components/ContentSection/ContentSection.spec.js:17:36)\n    at Promise.then.completed (/Users/vishvam.sundararajan/Desktop/Projects/design-to-code/test-app/node_modules/jest-circus/build/utils.js:298:28)\n    at new Promise (<anonymous>)\n    at callAsyncCircusFn (/Users/vishvam.sundararajan/Desktop/Projects/design-to-code/test-app/node_modules/jest-circus/build/utils.js:231:10)\n    at _callCircusTest (/Users/vishvam.sundararajan/Desktop/Projects/design-to-code/test-app/node_modules/jest-circus/build/run.js:316:40)\n    at _runTest (/Users/vishvam.sundararajan/Desktop/Projects/design-to-code/test-app/node_modules/jest-circus/build/run.js:252:3)\n    at _runTestsForDescribeBlock (/Users/vishvam.sundararajan/Desktop/Projects/design-to-code/test-app/node_modules/jest-circus/build/run.js:126:9)\n    at _runTestsForDescribeBlock (/Users/vishvam.sundararajan/Desktop/Projects/design-to-code/test-app/node_modules/jest-circus/build/run.js:121:9)\n    at run (/Users/vishvam.sundararajan/Desktop/Projects/design-to-code/test-app/node_modules/jest-circus/build/run.js:71:3)\n    at runAndTransformResultsToJestFormat (/Users/vishvam.sundararajan/Desktop/Projects/design-to-code/test-app/node_modules/jest-circus/build/legacy-code-todo-rewrite/jestAdapterInit.js:122:21)\n    at jestAdapter (/Users/vishvam.sundararajan/Desktop/Projects/design-to-code/test-app/node_modules/jest-circus/build/legacy-code-todo-rewrite/jestAdapter.js:79:19)\n    at runTestInternal (/Users/vishvam.sundararajan/Desktop/Projects/design-to-code/test-app/node_modules/jest-runner/build/runTest.js:367:16)\n    at runTest (/Users/vishvam.sundararajan/Desktop/Projects/design-to-code/test-app/node_modules/jest-runner/build/runTest.js:444:34)"
          ],
          "fullName": "ContentSection component each column has a 2x2 grid structure",
          "invocations": 1,
          "location": null,
          "numPassingAsserts": 0,
          "retryReasons": [],
          "status": "failed",
          "title": "each column has a 2x2 grid structure"
        },
        {
          "ancestorTitles": ["ContentSection component"],
          "duration": 1,
          "failureDetails": [{}],
          "failureMessages": [
            "Error: Element type is invalid: expected a string (for built-in components) or a class/function (for composite components) but got: undefined. You likely forgot to export your component from the file it's defined in, or you might have mixed up default and named imports.\n    at createFiberFromTypeAndProps (/Users/vishvam.sundararajan/Desktop/Projects/design-to-code/test-app/node_modules/react-dom/cjs/react-dom.development.js:28478:17)\n    at createFiberFromElement (/Users/vishvam.sundararajan/Desktop/Projects/design-to-code/test-app/node_modules/react-dom/cjs/react-dom.development.js:28504:15)\n    at reconcileSingleElement (/Users/vishvam.sundararajan/Desktop/Projects/design-to-code/test-app/node_modules/react-dom/cjs/react-dom.development.js:13986:23)\n    at reconcileChildFibers (/Users/vishvam.sundararajan/Desktop/Projects/design-to-code/test-app/node_modules/react-dom/cjs/react-dom.development.js:14044:35)\n    at reconcileChildren (/Users/vishvam.sundararajan/Desktop/Projects/design-to-code/test-app/node_modules/react-dom/cjs/react-dom.development.js:19193:28)\n    at updateHostRoot (/Users/vishvam.sundararajan/Desktop/Projects/design-to-code/test-app/node_modules/react-dom/cjs/react-dom.development.js:19912:5)\n    at beginWork (/Users/vishvam.sundararajan/Desktop/Projects/design-to-code/test-app/node_modules/react-dom/cjs/react-dom.development.js:21654:14)\n    at beginWork$1 (/Users/vishvam.sundararajan/Desktop/Projects/design-to-code/test-app/node_modules/react-dom/cjs/react-dom.development.js:27465:14)\n    at performUnitOfWork (/Users/vishvam.sundararajan/Desktop/Projects/design-to-code/test-app/node_modules/react-dom/cjs/react-dom.development.js:26599:12)\n    at workLoopSync (/Users/vishvam.sundararajan/Desktop/Projects/design-to-code/test-app/node_modules/react-dom/cjs/react-dom.development.js:26505:5)\n    at renderRootSync (/Users/vishvam.sundararajan/Desktop/Projects/design-to-code/test-app/node_modules/react-dom/cjs/react-dom.development.js:26473:7)\n    at performConcurrentWorkOnRoot (/Users/vishvam.sundararajan/Desktop/Projects/design-to-code/test-app/node_modules/react-dom/cjs/react-dom.development.js:25777:74)\n    at flushActQueue (/Users/vishvam.sundararajan/Desktop/Projects/design-to-code/test-app/node_modules/react/cjs/react.development.js:2667:24)\n    at act (/Users/vishvam.sundararajan/Desktop/Projects/design-to-code/test-app/node_modules/react/cjs/react.development.js:2582:11)\n    at /Users/vishvam.sundararajan/Desktop/Projects/design-to-code/test-app/node_modules/@testing-library/react/dist/act-compat.js:47:25\n    at renderRoot (/Users/vishvam.sundararajan/Desktop/Projects/design-to-code/test-app/node_modules/@testing-library/react/dist/pure.js:180:26)\n    at render (/Users/vishvam.sundararajan/Desktop/Projects/design-to-code/test-app/node_modules/@testing-library/react/dist/pure.js:271:10)\n    at Object.<anonymous> (/Users/vishvam.sundararajan/Desktop/Projects/design-to-code/test-app/src/components/ContentSection/ContentSection.spec.js:28:36)\n    at Promise.then.completed (/Users/vishvam.sundararajan/Desktop/Projects/design-to-code/test-app/node_modules/jest-circus/build/utils.js:298:28)\n    at new Promise (<anonymous>)\n    at callAsyncCircusFn (/Users/vishvam.sundararajan/Desktop/Projects/design-to-code/test-app/node_modules/jest-circus/build/utils.js:231:10)\n    at _callCircusTest (/Users/vishvam.sundararajan/Desktop/Projects/design-to-code/test-app/node_modules/jest-circus/build/run.js:316:40)\n    at _runTest (/Users/vishvam.sundararajan/Desktop/Projects/design-to-code/test-app/node_modules/jest-circus/build/run.js:252:3)\n    at _runTestsForDescribeBlock (/Users/vishvam.sundararajan/Desktop/Projects/design-to-code/test-app/node_modules/jest-circus/build/run.js:126:9)\n    at _runTestsForDescribeBlock (/Users/vishvam.sundararajan/Desktop/Projects/design-to-code/test-app/node_modules/jest-circus/build/run.js:121:9)\n    at run (/Users/vishvam.sundararajan/Desktop/Projects/design-to-code/test-app/node_modules/jest-circus/build/run.js:71:3)\n    at runAndTransformResultsToJestFormat (/Users/vishvam.sundararajan/Desktop/Projects/design-to-code/test-app/node_modules/jest-circus/build/legacy-code-todo-rewrite/jestAdapterInit.js:122:21)\n    at jestAdapter (/Users/vishvam.sundararajan/Desktop/Projects/design-to-code/test-app/node_modules/jest-circus/build/legacy-code-todo-rewrite/jestAdapter.js:79:19)\n    at runTestInternal (/Users/vishvam.sundararajan/Desktop/Projects/design-to-code/test-app/node_modules/jest-runner/build/runTest.js:367:16)\n    at runTest (/Users/vishvam.sundararajan/Desktop/Projects/design-to-code/test-app/node_modules/jest-runner/build/runTest.js:444:34)"
          ],
          "fullName": "ContentSection component each grid item has correct spacing",
          "invocations": 1,
          "location": null,
          "numPassingAsserts": 0,
          "retryReasons": [],
          "status": "failed",
          "title": "each grid item has correct spacing"
        },
        {
          "ancestorTitles": ["ContentSection component"],
          "duration": 2,
          "failureDetails": [{}],
          "failureMessages": [
            "Error: Element type is invalid: expected a string (for built-in components) or a class/function (for composite components) but got: undefined. You likely forgot to export your component from the file it's defined in, or you might have mixed up default and named imports.\n    at createFiberFromTypeAndProps (/Users/vishvam.sundararajan/Desktop/Projects/design-to-code/test-app/node_modules/react-dom/cjs/react-dom.development.js:28478:17)\n    at createFiberFromElement (/Users/vishvam.sundararajan/Desktop/Projects/design-to-code/test-app/node_modules/react-dom/cjs/react-dom.development.js:28504:15)\n    at reconcileSingleElement (/Users/vishvam.sundararajan/Desktop/Projects/design-to-code/test-app/node_modules/react-dom/cjs/react-dom.development.js:13986:23)\n    at reconcileChildFibers (/Users/vishvam.sundararajan/Desktop/Projects/design-to-code/test-app/node_modules/react-dom/cjs/react-dom.development.js:14044:35)\n    at reconcileChildren (/Users/vishvam.sundararajan/Desktop/Projects/design-to-code/test-app/node_modules/react-dom/cjs/react-dom.development.js:19193:28)\n    at updateHostRoot (/Users/vishvam.sundararajan/Desktop/Projects/design-to-code/test-app/node_modules/react-dom/cjs/react-dom.development.js:19912:5)\n    at beginWork (/Users/vishvam.sundararajan/Desktop/Projects/design-to-code/test-app/node_modules/react-dom/cjs/react-dom.development.js:21654:14)\n    at beginWork$1 (/Users/vishvam.sundararajan/Desktop/Projects/design-to-code/test-app/node_modules/react-dom/cjs/react-dom.development.js:27465:14)\n    at performUnitOfWork (/Users/vishvam.sundararajan/Desktop/Projects/design-to-code/test-app/node_modules/react-dom/cjs/react-dom.development.js:26599:12)\n    at workLoopSync (/Users/vishvam.sundararajan/Desktop/Projects/design-to-code/test-app/node_modules/react-dom/cjs/react-dom.development.js:26505:5)\n    at renderRootSync (/Users/vishvam.sundararajan/Desktop/Projects/design-to-code/test-app/node_modules/react-dom/cjs/react-dom.development.js:26473:7)\n    at performConcurrentWorkOnRoot (/Users/vishvam.sundararajan/Desktop/Projects/design-to-code/test-app/node_modules/react-dom/cjs/react-dom.development.js:25777:74)\n    at flushActQueue (/Users/vishvam.sundararajan/Desktop/Projects/design-to-code/test-app/node_modules/react/cjs/react.development.js:2667:24)\n    at act (/Users/vishvam.sundararajan/Desktop/Projects/design-to-code/test-app/node_modules/react/cjs/react.development.js:2582:11)\n    at /Users/vishvam.sundararajan/Desktop/Projects/design-to-code/test-app/node_modules/@testing-library/react/dist/act-compat.js:47:25\n    at renderRoot (/Users/vishvam.sundararajan/Desktop/Projects/design-to-code/test-app/node_modules/@testing-library/react/dist/pure.js:180:26)\n    at render (/Users/vishvam.sundararajan/Desktop/Projects/design-to-code/test-app/node_modules/@testing-library/react/dist/pure.js:271:10)\n    at Object.<anonymous> (/Users/vishvam.sundararajan/Desktop/Projects/design-to-code/test-app/src/components/ContentSection/ContentSection.spec.js:38:36)\n    at Promise.then.completed (/Users/vishvam.sundararajan/Desktop/Projects/design-to-code/test-app/node_modules/jest-circus/build/utils.js:298:28)\n    at new Promise (<anonymous>)\n    at callAsyncCircusFn (/Users/vishvam.sundararajan/Desktop/Projects/design-to-code/test-app/node_modules/jest-circus/build/utils.js:231:10)\n    at _callCircusTest (/Users/vishvam.sundararajan/Desktop/Projects/design-to-code/test-app/node_modules/jest-circus/build/run.js:316:40)\n    at _runTest (/Users/vishvam.sundararajan/Desktop/Projects/design-to-code/test-app/node_modules/jest-circus/build/run.js:252:3)\n    at _runTestsForDescribeBlock (/Users/vishvam.sundararajan/Desktop/Projects/design-to-code/test-app/node_modules/jest-circus/build/run.js:126:9)\n    at _runTestsForDescribeBlock (/Users/vishvam.sundararajan/Desktop/Projects/design-to-code/test-app/node_modules/jest-circus/build/run.js:121:9)\n    at run (/Users/vishvam.sundararajan/Desktop/Projects/design-to-code/test-app/node_modules/jest-circus/build/run.js:71:3)\n    at runAndTransformResultsToJestFormat (/Users/vishvam.sundararajan/Desktop/Projects/design-to-code/test-app/node_modules/jest-circus/build/legacy-code-todo-rewrite/jestAdapterInit.js:122:21)\n    at jestAdapter (/Users/vishvam.sundararajan/Desktop/Projects/design-to-code/test-app/node_modules/jest-circus/build/legacy-code-todo-rewrite/jestAdapter.js:79:19)\n    at runTestInternal (/Users/vishvam.sundararajan/Desktop/Projects/design-to-code/test-app/node_modules/jest-runner/build/runTest.js:367:16)\n    at runTest (/Users/vishvam.sundararajan/Desktop/Projects/design-to-code/test-app/node_modules/jest-runner/build/runTest.js:444:34)"
          ],
          "fullName": "ContentSection component each column has correct typography",
          "invocations": 1,
          "location": null,
          "numPassingAsserts": 0,
          "retryReasons": [],
          "status": "failed",
          "title": "each column has correct typography"
        },
        {
          "ancestorTitles": ["ContentSection component"],
          "duration": 1,
          "failureDetails": [{}],
          "failureMessages": [
            "Error: Element type is invalid: expected a string (for built-in components) or a class/function (for composite components) but got: undefined. You likely forgot to export your component from the file it's defined in, or you might have mixed up default and named imports.\n    at createFiberFromTypeAndProps (/Users/vishvam.sundararajan/Desktop/Projects/design-to-code/test-app/node_modules/react-dom/cjs/react-dom.development.js:28478:17)\n    at createFiberFromElement (/Users/vishvam.sundararajan/Desktop/Projects/design-to-code/test-app/node_modules/react-dom/cjs/react-dom.development.js:28504:15)\n    at reconcileSingleElement (/Users/vishvam.sundararajan/Desktop/Projects/design-to-code/test-app/node_modules/react-dom/cjs/react-dom.development.js:13986:23)\n    at reconcileChildFibers (/Users/vishvam.sundararajan/Desktop/Projects/design-to-code/test-app/node_modules/react-dom/cjs/react-dom.development.js:14044:35)\n    at reconcileChildren (/Users/vishvam.sundararajan/Desktop/Projects/design-to-code/test-app/node_modules/react-dom/cjs/react-dom.development.js:19193:28)\n    at updateHostRoot (/Users/vishvam.sundararajan/Desktop/Projects/design-to-code/test-app/node_modules/react-dom/cjs/react-dom.development.js:19912:5)\n    at beginWork (/Users/vishvam.sundararajan/Desktop/Projects/design-to-code/test-app/node_modules/react-dom/cjs/react-dom.development.js:21654:14)\n    at beginWork$1 (/Users/vishvam.sundararajan/Desktop/Projects/design-to-code/test-app/node_modules/react-dom/cjs/react-dom.development.js:27465:14)\n    at performUnitOfWork (/Users/vishvam.sundararajan/Desktop/Projects/design-to-code/test-app/node_modules/react-dom/cjs/react-dom.development.js:26599:12)\n    at workLoopSync (/Users/vishvam.sundararajan/Desktop/Projects/design-to-code/test-app/node_modules/react-dom/cjs/react-dom.development.js:26505:5)\n    at renderRootSync (/Users/vishvam.sundararajan/Desktop/Projects/design-to-code/test-app/node_modules/react-dom/cjs/react-dom.development.js:26473:7)\n    at performConcurrentWorkOnRoot (/Users/vishvam.sundararajan/Desktop/Projects/design-to-code/test-app/node_modules/react-dom/cjs/react-dom.development.js:25777:74)\n    at flushActQueue (/Users/vishvam.sundararajan/Desktop/Projects/design-to-code/test-app/node_modules/react/cjs/react.development.js:2667:24)\n    at act (/Users/vishvam.sundararajan/Desktop/Projects/design-to-code/test-app/node_modules/react/cjs/react.development.js:2582:11)\n    at /Users/vishvam.sundararajan/Desktop/Projects/design-to-code/test-app/node_modules/@testing-library/react/dist/act-compat.js:47:25\n    at renderRoot (/Users/vishvam.sundararajan/Desktop/Projects/design-to-code/test-app/node_modules/@testing-library/react/dist/pure.js:180:26)\n    at render (/Users/vishvam.sundararajan/Desktop/Projects/design-to-code/test-app/node_modules/@testing-library/react/dist/pure.js:271:10)\n    at Object.<anonymous> (/Users/vishvam.sundararajan/Desktop/Projects/design-to-code/test-app/src/components/ContentSection/ContentSection.spec.js:49:36)\n    at Promise.then.completed (/Users/vishvam.sundararajan/Desktop/Projects/design-to-code/test-app/node_modules/jest-circus/build/utils.js:298:28)\n    at new Promise (<anonymous>)\n    at callAsyncCircusFn (/Users/vishvam.sundararajan/Desktop/Projects/design-to-code/test-app/node_modules/jest-circus/build/utils.js:231:10)\n    at _callCircusTest (/Users/vishvam.sundararajan/Desktop/Projects/design-to-code/test-app/node_modules/jest-circus/build/run.js:316:40)\n    at _runTest (/Users/vishvam.sundararajan/Desktop/Projects/design-to-code/test-app/node_modules/jest-circus/build/run.js:252:3)\n    at _runTestsForDescribeBlock (/Users/vishvam.sundararajan/Desktop/Projects/design-to-code/test-app/node_modules/jest-circus/build/run.js:126:9)\n    at _runTestsForDescribeBlock (/Users/vishvam.sundararajan/Desktop/Projects/design-to-code/test-app/node_modules/jest-circus/build/run.js:121:9)\n    at run (/Users/vishvam.sundararajan/Desktop/Projects/design-to-code/test-app/node_modules/jest-circus/build/run.js:71:3)\n    at runAndTransformResultsToJestFormat (/Users/vishvam.sundararajan/Desktop/Projects/design-to-code/test-app/node_modules/jest-circus/build/legacy-code-todo-rewrite/jestAdapterInit.js:122:21)\n    at jestAdapter (/Users/vishvam.sundararajan/Desktop/Projects/design-to-code/test-app/node_modules/jest-circus/build/legacy-code-todo-rewrite/jestAdapter.js:79:19)\n    at runTestInternal (/Users/vishvam.sundararajan/Desktop/Projects/design-to-code/test-app/node_modules/jest-runner/build/runTest.js:367:16)\n    at runTest (/Users/vishvam.sundararajan/Desktop/Projects/design-to-code/test-app/node_modules/jest-runner/build/runTest.js:444:34)"
          ],
          "fullName": "ContentSection component each link has correct styling",
          "invocations": 1,
          "location": null,
          "numPassingAsserts": 0,
          "retryReasons": [],
          "status": "failed",
          "title": "each link has correct styling"
        },
        {
          "ancestorTitles": ["ContentSection component"],
          "duration": 1,
          "failureDetails": [{}],
          "failureMessages": [
            "Error: Element type is invalid: expected a string (for built-in components) or a class/function (for composite components) but got: undefined. You likely forgot to export your component from the file it's defined in, or you might have mixed up default and named imports.\n    at createFiberFromTypeAndProps (/Users/vishvam.sundararajan/Desktop/Projects/design-to-code/test-app/node_modules/react-dom/cjs/react-dom.development.js:28478:17)\n    at createFiberFromElement (/Users/vishvam.sundararajan/Desktop/Projects/design-to-code/test-app/node_modules/react-dom/cjs/react-dom.development.js:28504:15)\n    at reconcileSingleElement (/Users/vishvam.sundararajan/Desktop/Projects/design-to-code/test-app/node_modules/react-dom/cjs/react-dom.development.js:13986:23)\n    at reconcileChildFibers (/Users/vishvam.sundararajan/Desktop/Projects/design-to-code/test-app/node_modules/react-dom/cjs/react-dom.development.js:14044:35)\n    at reconcileChildren (/Users/vishvam.sundararajan/Desktop/Projects/design-to-code/test-app/node_modules/react-dom/cjs/react-dom.development.js:19193:28)\n    at updateHostRoot (/Users/vishvam.sundararajan/Desktop/Projects/design-to-code/test-app/node_modules/react-dom/cjs/react-dom.development.js:19912:5)\n    at beginWork (/Users/vishvam.sundararajan/Desktop/Projects/design-to-code/test-app/node_modules/react-dom/cjs/react-dom.development.js:21654:14)\n    at beginWork$1 (/Users/vishvam.sundararajan/Desktop/Projects/design-to-code/test-app/node_modules/react-dom/cjs/react-dom.development.js:27465:14)\n    at performUnitOfWork (/Users/vishvam.sundararajan/Desktop/Projects/design-to-code/test-app/node_modules/react-dom/cjs/react-dom.development.js:26599:12)\n    at workLoopSync (/Users/vishvam.sundararajan/Desktop/Projects/design-to-code/test-app/node_modules/react-dom/cjs/react-dom.development.js:26505:5)\n    at renderRootSync (/Users/vishvam.sundararajan/Desktop/Projects/design-to-code/test-app/node_modules/react-dom/cjs/react-dom.development.js:26473:7)\n    at performConcurrentWorkOnRoot (/Users/vishvam.sundararajan/Desktop/Projects/design-to-code/test-app/node_modules/react-dom/cjs/react-dom.development.js:25777:74)\n    at flushActQueue (/Users/vishvam.sundararajan/Desktop/Projects/design-to-code/test-app/node_modules/react/cjs/react.development.js:2667:24)\n    at act (/Users/vishvam.sundararajan/Desktop/Projects/design-to-code/test-app/node_modules/react/cjs/react.development.js:2582:11)\n    at /Users/vishvam.sundararajan/Desktop/Projects/design-to-code/test-app/node_modules/@testing-library/react/dist/act-compat.js:47:25\n    at renderRoot (/Users/vishvam.sundararajan/Desktop/Projects/design-to-code/test-app/node_modules/@testing-library/react/dist/pure.js:180:26)\n    at render (/Users/vishvam.sundararajan/Desktop/Projects/design-to-code/test-app/node_modules/@testing-library/react/dist/pure.js:271:10)\n    at Object.<anonymous> (/Users/vishvam.sundararajan/Desktop/Projects/design-to-code/test-app/src/components/ContentSection/ContentSection.spec.js:59:36)\n    at Promise.then.completed (/Users/vishvam.sundararajan/Desktop/Projects/design-to-code/test-app/node_modules/jest-circus/build/utils.js:298:28)\n    at new Promise (<anonymous>)\n    at callAsyncCircusFn (/Users/vishvam.sundararajan/Desktop/Projects/design-to-code/test-app/node_modules/jest-circus/build/utils.js:231:10)\n    at _callCircusTest (/Users/vishvam.sundararajan/Desktop/Projects/design-to-code/test-app/node_modules/jest-circus/build/run.js:316:40)\n    at _runTest (/Users/vishvam.sundararajan/Desktop/Projects/design-to-code/test-app/node_modules/jest-circus/build/run.js:252:3)\n    at _runTestsForDescribeBlock (/Users/vishvam.sundararajan/Desktop/Projects/design-to-code/test-app/node_modules/jest-circus/build/run.js:126:9)\n    at _runTestsForDescribeBlock (/Users/vishvam.sundararajan/Desktop/Projects/design-to-code/test-app/node_modules/jest-circus/build/run.js:121:9)\n    at run (/Users/vishvam.sundararajan/Desktop/Projects/design-to-code/test-app/node_modules/jest-circus/build/run.js:71:3)\n    at runAndTransformResultsToJestFormat (/Users/vishvam.sundararajan/Desktop/Projects/design-to-code/test-app/node_modules/jest-circus/build/legacy-code-todo-rewrite/jestAdapterInit.js:122:21)\n    at jestAdapter (/Users/vishvam.sundararajan/Desktop/Projects/design-to-code/test-app/node_modules/jest-circus/build/legacy-code-todo-rewrite/jestAdapter.js:79:19)\n    at runTestInternal (/Users/vishvam.sundararajan/Desktop/Projects/design-to-code/test-app/node_modules/jest-runner/build/runTest.js:367:16)\n    at runTest (/Users/vishvam.sundararajan/Desktop/Projects/design-to-code/test-app/node_modules/jest-runner/build/runTest.js:444:34)"
          ],
          "fullName": "ContentSection component each image has correct styling",
          "invocations": 1,
          "location": null,
          "numPassingAsserts": 0,
          "retryReasons": [],
          "status": "failed",
          "title": "each image has correct styling"
        }
      ],
      "endTime": 1730793722668,
      "message": "\u001b[1m\u001b[31m  \u001b[1m● \u001b[22m\u001b[1mContentSection component › renders correctly\u001b[39m\u001b[22m\n\n    Element type is invalid: expected a string (for built-in components) or a class/function (for composite components) but got: undefined. You likely forgot to export your component from the file it's defined in, or you might have mixed up default and named imports.\n\u001b[2m\u001b[22m\n\u001b[2m    \u001b[0m \u001b[90m  5 |\u001b[39m describe(\u001b[32m'ContentSection component'\u001b[39m\u001b[33m,\u001b[39m () \u001b[33m=>\u001b[39m {\u001b[22m\n\u001b[2m     \u001b[90m  6 |\u001b[39m   it(\u001b[32m'renders correctly'\u001b[39m\u001b[33m,\u001b[39m () \u001b[33m=>\u001b[39m {\u001b[22m\n\u001b[2m    \u001b[31m\u001b[1m>\u001b[22m\u001b[2m\u001b[39m\u001b[90m  7 |\u001b[39m     \u001b[36mconst\u001b[39m { getByTestId } \u001b[33m=\u001b[39m render(\u001b[33m<\u001b[39m\u001b[33mContentSection\u001b[39m \u001b[33m/\u001b[39m\u001b[33m>\u001b[39m)\u001b[33m;\u001b[39m\u001b[22m\n\u001b[2m     \u001b[90m    |\u001b[39m                                   \u001b[31m\u001b[1m^\u001b[22m\u001b[2m\u001b[39m\u001b[22m\n\u001b[2m     \u001b[90m  8 |\u001b[39m     expect(getByTestId(\u001b[32m'content-section'\u001b[39m))\u001b[33m.\u001b[39mtoBeInTheDocument()\u001b[33m;\u001b[39m\u001b[22m\n\u001b[2m     \u001b[90m  9 |\u001b[39m   })\u001b[33m;\u001b[39m\u001b[22m\n\u001b[2m     \u001b[90m 10 |\u001b[39m\u001b[0m\u001b[22m\n\u001b[2m\u001b[22m\n\u001b[2m      \u001b[2mat createFiberFromTypeAndProps (\u001b[22m\u001b[2mnode_modules/react-dom/cjs/react-dom.development.js\u001b[2m:28478:17)\u001b[22m\u001b[2m\u001b[22m\n\u001b[2m      \u001b[2mat createFiberFromElement (\u001b[22m\u001b[2mnode_modules/react-dom/cjs/react-dom.development.js\u001b[2m:28504:15)\u001b[22m\u001b[2m\u001b[22m\n\u001b[2m      \u001b[2mat reconcileSingleElement (\u001b[22m\u001b[2mnode_modules/react-dom/cjs/react-dom.development.js\u001b[2m:13986:23)\u001b[22m\u001b[2m\u001b[22m\n\u001b[2m      \u001b[2mat reconcileChildFibers (\u001b[22m\u001b[2mnode_modules/react-dom/cjs/react-dom.development.js\u001b[2m:14044:35)\u001b[22m\u001b[2m\u001b[22m\n\u001b[2m      \u001b[2mat reconcileChildren (\u001b[22m\u001b[2mnode_modules/react-dom/cjs/react-dom.development.js\u001b[2m:19193:28)\u001b[22m\u001b[2m\u001b[22m\n\u001b[2m      \u001b[2mat updateHostRoot (\u001b[22m\u001b[2mnode_modules/react-dom/cjs/react-dom.development.js\u001b[2m:19912:5)\u001b[22m\u001b[2m\u001b[22m\n\u001b[2m      \u001b[2mat beginWork (\u001b[22m\u001b[2mnode_modules/react-dom/cjs/react-dom.development.js\u001b[2m:21654:14)\u001b[22m\u001b[2m\u001b[22m\n\u001b[2m      \u001b[2mat beginWork$1 (\u001b[22m\u001b[2mnode_modules/react-dom/cjs/react-dom.development.js\u001b[2m:27465:14)\u001b[22m\u001b[2m\u001b[22m\n\u001b[2m      \u001b[2mat performUnitOfWork (\u001b[22m\u001b[2mnode_modules/react-dom/cjs/react-dom.development.js\u001b[2m:26599:12)\u001b[22m\u001b[2m\u001b[22m\n\u001b[2m      \u001b[2mat workLoopSync (\u001b[22m\u001b[2mnode_modules/react-dom/cjs/react-dom.development.js\u001b[2m:26505:5)\u001b[22m\u001b[2m\u001b[22m\n\u001b[2m      \u001b[2mat renderRootSync (\u001b[22m\u001b[2mnode_modules/react-dom/cjs/react-dom.development.js\u001b[2m:26473:7)\u001b[22m\u001b[2m\u001b[22m\n\u001b[2m      \u001b[2mat performConcurrentWorkOnRoot (\u001b[22m\u001b[2mnode_modules/react-dom/cjs/react-dom.development.js\u001b[2m:25777:74)\u001b[22m\u001b[2m\u001b[22m\n\u001b[2m      \u001b[2mat flushActQueue (\u001b[22m\u001b[2mnode_modules/react/cjs/react.development.js\u001b[2m:2667:24)\u001b[22m\u001b[2m\u001b[22m\n\u001b[2m      \u001b[2mat act (\u001b[22m\u001b[2mnode_modules/react/cjs/react.development.js\u001b[2m:2582:11)\u001b[22m\u001b[2m\u001b[22m\n\u001b[2m      \u001b[2mat \u001b[22m\u001b[2mnode_modules/@testing-library/react/dist/act-compat.js\u001b[2m:47:25\u001b[22m\u001b[2m\u001b[22m\n\u001b[2m      \u001b[2mat renderRoot (\u001b[22m\u001b[2mnode_modules/@testing-library/react/dist/pure.js\u001b[2m:180:26)\u001b[22m\u001b[2m\u001b[22m\n\u001b[2m      \u001b[2mat render (\u001b[22m\u001b[2mnode_modules/@testing-library/react/dist/pure.js\u001b[2m:271:10)\u001b[22m\u001b[2m\u001b[22m\n\u001b[2m      \u001b[2mat Object.<anonymous> (\u001b[22m\u001b[2m\u001b[0m\u001b[36msrc/components/ContentSection/ContentSection.spec.js\u001b[39m\u001b[0m\u001b[2m:7:35)\u001b[22m\u001b[2m\u001b[22m\n\n\u001b[1m\u001b[31m  \u001b[1m● \u001b[22m\u001b[1mContentSection component › has 4 columns\u001b[39m\u001b[22m\n\n    Element type is invalid: expected a string (for built-in components) or a class/function (for composite components) but got: undefined. You likely forgot to export your component from the file it's defined in, or you might have mixed up default and named imports.\n\u001b[2m\u001b[22m\n\u001b[2m    \u001b[0m \u001b[90m 10 |\u001b[39m\u001b[22m\n\u001b[2m     \u001b[90m 11 |\u001b[39m   it(\u001b[32m'has 4 columns'\u001b[39m\u001b[33m,\u001b[39m () 
[...]
class\u001b[39m=\u001b[32m\"menu-item\"\u001b[39m\n  \u001b[33mdata-testid\u001b[39m=\u001b[32m\"menu-item\"\u001b[39m\n\u001b[36m>\u001b[39m\n  \u001b[0m...\u001b[0m\n\u001b[36m</div>\u001b[39m\n\n(If this is intentional, then use the `*AllBy*` variant of the query (like `queryAllByText`, `getAllByText`, or `findAllByText`)).\n\nIgnored nodes: comments, script, style\n\u001b[36m<body>\u001b[39m\n  \u001b[36m<div>\u001b[39m\n    \u001b[36m<nav\u001b[39m\n      \u001b[33mclass\u001b[39m=\u001b[32m\"navigation-bar\"\u001b[39m\n      \u001b[33mdata-testid\u001b[39m=\u001b[32m\"navigation-bar\"\u001b[39m\n    \u001b[36m>\u001b[39m\n      \u001b[36m<div\u001b[39m\n        \u001b[33mclass\u001b[39m=\u001b[32m\"menu-item\"\u001b[39m\n        \u001b[33mdata-testid\u001b[39m=\u001b[32m\"menu-item\"\u001b[39m\n      \u001b[36m>\u001b[39m\n        \u001b[0mAll\u001b[0m\n      \u001b[36m</div>\u001b[39m\n      \u001b[36m<div\u001b[39m\n        \u001b[33mclass\u001b[39m=\u001b[32m\"menu-item\"\u001b[39m\n        \u001b[33mdata-testid\u001b[39m=\u001b[32m\"menu-item\"\u001b[39m\n      \u001b[36m>\u001b[39m\n        \u001b[0mMedical Care\u001b[0m\n      \u001b[36m</div>\u001b[39m\n      \u001b[36m<div\u001b[39m\n        \u001b[33mclass\u001b[39m=\u001b[32m\"menu-item\"\u001b[39m\n        \u001b[33mdata-testid\u001b[39m=\u001b[32m\"menu-item\"\u001b[39m\n      \u001b[36m>\u001b[39m\n        \u001b[0mBest Sellers\u001b[0m\n      \u001b[36m</div>\u001b[39m\n      \u001b[36m<div\u001b[39m\n        \u001b[33mclass\u001b[39m=\u001b[32m\"menu-item\"\u001b[39m\n        \u001b[33mdata-testid\u001b[39m=\u001b[32m\"menu-item\"\u001b[39m\n      \u001b[36m>\u001b[39m\n        \u001b[0m...\u001b[0m\n      \u001b[36m</div>\u001b[39m\n    \u001b[36m</nav>\u001b[39m\n  \u001b[36m</div>\u001b[39m\n\u001b[36m</body>\u001b[39m\n    at Object.getElementError (/Users/vishvam.sundararajan/Desktop/Projects/design-to-code/test-app/node_modules/@testing-library/dom/dist/config.js:37:19)\n    at getElementError (/Users/vishvam.sundararajan/Desktop/Projects/design-to-code/test-app/node_modules/@testing-library/dom/dist/query-helpers.js:20:35)\n    at getMultipleElementsFoundError (/Users/vishvam.sundararajan/Desktop/Projects/design-to-code/test-app/node_modules/@testing-library/dom/dist/query-helpers.js:23:10)\n    at /Users/vishvam.sundararajan/Desktop/Projects/design-to-code/test-app/node_modules/@testing-library/dom/dist/query-helpers.js:55:13\n    at /Users/vishvam.sundararajan/Desktop/Projects/design-to-code/test-app/node_modules/@testing-library/dom/dist/query-helpers.js:95:19\n    at Object.getByTestId (/Users/vishvam.sundararajan/Desktop/Projects/design-to-code/test-app/src/components/NavigationBar/NavigationBar.spec.js:9:12)\n    at Promise.then.completed (/Users/vishvam.sundararajan/Desktop/Projects/design-to-code/test-app/node_modules/jest-circus/build/utils.js:298:28)\n    at new Promise (<anonymous>)\n    at callAsyncCircusFn (/Users/vishvam.sundararajan/Desktop/Projects/design-to-code/test-app/node_modules/jest-circus/build/utils.js:231:10)\n    at _callCircusTest (/Users/vishvam.sundararajan/Desktop/Projects/design-to-code/test-app/node_modules/jest-circus/build/run.js:316:40)\n    at _runTest (/Users/vishvam.sundararajan/Desktop/Projects/design-to-code/test-app/node_modules/jest-circus/build/run.js:252:3)\n    at _runTestsForDescribeBlock (/Users/vishvam.sundararajan/Desktop/Projects/design-to-code/test-app/node_modules/jest-circus/build/run.js:126:9)\n    at _runTestsForDescribeBlock (/Users/vishvam.sundararajan/Desktop/Projects/design-to-code/test-app/node_modules/jest-circus/build/run.js:121:9)\n    at run (/Users/vishvam.sundararajan/Desktop/Projects/design-to-code/test-app/node_modules/jest-circus/build/run.js:71:3)\n    at runAndTransformResultsToJestFormat (/Users/vishvam.sundararajan/Desktop/Projects/design-to-code/test-app/node_modules/jest-circus/build/legacy-code-todo-rewrite/jestAdapterInit.js:122:21)\n    at jestAdapter (/Users/vishvam.sundararajan/Desktop/Projects/design-to-code/test-app/node_modules/jest-circus/build/legacy-code-todo-rewrite/jestAdapter.js:79:19)\n    at runTestInternal (/Users/vishvam.sundararajan/Desktop/Projects/design-to-code/test-app/node_modules/jest-runner/build/runTest.js:367:16)\n    at runTest (/Users/vishvam.sundararajan/Desktop/Projects/design-to-code/test-app/node_modules/jest-runner/build/runTest.js:444:34)"
          ],
          "fullName": "NavigationBar renders correctly",
          "invocations": 1,
          "location": null,
          "numPassingAsserts": 1,
          "retryReasons": [],
          "status": "failed",
          "title": "renders correctly"
        },
        {
          "ancestorTitles": ["NavigationBar"],
          "duration": 5,
          "failureDetails": [
            {
              "matcherResult": {
                "pass": false,
                "message": "\u001b[2mexpect(\u001b[22m\u001b[31melement\u001b[39m\u001b[2m).toHaveStyle()\u001b[22m\n\n\u001b[32m- Expected\u001b[39m\n\n\u001b[32m- display: flex;\u001b[39m\n\u001b[31m+ display: block;\u001b[39m"
              }
            }
          ],
          "failureMessages": [
            "Error: \u001b[2mexpect(\u001b[22m\u001b[31melement\u001b[39m\u001b[2m).toHaveStyle()\u001b[22m\n\n\u001b[32m- Expected\u001b[39m\n\n\u001b[32m- display: flex;\u001b[39m\n\u001b[31m+ display: block;\u001b[39m\n    at Object.toHaveStyle (/Users/vishvam.sundararajan/Desktop/Projects/design-to-code/test-app/src/components/NavigationBar/NavigationBar.spec.js:15:20)\n    at Promise.then.completed (/Users/vishvam.sundararajan/Desktop/Projects/design-to-code/test-app/node_modules/jest-circus/build/utils.js:298:28)\n    at new Promise (<anonymous>)\n    at callAsyncCircusFn (/Users/vishvam.sundararajan/Desktop/Projects/design-to-code/test-app/node_modules/jest-circus/build/utils.js:231:10)\n    at _callCircusTest (/Users/vishvam.sundararajan/Desktop/Projects/design-to-code/test-app/node_modules/jest-circus/build/run.js:316:40)\n    at _runTest (/Users/vishvam.sundararajan/Desktop/Projects/design-to-code/test-app/node_modules/jest-circus/build/run.js:252:3)\n    at _runTestsForDescribeBlock (/Users/vishvam.sundararajan/Desktop/Projects/design-to-code/test-app/node_modules/jest-circus/build/run.js:126:9)\n    at _runTestsForDescribeBlock (/Users/vishvam.sundararajan/Desktop/Projects/design-to-code/test-app/node_modules/jest-circus/build/run.js:121:9)\n    at run (/Users/vishvam.sundararajan/Desktop/Projects/design-to-code/test-app/node_modules/jest-circus/build/run.js:71:3)\n    at runAndTransformResultsToJestFormat (/Users/vishvam.sundararajan/Desktop/Projects/design-to-code/test-app/node_modules/jest-circus/build/legacy-code-todo-rewrite/jestAdapterInit.js:122:21)\n    at jestAdapter (/Users/vishvam.sundararajan/Desktop/Projects/design-to-code/test-app/node_modules/jest-circus/build/legacy-code-todo-rewrite/jestAdapter.js:79:19)\n    at runTestInternal (/Users/vishvam.sundararajan/Desktop/Projects/design-to-code/test-app/node_modules/jest-runner/build/runTest.js:367:16)\n    at runTest (/Users/vishvam.sundararajan/Desktop/Projects/design-to-code/test-app/node_modules/jest-runner/build/runTest.js:444:34)"
          ],
          "fullName": "NavigationBar has correct layout",
          "invocations": 1,
          "location": null,
          "numPassingAsserts": 0,
          "retryReasons": [],
          "status": "failed",
          "title": "has correct layout"
        },
        {
          "ancestorTitles": ["NavigationBar"],
          "duration": 1,
          "failureDetails": [],
          "failureMessages": [],
          "fullName": "NavigationBar has correct menu items",
          "invocations": 1,
          "location": null,
          "numPassingAsserts": 5,
          "retryReasons": [],
          "status": "passed",
          "title": "has correct menu items"
        },
        {
          "ancestorTitles": ["NavigationBar"],
          "duration": 2,
          "failureDetails": [
            {
              "matcherResult": {
                "pass": false,
                "message": "\u001b[2mexpect(\u001b[22m\u001b[31melement\u001b[39m\u001b[2m).toHaveStyle()\u001b[22m\n\n\u001b[32m- Expected\u001b[39m\n\n\u001b[32m- cursor: pointer;\u001b[39m"
              }
            }
          ],
          "failureMessages": [
            "Error: \u001b[2mexpect(\u001b[22m\u001b[31melement\u001b[39m\u001b[2m).toHaveStyle()\u001b[22m\n\n\u001b[32m- Expected\u001b[39m\n\n\u001b[32m- cursor: pointer;\u001b[39m\n    at toHaveStyle (/Users/vishvam.sundararajan/Desktop/Projects/design-to-code/test-app/src/components/NavigationBar/NavigationBar.spec.js:35:20)\n    at Array.forEach (<anonymous>)\n    at Object.forEach (/Users/vishvam.sundararajan/Desktop/Projects/design-to-code/test-app/src/components/NavigationBar/NavigationBar.spec.js:34:15)\n    at Promise.then.completed (/Users/vishvam.sundararajan/Desktop/Projects/design-to-code/test-app/node_modules/jest-circus/build/utils.js:298:28)\n    at new Promise (<anonymous>)\n    at callAsyncCircusFn (/Users/vishvam.sundararajan/Desktop/Projects/design-to-code/test-app/node_modules/jest-circus/build/utils.js:231:10)\n    at _callCircusTest (/Users/vishvam.sundararajan/Desktop/Projects/design-to-code/test-app/node_modules/jest-circus/build/run.js:316:40)\n    at _runTest (/Users/vishvam.sundararajan/Desktop/Projects/design-to-code/test-app/node_modules/jest-circus/build/run.js:252:3)\n    at _runTestsForDescribeBlock (/Users/vishvam.sundararajan/Desktop/Projects/design-to-code/test-app/node_modules/jest-circus/build/run.js:126:9)\n    at _runTestsForDescribeBlock (/Users/vishvam.sundararajan/Desktop/Projects/design-to-code/test-app/node_modules/jest-circus/build/run.js:121:9)\n    at run (/Users/vishvam.sundararajan/Desktop/Projects/design-to-code/test-app/node_modules/jest-circus/build/run.js:71:3)\n    at runAndTransformResultsToJestFormat (/Users/vishvam.sundararajan/Desktop/Projects/design-to-code/test-app/node_modules/jest-circus/build/legacy-code-todo-rewrite/jestAdapterInit.js:122:21)\n    at jestAdapter (/Users/vishvam.sundararajan/Desktop/Projects/design-to-code/test-app/node_modules/jest-circus/build/legacy-code-todo-rewrite/jestAdapter.js:79:19)\n    at runTestInternal (/Users/vishvam.sundararajan/Desktop/Projects/design-to-code/test-app/node_modules/jest-runner/build/runTest.js:367:16)\n    at runTest (/Users/vishvam.sundararajan/Desktop/Projects/design-to-code/test-app/node_modules/jest-runner/build/runTest.js:444:34)"
          ],
          "fullName": "NavigationBar has correct cursor style",
          "invocations": 1,
          "location": null,
          "numPassingAsserts": 0,
          "retryReasons": [],
          "status": "failed",
          "title": "has correct cursor style"
        }
      ],
      "endTime": 1730793723097,
      "message": "\u001b[1m\u001b[31m  \u001b[1m● \u001b[22m\u001b[1mNavigationBar › renders correctly\u001b[39m\u001b[22m\n\n    TestingLibraryElementError: Found multiple elements by: [data-testid=\"menu-item\"]\n\n    Here are the matching elements:\n\n    Ignored nodes: comments, script, style\n    \u001b[36m<div\u001b[39m\n      \u001b[33mclass\u001b[39m=\u001b[32m\"menu-item\"\u001b[39m\n      \u001b[33mdata-testid\u001b[39m=\u001b[32m\"menu-item\"\u001b[39m\n    \u001b[36m>\u001b[39m\n      \u001b[0mAll\u001b[0m\n    \u001b[36m</div>\u001b[39m\n\n    Ignored nodes: comments, script, style\n    \u001b[36m<div\u001b[39m\n      \u001b[33mclass\u001b[39m=\u001b[32m\"menu-item\"\u001b[39m\n      \u001b[33mdata-testid\u001b[39m=\u001b[32m\"menu-item\"\u001b[39m\n    \u001b[36m>\u001b[39m\n      \u001b[0mMedical Care\u001b[0m\n    \u001b[36m</div>\u001b[39m\n\n    Ignored nodes: comments, script, style\n    \u001b[36m<div\u001b[39m\n      \u001b[33mclass\u001b[39m=\u001b[32m\"menu-item\"\u001b[39m\n      \u001b[33mdata-testid\u001b[39m=\u001b[32m\"menu-item\"\u001b[39m\n    \u001b[36m>\u001b[39m\n      \u001b[0mBest Sellers\u001b[0m\n    \u001b[36m</div>\u001b[39m\n\n    Ignored nodes: comments, script, style\n    \u001b[36m<div\u001b[39m\n      \u001b[33mclass\u001b[39m=\u001b[32m\"menu-item\"\u001b[39m\n      \u001b[33mdata-testid\u001b[39m=\u001b[32m\"menu-item\"\u001b[39m\n    \u001b[36m>\u001b[39m\n      \u001b[0m...\u001b[0m\n    \u001b[36m</div>\u001b[39m\n\n    (If this is intentional, then use the `*AllBy*` variant of the query (like `queryAllByText`, `getAllByText`, or `findAllByText`)).\n\n    Ignored nodes: comments, script, style\n    \u001b[36m<body>\u001b[39m\n      \u001b[36m<div>\u001b[39m\n        \u001b[36m<nav\u001b[39m\n          \u001b[33mclass\u001b[39m=\u001b[32m\"navigation-bar\"\u001b[39m\n          \u001b[33mdata-testid\u001b[39m=\u001b[32m\"navigation-bar\"\u001b[39m\n        \u001b[36m>\u001b[39m\n          \u001b[36m<div\u001b[39m\n            \u001b[33mclass\u001b[39m=\u001b[32m\"menu-item\"\u001b[39m\n            \u001b[33mdata-testid\u001b[39m=\u001b[32m\"menu-item\"\u001b[39m\n          \u001b[36m>\u001b[39m\n            \u001b[0mAll\u001b[0m\n          \u001b[36m</div>\u001b[39m\n          \u001b[36m<div\u001b[39m\n            \u001b[33mclass\u001b[39m=\u001b[32m\"menu-item\"\u001b[39m\n            \u001b[33mdata-testid\u001b[39m=\u001b[32m\"menu-item\"\u001b[39m\n          \u001b[36m>\u001b[39m\n            \u001b[0mMedical Care\u001b[0m\n          \u001b[36m</div>\u001b[39m\n          \u001b[36m<div\u001b[39m\n            \u001b[33mclass\u001b[39m=\u001b[32m\"menu-item\"\u001b[39m\n            \u001b[33mdata-testid\u001b[39m=\u001b[32m\"menu-item\"\u001b[39m\n          \u001b[36m>\u001b[39m\n            \u001b[0mBest Sellers\u001b[0m\n          \u001b[36m</div>\u001b[39m\n          \u001b[36m<div\u001b[39m\n            \u001b[33mclass\u001b[39m=\u001b[32m\"menu-item\"\u001b[39m\n            \u001b[33mdata-testid\u001b[39m=\u001b[32m\"menu-item\"\u001b[39m\n          \u001b[36m>\u001b[39m\n            \u001b[0m...\u001b[0m\n          \u001b[36m</div>\u001b[39m\n        \u001b[36m</nav>\u001b[39m\n      \u001b[36m</div>\u001b[39m\n    \u001b[36m</body>\u001b[39m\n\u001b[2m\u001b[22m\n\u001b[2m    \u001b[0m \u001b[90m  7 |\u001b[39m     \u001b[36mconst\u001b[39m { getByTestId } \u001b[33m=\u001b[39m render(\u001b[33m<\u001b[39m\u001b[33mNavigationBar\u001b[39m \u001b[33m/\u001b[39m\u001b[33m>\u001b[39m)\u001b[33m;\u001b[39m\u001b[22m\n\u001b[2m     \u001b[90m  8 |\u001b[39m     expect(getByTestId(\u001b[32m'navigation-bar'\u001b[39m))\u001b[33m.\u001b[39mtoBeInTheDocument()\u001b[33m;\u001b[39m\u001b[22m\n\u001b[2m    \u001b[31m\u001b[1m>\u001b[22m\u001b[2m\u001b[39m\u001b[90m  9 |\u001b[39m     expect(getByTestId(\u001b[32m'menu-item'\u001b[39m))\u001b[33m.\u001b[39mtoBeInTheDocument()\u001b[33m;\u001b[39m\u001b[22m\n\u001b[2m     \u001b[90m    |\u001b[39m            \u001b[31m\u001b[1m^\u001b[22m\u001b[2m\u001b[39m\u001b[22m\n\u001b[2m     \u001b[90m 10 |\u001b[39m   })\u001b[33m;\u001b[39m\u001b[22m\n\u001b[2m     \u001b[90m 11 |\u001b[39m\u001b[22m\n\u001b[2m     \u001b[90m 12 |\u001b[39m   it(\u001b[32m'has correct layout'\u001b[39m\u001b[33m,\u001b[39m () \u001b[33m=>\u001b[39m {\u001b[0m\u001b[22m\n\u001b[2m\u001b[22m\n\u001b[2m      \u001b[2mat Object.getElementError (\u001b[22m\u001b[2mnode_modules/@testing-library/dom/dist/config.js\u001b[2m:37:19)\u001b[22m\u001b[2m\u001b[22m\n\u001b[2m      \u001b[2mat getElementError (\u001b[22m\u001b[2mnode_modules/@testing-library/dom/dist/query-helpers.js\u001b[2m:20:35)\u001b[22m\u001b[2m\u001b[22m\n\u001b[2m      \u001b[2mat getMultipleElementsFoundError (\u001b[22m\u001b[2mnode_modules/@testing-library/dom/dist/query-helpers.js\u001b[2m:23:10)\u001b[22m\u001b[2m\u001b[22m\n\u001b[2m      \u001b[2mat \u001b[22m\u001b[2mnode_modules/@testing-library/dom/dist/query-helpers.js\u001b[2m:55:13\u001b[22m\u001b[2m\u001b[22m\n\u001b[2m      \u001b[2mat \u001b[22m\u001b[2mnode_modules/@testing-library/dom/dist/query-helpers.js\u001b[2m:95:19\u001b[22m\u001b[2m\u001b[22m\n\u001b[2m      \u001b[2mat Object.getByTestId (\u001b[22m\u001b[2m\u001b[0m\u001b[36msrc/components/NavigationBar/NavigationBar.spec.js\u001b[39m\u001b[0m\u001b[2m:9:12)\u001b[22m\u001b[2m\u001b[22m\n\n\u001b[1m\u001b[31m  \u001b[1m● \u001b[22m\u001b[1mNavigationBar › has correct layout\u001b[39m\u001b[22m\n\n    \u001b[2mexpect(\u001b[22m\u001b[31melement\u001b[39m\u001b[2m).toHaveStyle()\u001b[22m\n\n    \u001b[32m- Expected\u001b[39m\n\n    \u001b[32m- display: flex;\u001b[39m\n    \u001b[31m+ display: block;\u001b[39m\n\u001b[2m\u001b[22m\n\u001b[2m    \u001b[0m \u001b[90m 13 |\u001b[39m     \u001b[36mconst\u001b[39m { getByTestId } \u001b[33m=\u001b[39m render(\u001b[33m<\u001b[39m\u001b[33mNavigationBar\u001b[39m \u001b[33m/\u001b[39m\u001b[33m>\u001b[39m)\u001b[33m;\u001b[39m\u001b[22m\n\u001b[2m     \u001b[90m 14 |\u001b[39m     \u001b[36mconst\u001b[39m navBar \u001b[33m=\u001b[39m getByTestId(\u001b[32m'navigation-bar'\u001b[39m)\u001b[33m;\u001b[39m\u001b[22m\n\u001b[2m    \u001b[31m\u001b[1m>\u001b[22m\u001b[2m\u001b[39m\u001b[90m 15 |\u001b[39m     expect(navBar)\u001b[33m.\u001b[39mtoHaveStyle(\u001b[32m'display: flex'\u001b[39m)\u001b[33m;\u001b[39m\u001b[22m\n\u001b[2m     \u001b[90m    |\u001b[39m                    \u001b[31m\u001b[1m^\u001b[22m\u001b[2m\u001b[39m\u001b[22m\n\u001b[2m     \u001b[90m 16 |\u001b[39m     expect(navBar)\u001b[33m.\u001b[39mtoHaveStyle(\u001b[32m'justify-content: space-around'\u001b[39m)\u001b[33m;\u001b[39m\u001b[22m\n\u001b[2m     \u001b[90m 17 |\u001b[39m     expect(navBar)\u001b[33m.\u001b[39mtoHaveStyle(\u001b[32m'background-color: white'\u001b[39m)\u001b[33m;\u001b[39m\u001b[22m\n\u001b[2m     \u001b[90m 18 |\u001b[39m     expect(navBar)\u001b[33m.\u001b[39mtoHaveStyle(\u001b[32m'padding: 10px 0'\u001b[39m)\u001b[33m;\u001b[39m\u001b[0m\u001b[22m\n\u001b[2m\u001b[22m\n\u001b[2m      \u001b[2mat Object.toHaveStyle (\u001b[22m\u001b[2m\u001b[0m\u001b[36msrc/components/NavigationBar/NavigationBar.spec.js\u001b[39m\u001b[0m\u001b[2m:15:20)\u001b[22m\u001b[2m\u001b[22m\n\n\u001b[1m\u001b[31m  \u001b[1m● \u001b[22m\u001b[1mNavigationBar › has correct cursor style\u001b[39m\u001b[22m\n\n    \u001b[2mexpect(\u001b[22m\u001b[31melement\u001b[39m\u001b[2m).toHaveStyle()\u001b[22m\n\n    \u001b[32m- Expected\u001b[39m\n\n    \u001b[32m- cursor: pointer;\u001b[39m\n\u001b[2m\u001b[22m\n\u001b[2m    \u001b[0m \u001b[90m 33 |\u001b[39m     \u001b[36mconst\u001b[39m menuItems \u001b[33m=\u001b[39m getAllByTestId(\u001b[32m'menu-item'\u001b[39m)\u001b[33m;\u001b[39m\u001b[22m\n\u001b[2m     \u001b[90m 34 |\u001b[39m     menuItems\u001b[33m.\u001b[39mforEach((item) \u001b[33m=>\u001b[39m {\u001b[22m\n\u001b[2m    \u001b[31m\u001b[1m>\u001b[22m\u001b[2m\u001b[39m\u001b[90m 35 |\u001b[39m       expect(item)\u001b[33m.\u001b[39mtoHaveStyle(\u001b[32m'cursor: pointer'\u001b[39m)\u001b[33m;\u001b[39m\u001b[22m\n\u001b[2m     \u001b[90m    |\u001b[39m                    \u001b[31m\u001b[1m^\u001b[22m\u001b[2m\u001b[39m\u001b[22m\n\u001b[2m     \u001b[90m 36 |\u001b[39m     })\u001b[33m;\u001b[39m\u001b[22m\n\u001b[2m     \u001b[90m 37 |\u001b[39m   })\u001b[33m;\u001b[39m\u001b[22m\n\u001b[2m     \u001b[90m 38 |\u001b[39m })\u001b[33m;\u001b[39m\u001b[0m\u001b[22m\n\u001b[2m\u001b[22m\n\u001b[2m      \u001b[2mat toHaveStyle (\u001b[22m\u001b[2m\u001b[0m\u001b[36msrc/components/NavigationBar/NavigationBar.spec.js\u001b[39m\u001b[0m\u001b[2m:35:20)\u001b[22m\u001b[2m\u001b[22m\n\u001b[2m          at Array.forEach (<anonymous>)\u001b[22m\n\u001b[2m      \u001b[2mat Object.forEach (\u001b[22m\u001b[2m\u001b[0m\u001b[36msrc/components/NavigationBar/NavigationBar.spec.js\u001b[39m\u001b[0m\u001b[2m:34:15)\u001b[22m\u001b[2m\u001b[22m\n",
      "name": "/Users/vishvam.sundararajan/Desktop/Projects/design-to-code/test-app/src/components/NavigationBar/NavigationBar.spec.js",
      "startTime": 1730793722980,
      "status": "failed",
      "summary": ""
    }
  ],
  "wasInterrupted": false
}
