{
  "numFailedTestSuites": 6,
  "numFailedTests": 26,
  "numPassedTestSuites": 0,
  "numPassedTests": 7,
  "numPendingTestSuites": 0,
  "numPendingTests": 0,
  "numRuntimeErrorTestSuites": 0,
  "numTodoTests": 0,
  "numTotalTestSuites": 6,
  "numTotalTests": 33,
  "openHandles": [],
  "snapshot": {
    "added": 0,
    "didUpdate": false,
    "failure": false,
    "filesAdded": 0,
    "filesRemoved": 0,
    "filesRemovedList": [],
    "filesUnmatched": 0,
    "filesUpdated": 0,
    "matched": 0,
    "total": 0,
    "unchecked": 0,
    "uncheckedKeysByFile": [],
    "unmatched": 0,
    "updated": 0
  },
  "startTime": 1730796579150,
  "success": false,
  "testResults": [
    {
      "assertionResults": [
        {
          "ancestorTitles": ["MainBanner Component"],
          "duration": 25,
          "failureDetails": [
            {
              "matcherResult": {
                "pass": false,
                "message": "expect(element).toHaveStyle()\n\n- Expected\n\n- align-items: center;\n- background-color: blue;\n- color: white;\n- display: flex;\n- justify-content: space-between;\n- padding: 20px;\n+ display: block;"
              }
            }
          ],
          "failureMessages": [
            "Error: expect(element).toHaveStyle()\n\n- Expected\n\n- align-items: center;\n- background-color: blue;\n- color: white;\n- display: flex;\n- justify-content: space-between;\n- padding: 20px;\n+ display: block;\n    at Object.toHaveStyle (/Users/vishvam.sundararajan/Desktop/Projects/design-to-code/test-app/src/components/MainBanner/MainBanner.spec.js:13:24)\n    at Promise.then.completed (/Users/vishvam.sundararajan/Desktop/Projects/design-to-code/test-app/node_modules/jest-circus/build/utils.js:298:28)\n    at new Promise (<anonymous>)\n    at callAsyncCircusFn (/Users/vishvam.sundararajan/Desktop/Projects/design-to-code/test-app/node_modules/jest-circus/build/utils.js:231:10)\n    at _callCircusTest (/Users/vishvam.sundararajan/Desktop/Projects/design-to-code/test-app/node_modules/jest-circus/build/run.js:316:40)\n    at processTicksAndRejections (node:internal/process/task_queues:95:5)\n    at _runTest (/Users/vishvam.sundararajan/Desktop/Projects/design-to-code/test-app/node_modules/jest-circus/build/run.js:252:3)\n    at _runTestsForDescribeBlock (/Users/vishvam.sundararajan/Desktop/Projects/design-to-code/test-app/node_modules/jest-circus/build/run.js:126:9)\n    at _runTestsForDescribeBlock (/Users/vishvam.sundararajan/Desktop/Projects/design-to-code/test-app/node_modules/jest-circus/build/run.js:121:9)\n    at run (/Users/vishvam.sundararajan/Desktop/Projects/design-to-code/test-app/node_modules/jest-circus/build/run.js:71:3)\n    at runAndTransformResultsToJestFormat (/Users/vishvam.sundararajan/Desktop/Projects/design-to-code/test-app/node_modules/jest-circus/build/legacy-code-todo-rewrite/jestAdapterInit.js:122:21)\n    at jestAdapter (/Users/vishvam.sundararajan/Desktop/Projects/design-to-code/test-app/node_modules/jest-circus/build/legacy-code-todo-rewrite/jestAdapter.js:79:19)\n    at runTestInternal (/Users/vishvam.sundararajan/Desktop/Projects/design-to-code/test-app/node_modules/jest-runner/build/runTest.js:367:16)\n    at runTest (/Users/vishvam.sundararajan/Desktop/Projects/design-to-code/test-app/node_modules/jest-runner/build/runTest.js:444:34)"
          ],
          "fullName": "MainBanner Component should render main banner section with correct styles",
          "invocations": 1,
          "location": null,
          "numPassingAsserts": 0,
          "retryReasons": [],
          "status": "failed",
          "title": "should render main banner section with correct styles"
        },
        {
          "ancestorTitles": ["MainBanner Component"],
          "duration": 3,
          "failureDetails": [
            {
              "matcherResult": {
                "pass": false,
                "message": "expect(element).toHaveStyle()\n\n- Expected\n\n- height: 100px;\n- width: 100px;"
              }
            }
          ],
          "failureMessages": [
            "Error: expect(element).toHaveStyle()\n\n- Expected\n\n- height: 100px;\n- width: 100px;\n    at toHaveStyle (/Users/vishvam.sundararajan/Desktop/Projects/design-to-code/test-app/src/components/MainBanner/MainBanner.spec.js:27:21)\n    at Array.forEach (<anonymous>)\n    at Object.forEach (/Users/vishvam.sundararajan/Desktop/Projects/design-to-code/test-app/src/components/MainBanner/MainBanner.spec.js:26:18)\n    at Promise.then.completed (/Users/vishvam.sundararajan/Desktop/Projects/design-to-code/test-app/node_modules/jest-circus/build/utils.js:298:28)\n    at new Promise (<anonymous>)\n    at callAsyncCircusFn (/Users/vishvam.sundararajan/Desktop/Projects/design-to-code/test-app/node_modules/jest-circus/build/utils.js:231:10)\n    at _callCircusTest (/Users/vishvam.sundararajan/Desktop/Projects/design-to-code/test-app/node_modules/jest-circus/build/run.js:316:40)\n    at processTicksAndRejections (node:internal/process/task_queues:95:5)\n    at _runTest (/Users/vishvam.sundararajan/Desktop/Projects/design-to-code/test-app/node_modules/jest-circus/build/run.js:252:3)\n    at _runTestsForDescribeBlock (/Users/vishvam.sundararajan/Desktop/Projects/design-to-code/test-app/node_modules/jest-circus/build/run.js:126:9)\n    at _runTestsForDescribeBlock (/Users/vishvam.sundararajan/Desktop/Projects/design-to-code/test-app/node_modules/jest-circus/build/run.js:121:9)\n    at run (/Users/vishvam.sundararajan/Desktop/Projects/design-to-code/test-app/node_modules/jest-circus/build/run.js:71:3)\n    at runAndTransformResultsToJestFormat (/Users/vishvam.sundararajan/Desktop/Projects/design-to-code/test-app/node_modules/jest-circus/build/legacy-code-todo-rewrite/jestAdapterInit.js:122:21)\n    at jestAdapter (/Users/vishvam.sundararajan/Desktop/Projects/design-to-code/test-app/node_modules/jest-circus/build/legacy-code-todo-rewrite/jestAdapter.js:79:19)\n    at runTestInternal (/Users/vishvam.sundararajan/Desktop/Projects/design-to-code/test-app/node_modules/jest-runner/build/runTest.js:367:16)\n    at runTest (/Users/vishvam.sundararajan/Desktop/Projects/design-to-code/test-app/node_modules/jest-runner/build/runTest.js:444:34)"
          ],
          "fullName": "MainBanner Component should render left and right banner images with correct alt text and styles",
          "invocations": 1,
          "location": null,
          "numPassingAsserts": 1,
          "retryReasons": [],
          "status": "failed",
          "title": "should render left and right banner images with correct alt text and styles"
        },
        {
          "ancestorTitles": ["MainBanner Component"],
          "duration": 3,
          "failureDetails": [
            {
              "matcherResult": {
                "pass": false,
                "message": "expect(element).toHaveStyle()\n\n- Expected\n\n- flex: 1;\n- font-size: 24px;\n- text-align: center;"
              }
            }
          ],
          "failureMessages": [
            "Error: expect(element).toHaveStyle()\n\n- Expected\n\n- flex: 1;\n- font-size: 24px;\n- text-align: center;\n    at Object.toHaveStyle (/Users/vishvam.sundararajan/Desktop/Projects/design-to-code/test-app/src/components/MainBanner/MainBanner.spec.js:37:24)\n    at Promise.then.completed (/Users/vishvam.sundararajan/Desktop/Projects/design-to-code/test-app/node_modules/jest-circus/build/utils.js:298:28)\n    at new Promise (<anonymous>)\n    at callAsyncCircusFn (/Users/vishvam.sundararajan/Desktop/Projects/design-to-code/test-app/node_modules/jest-circus/build/utils.js:231:10)\n    at _callCircusTest (/Users/vishvam.sundararajan/Desktop/Projects/design-to-code/test-app/node_modules/jest-circus/build/run.js:316:40)\n    at processTicksAndRejections (node:internal/process/task_queues:95:5)\n    at _runTest (/Users/vishvam.sundararajan/Desktop/Projects/design-to-code/test-app/node_modules/jest-circus/build/run.js:252:3)\n    at _runTestsForDescribeBlock (/Users/vishvam.sundararajan/Desktop/Projects/design-to-code/test-app/node_modules/jest-circus/build/run.js:126:9)\n    at _runTestsForDescribeBlock (/Users/vishvam.sundararajan/Desktop/Projects/design-to-code/test-app/node_modules/jest-circus/build/run.js:121:9)\n    at run (/Users/vishvam.sundararajan/Desktop/Projects/design-to-code/test-app/node_modules/jest-circus/build/run.js:71:3)\n    at runAndTransformResultsToJestFormat (/Users/vishvam.sundararajan/Desktop/Projects/design-to-code/test-app/node_modules/jest-circus/build/legacy-code-todo-rewrite/jestAdapterInit.js:122:21)\n    at jestAdapter (/Users/vishvam.sundararajan/Desktop/Projects/design-to-code/test-app/node_modules/jest-circus/build/legacy-code-todo-rewrite/jestAdapter.js:79:19)\n    at runTestInternal (/Users/vishvam.sundararajan/Desktop/Projects/design-to-code/test-app/node_modules/jest-runner/build/runTest.js:367:16)\n    at runTest (/Users/vishvam.sundararajan/Desktop/Projects/design-to-code/test-app/node_modules/jest-runner/build/runTest.js:444:34)"
          ],
          "fullName": "MainBanner Component should render centered text with correct style",
          "invocations": 1,
          "location": null,
          "numPassingAsserts": 1,
          "retryReasons": [],
          "status": "failed",
          "title": "should render centered text with correct style"
        }
      ],
      "endTime": 1730796579680,
      "message": "  ● MainBanner Component › should render main banner section with correct styles\n\n    expect(element).toHaveStyle()\n\n    - Expected\n\n    - align-items: center;\n    - background-color: blue;\n    - color: white;\n    - display: flex;\n    - justify-content: space-between;\n    - padding: 20px;\n    + display: block;\n\n      11 |   test('should render main banner section with correct styles', () => {\n      12 |     const mainBanner = screen.getByTestId('main-banner');\n    > 13 |     expect(mainBanner).toHaveStyle(`\n         |                        ^\n      14 |       display: flex;\n      15 |       justify-content: space-between;\n      16 |       align-items: center;\n\n      at Object.toHaveStyle (src/components/MainBanner/MainBanner.spec.js:13:24)\n\n  ● MainBanner Component › should render left and right banner images with correct alt text and styles\n\n    expect(element).toHaveStyle()\n\n    - Expected\n\n    - height: 100px;\n    - width: 100px;\n\n      25 |     expect(bannerImages.length).toBe(2);\n      26 |     bannerImages.forEach((image) => {\n    > 27 |       expect(image).toHaveStyle(`\n         |                     ^\n      28 |         width: 100px;\n      29 |         height: 100px;\n      30 |       `);\n\n      at toHaveStyle (src/components/MainBanner/MainBanner.spec.js:27:21)\n          at Array.forEach (<anonymous>)\n      at Object.forEach (src/components/MainBanner/MainBanner.spec.js:26:18)\n\n  ● MainBanner Component › should render centered text with correct style\n\n    expect(element).toHaveStyle()\n\n    - Expected\n\n    - flex: 1;\n    - font-size: 24px;\n    - text-align: center;\n\n      35 |     const bannerText = screen.getByTestId('banner-text');\n      36 |     expect(bannerText).toHaveTextContent('Event Details');\n    > 37 |     expect(bannerText).toHaveStyle(`\n         |                        ^\n      38 |       flex: 1;\n      39 |       text-align: center;\n      40 |       font-size: 24px;\n\n      at Object.toHaveStyle (src/components/MainBanner/MainBanner.spec.js:37:24)\n",
      "name": "/Users/vishvam.sundararajan/Desktop/Projects/design-to-code/test-app/src/components/MainBanner/MainBanner.spec.js",
      "startTime": 1730796579312,
      "status": "failed",
      "summary": ""
    },
    {
      "assertionResults": [
        {
          "ancestorTitles": ["ContentSection Component"],
          "duration": 17,
          "failureDetails": [
            {
              "matcherResult": {
                "pass": false,
                "message": "expect(element).toHaveStyle()\n\n- Expected\n\n- display: grid;\n+ display: block;"
              }
            }
          ],
          "failureMessages": [
            "Error: expect(element).toHaveStyle()\n\n- Expected\n\n- display: grid;\n+ display: block;\n    at Object.toHaveStyle (/Users/vishvam.sundararajan/Desktop/Projects/design-to-code/test-app/src/components/ContentSection/ContentSection.spec.js:14:28)\n    at Promise.then.completed (/Users/vishvam.sundararajan/Desktop/Projects/design-to-code/test-app/node_modules/jest-circus/build/utils.js:298:28)\n    at new Promise (<anonymous>)\n    at callAsyncCircusFn (/Users/vishvam.sundararajan/Desktop/Projects/design-to-code/test-app/node_modules/jest-circus/build/utils.js:231:10)\n    at _callCircusTest (/Users/vishvam.sundararajan/Desktop/Projects/design-to-code/test-app/node_modules/jest-circus/build/run.js:316:40)\n    at _runTest (/Users/vishvam.sundararajan/Desktop/Projects/design-to-code/test-app/node_modules/jest-circus/build/run.js:252:3)\n    at _runTestsForDescribeBlock (/Users/vishvam.sundararajan/Desktop/Projects/design-to-code/test-app/node_modules/jest-circus/build/run.js:126:9)\n    at _runTestsForDescribeBlock (/Users/vishvam.sundararajan/Desktop/Projects/design-to-code/test-app/node_modules/jest-circus/build/run.js:121:9)\n    at run (/Users/vishvam.sundararajan/Desktop/Projects/design-to-code/test-app/node_modules/jest-circus/build/run.js:71:3)\n    at runAndTransformResultsToJestFormat (/Users/vishvam.sundararajan/Desktop/Projects/design-to-code/test-app/node_modules/jest-circus/build/legacy-code-todo-rewrite/jestAdapterInit.js:122:21)\n    at jestAdapter (/Users/vishvam.sundararajan/Desktop/Projects/design-to-code/test-app/node_modules/jest-circus/build/legacy-code-todo-rewrite/jestAdapter.js:79:19)\n    at runTestInternal (/Users/vishvam.sundararajan/Desktop/Projects/design-to-code/test-app/node_modules/jest-runner/build/runTest.js:367:16)\n    at runTest (/Users/vishvam.sundararajan/Desktop/Projects/design-to-code/test-app/node_modules/jest-runner/build/runTest.js:444:34)"
          ],
          "fullName": "ContentSection Component should render the content section with correct layout",
          "invocations": 1,
          "location": null,
          "numPassingAsserts": 1,
          "retryReasons": [],
          "status": "failed",
          "title": "should render the content section with correct layout"
        },
        {
          "ancestorTitles": ["ContentSection Component"],
          "duration": 94,
          "failureDetails": [{ "name": "TestingLibraryElementError" }],
          "failureMessages": [
            "TestingLibraryElementError: Unable to find an accessible element with the role \"contentcolumn\"\n\nHere are the accessible roles:\n\n  heading:\n\n  Name \"Being a Prime member adds up\":\n  \u001b[36m<h2 />\u001b[39m\n\n  Name \"Shop the Winterize Your Ride Event\":\n  \u001b[36m<h2 />\u001b[39m\n\n  Name \"Enjoy all the Prime benefits\":\n  \u001b[36m<h2 />\u001b[39m\n\n  Name \"modern moments™ by Gerber\":\n  \u001b[36m<h2 />\u001b[39m\n\n  --------------------------------------------------\n  presentation:\n\n  Name \"\":\n  \u001b[36m<img\u001b[39m\n    \u001b[33malt\u001b[39m=\u001b[32m\"\"\u001b[39m\n    \u001b[33mclass\u001b[39m=\u001b[32m\"content-image\"\u001b[39m\n    \u001b[33msrc\u001b[39m=\u001b[32m\"placeholder.jpg\"\u001b[39m\n  \u001b[36m/>\u001b[39m\n\n  Name \"\":\n  \u001b[36m<img\u001b[39m\n    \u001b[33malt\u001b[39m=\u001b[32m\"\"\u001b[39m\n    \u001b[33mclass\u001b[39m=\u001b[32m\"content-image\"\u001b[39m\n    \u001b[33msrc\u001b[39m=\u001b[32m\"placeholder.jpg\"\u001b[39m\n  \u001b[36m/>\u001b[39m\n\n  Name \"\":\n  \u001b[36m<img\u001b[39m\n    \u001b[33malt\u001b[39m=\u001b[32m\"\"\u001b[39m\n    \u001b[33mclass\u001b[39m=\u001b[32m\"content-image\"\u001b[39m\n    \u001b[33msrc\u001b[39m=\u001b[32m\"placeholder.jpg\"\u001b[39m\n  \u001b[36m/>\u001b[39m\n\n  Name \"\":\n  \u001b[36m<img\u001b[39m\n    \u001b[33malt\u001b[39m=\u001b[32m\"\"\u001b[39m\n    \u001b[33mclass\u001b[39m=\u001b[32m\"content-image\"\u001b[39m\n    \u001b[33msrc\u001b[39m=\u001b[32m\"placeholder.jpg\"\u001b[39m\n  \u001b[36m/>\u001b[39m\n\n  Name \"\":\n  \u001b[36m<img\u001b[39m\n    \u001b[33malt\u001b[39m=\u001b[32m\"\"\u001b[39m\n    \u001b[33mclass\u001b[39m=\u001b[32m\"content-image\"\u001b[39m\n    \u001b[33msrc\u001b[39m=\u001b[32m\"placeholder.jpg\"\u001b[39m\n  \u001b[36m/>\u001b[39m\n\n  Name \"\":\n  \u001b[36m<img\u001b[39m\n    \u001b[33malt\u001b[39m=\u001b[32m\"\"\u001b[39m\n    \u001b[33mclass\u001b[39m=\u001b[32m\"content-image\"\u001b[39m\n    \u001b[33msrc\u001b[39m=\u001b[32m\"placeholder.jpg\"\u001b[39m\n  \u001b[36m/>\u001b[39m\n\n  Name \"\":\n  \u001b[36m<img\u001b[39m\n    \u001b[33malt\u001b[39m=\u001b[32m\"\"\u001b[39m\n    \u001b[33mclass\u001b[39m=\u001b[32m\"content-image\"\u001b[39m\n    \u001b[33msrc\u001b[39m=\u001b[32m\"placeholder.jpg\"\u001b[39m\n  \u001b[36m/>\u001b[39m\n\n  Name \"\":\n  \u001b[36m<img\u001b[39m\n    \u001b[33malt\u001b[39m=\u001b[32m\"\"\u001b[39m\n    \u001b[33mclass\u001b[39m=\u001b[32m\"content-image\"\u001b[39m\n    \u001b[33msrc\u001b[39m=\u001b[32m\"placeholder.jpg\"\u001b[39m\n  \u001b[36m/>\u001b[39m\n\n  Name \"\":\n  \u001b[36m<img\u001b[39m\n    \u001b[33malt\u001b[39m=\u001b[32m\"\"\u001b[39m\n    \u001b[33mclass\u001b[39m=\u001b[32m\"content-image\"\u001b[39m\n    \u001b[33msrc\u001b[39m=\u001b[32m\"placeholder.jpg\"\u001b[39m\n  \u001b[36m/>\u001b[39m\n\n  Name \"\":\n  \u001b[36m<img\u001b[39m\n    \u001b[33malt\u001b[39m=\u001b[32m\"\"\u001b[39m\n    \u001b[33mclass\u001b[39m=\u001b[32m\"content-image\"\u001b[39m\n    \u001b[33msrc\u001b[39m=\u001b[32m\"placeholder.jpg\"\u001b[39m\n  \u001b[36m/>\u001b[39m\n\n  Name \"\":\n  \u001b[36m<img\u001b[39m\n    \u001b[33malt\u001b[39m=\u001b[32m\"\"\u001b[39m\n    \u001b[33mclass\u001b[39m=\u001b[32m\"content-image\"\u001b[39m\n    \u001b[33msrc\u001b[39m=\u001b[32m\"placeholder.jpg\"\u001b[39m\n  \u001b[36m/>\u001b[39m\n\n  Name \"\":\n  \u001b[36m<img\u001b[39m\n    \u001b[33malt\u001b[39m=\u001b[32m\"\"\u001b[39m\n    \u001b[33mclass\u001b[39m=\u001b[32m\"content-image\"\u001b[39m\n    \u001b[33msrc\u001b[39m=\u001b[32m\"placeholder.jpg\"\u001b[39m\n  \u001b[36m/>\u001b[39m\n\n  Name \"\":\n  \u001b[36m<img\u001b[39m\n    \u001b[33malt\u001b[39m=\u001b[32m\"\"\u001b[39m\n    \u001b[33mclass\u001b[39m=\u001b[32m\"content-image\"\u001b[39m\n    \u001b[33msrc\u001b[39m=\u001b[32m\"placeholder.jpg\"\u001b[39m\n  \u001b[36m/>\u001b[39m\n\n  Name \"\":\n  \u001b[36m<img\u001b[39m\n    \u001b[33malt\u001b[39m=\u001b[32m\"\"\u001b[39m\n    \u001b[33mclass\u001b[39m=\u001b[32m\"content-image\"\u001b[39m\n    \u001b[33msrc\u001b[39m=\u001b[32m\"placeholder.jpg\"\u001b[39m\n  \u001b[36m/>\u001b[39m\n\n  Name \"\":\n  \u001b[36m<img\u001b[39m\n    \u001b[33malt\u001b[39m=\u001b[32m\"\"\u001b[39m\n    \u001b[33mclass\u001b[39m=\u001b[32m\"content-image\"\u001b[39m\n    \u001b[33msrc\u001b[39m=\u001b[32m\"placeholder.jpg\"\u001b[39m\n  \u001b[36m/>\u001b[39m\n\n  Name \"\":\n  \u001b[36m<img\u001b[39m\n    \u001b[33malt\u001b[39m=\u001b[32m\"\"\u001b[39m\n    \u001b[33mclass\u001b[39m=\u001b[32m\"content-image\"\u001b[39m\n    \u001b[33msrc\u001b[39m=\u001b[32m\"placeholder.jpg\"\u001b[39m\n  \u001b[36m/>\u001b[39m\n\n  --------------------------------------------------\n  link:\n\n  Name \"Join Prime\":\n  \u001b[36m<a\u001b[39m\n    \u001b[33mclass\u001b[39m=\u001b[32m\"link\"\u001b[39m\n    \u001b[33mdata-testid\u001b[39m=\u001b[32m\"link\"\u001b[39m\n    \u001b[33mhref\u001b[39m=\u001b[32m\"#\"\u001b[39m\n  \u001b[36m/>\u001b[39m\n\n  Name \"Shop all\":\n  \u001b[36m<a\u001b[39m\n    \u001b[33mclass\u001b[39m=\u001b[32m\"link\"\u001b[39m\n    \u001b[33mdata-testid\u001b[39m=\u001b[32m\"link\"\u001b[39m\n    \u001b[33mhref\u001b[39m=\u001b[32m\"#\"\u001b[39m\n  \u001b[36m/>\u001b[39m\n\n  Name \"Join Prime\":\n  \u001b[36m<a\u001b[39m\n    \u001b[33mclass\u001b[39m=\u001b[32m\"link\"\u001b[39m\n    \u001b[33mdata-testid\u001b[39m=\u001b[32m\"link\"\u001b[39m\n    \u001b[33mhref\u001b[39m=\u001b[32m\"#\"\u001b[39m\n  \u001b[36m/>\u001b[39m\n\n  Name \"Shop new little looks\":\n  \u001b[36m<a\u001b[39m\n    \u001b[33mclass\u001b[39m=\u001b[32m\"link\"\u001b[39m\n    \u001b[33mdata-testid\u001b[39m=\u001b[32m\"link\"\u001b[39m\n    \u001b[33mhref\u001b[39m=\u001b[32m\"#\"\u001b[39m\n  \u001b[36m/>\u001b[39m\n\n  --------------------------------------------------\n\nIgnored nodes: comments, script, style\n\u001b[36m<body>\u001b[39m\n  \u001b[36m<div>\u001b[39m\n    \u001b[36m<section\u001b[39m\n      \u001b[33mclass\u001b[39m=\u001b[32m\"content-section\"\u001b[39m\n      \u001b[33mdata-testid\u001b[39m=\u001b[32m\"content-section\"\u001b[39m\n    \u001b[36m>\u001b[39m\n      \u001b[36m<div\u001b[39m\n        \u001b[33mclass\u001b[39m=\u001b[32m\"content-column\"\u001b[39m\n        \u001b[33mdata-testid\u001b[39m=\u001b[32m\"content-column\"\u001b[39m\n      \u001b[36m>\u001b[39m\n        \u001b[36m<h2>\u001b[39m\n          \u001b[0mBeing a Prime member adds up\u001b[0m\n        \u001b[36m</h2>\u001b[39m\n        \u001b[36m<div\u001b[39m\n          \u001b[33mclass\u001b[39m=\u001b[32m\"grid-container\"\u001b[39m\n        \u001b[36m>\u001b[39m\n          \u001b[36m<div\u001b[39m\n            \u001b[33mclass\u001b[39m=\u001b[32m\"grid-item\"\u001b[39m\n            \u001b[33mdata-testid\u001b[39m=\u001b[32m\"grid-item\"\u001b[39m\n          \u001b[36m>\u001b[39m\n            \u001b[0m \u001b[0m\n            \u001b[36m<img\u001b[39m\n              \u001b[33malt\u001b[39m=\u001b[32m\"\"\u001b[39m\n              \u001b[33mclass\u001b[39m=\u001b[32m\"content-image\"\u001b[39m\n              \u001b[33msrc\u001b[39m=\u001b[32m\"placeholder.jpg\"\u001b[39m\n            \u001b[36m/>\u001b[39m\n            \u001b[0m Description\u001b[0m\n          \u001b[36m</div>\u001b[39m\n          \u001b[36m<div\u001b[39m\n            \u001b[33mclass\u001b[39m=\u001b[32m\"grid-item\"\u001b[39m\n            \u001b[33mdata-testid\u001b[39m=\u001b[32m\"grid-item\"\u001b[39m\n          \u001b[36m>\u001b[39m\n            \u001b[0m \u001b[0m\n            \u001b[36m<img\u001b[39m\n              \u001b[33malt\u001b[39m=\u001b[32m\"\"\u001b[39m\n              \u001b[33mclass\u001b[39m=\u001b[32m\"content-image\"\u001b[39m\n              \u001b[33msrc\u001b[39m=\u001b[32m\"placeholder.jpg\"\u001b[39m\n            \u001b[36m/>\u001b[39m\n            \u001b[0m Description\u001b[0m\n          \u001b[36m</div>\u001b[39m\n          \u001b[36m<div\u001b[39m\n            \u001b[33mclass\u001b[39m=\u001b[32m\"grid-item\"\u001b[39m\n            \u001b[33mdata-testid\u001b[39m=\u001b[32m\"grid-item\"\u001b[39m\n          \u001b[36m>\u001b[39m\n            \u001b[0m \u001b[0m\n            \u001b[36m<img\u001b[39m\n              \u001b[33malt\u001b[39m=\u001b[32m\"\"\u001b[39m\n              \u001b[33mclass\u001b[39m=\u001b[32m\"content-image\"\u001b[39m\n              \u001b[33msrc\u001b[39m=\u001b[32m\"placeholder.jpg\"\u001b[39m\n            \u001b[36m/>\u001b[39m\n            \u001b[0m Description\u001b[0m\n          \u001b[36m</div>\u001b[39m\n          \u001b[36m<div\u001b[39m\n            \u001b[33mclass\u001b[39m=\u001b[32m\"grid-item\"\u001b[39m\n            \u001b[33mdata-testid\u001b[39m=\u001b[32m\"grid-item\"\u001b[39m\n          \u001b[36m>\u001b[39m\n            \u001b[0m \u001b[0m\n            \u001b[36m<img\u001b[39m\n              \u001b[33malt\u001b[39m=\u001b[32m\"\"\u001b[39m\n              \u001b[33mclass\u001b[39m=\u001b[32m\"content-image\"\u001b[39m\n              \u001b[33msrc\u001b[39m=\u001b[32m\"placeholder.jpg\"\u001b[39m\n            \u001b[36m/>\u001b[39m\n            \u001b[0m Description\u001b[0m\n          \u001b[36m</div>\u001b[39m\n        \u001b[36m</div>\u001b[39m\n        \u001b[36m<a\u001b[39m\n          \u001b[33mclass\u001b[39m=\u001b[32m\"link\"\u001b[39m\n          \u001b[33mdata-testid\u001b[39m=\u001b[32m\"link\"\u001b[39m\n          \u001b[33mhref\u001b[39m=\u001b[32m\"#\"\u001b[39m\n        \u001b[36m>\u001b[39m\n          \u001b[0mJoin Prime\u001b[0m\n        \u001b[36m</a>\u001b[39m\n      \u001b[36m</div>\u001b[39m\n      \u001b[36m<div\u001b[39m\n        \u001b[33mclass\u001b[39m=\u001b[32m\"content-column\"\u001b[39m\n        \u001b[33mdata-testid\u001b[39m=\u001b[32m\"content-column\"\u001b[39m\n      \u001b[36m>\u001b[39m\n        \u001b[36m<h2>\u001b[39m\n          \u001b[0mShop the Winterize Your Ride Event\u001b[0m\n        \u001b[36m</h2>\u001b[39m\n        \u001b[36m<div\u001b[39m\n          \u001b[33mclass\u001b[39m=\u001b[32m\"grid-container\"\u001b[39m\n        \u001b[36m>\u001b[39m\n          \u001b[36m<div\u001b[39m\n            \u001b[33mclass\u001b[39m=\u001b[32m\"grid-item\"\u001b[39m\n            \u001b[33mdata-testid\u001b[39m=\u001b[32m\"grid-item\"\u001b[39m\n          \u001b[36m>\u001b[39m\n            \u001b[0m \u001b[0m\n            \u001b[36m<img\u001b[39m\n              \u001b[33malt\u001b[39m=\u001b[32m\"\"\u001b[39m\n              \u001b[33mclass\u001b[39m=\u001b[32m\"content-image\"\u001b[39m\n              \u001b[33msrc\u001b[39m=\u001b[32m\"placeholder.jpg\"\u001b[39m\n            \u001b[36m/>\u001b[39m\n            \u001b[0m Description\u001b[0m\n          \u001b[36m</div>\u001b[39m\n          \u001b[36m<div\u001b[39m\n            \u001b[33mclass\u001b[39m=\u001b[32m\"grid-item\"\u001b[39m\n            \u001b[33mdata-testid\u001b[39m=\u001b[32m\"grid-item\"\u001b[39m\n          \u001b[36m>\u001b[39m\n            \u001b[0m \u001b[0m\n            \u001b[36m<img\u001b[39m\n              \u001b[33malt\u001b[39m=\u001b[32m\"\"\u001b[39m\n              \u001b[33mclass\u001b[39m=\u001b[32m\"content-image\"\u001b[39m\n              \u001b[33msrc\u001b[39m=\u001b[32m\"placeholder.jpg\"\u001b[39m\n            \u001b[36m/>\u001b[39m\n            \u001b[0m Description\u001b[0m\n          \u001b[36m</div>\u001b[39m\n          \u001b[36m<div\u001b[39m\n            \u001b[33mclass\u001b[39m=\u001b[32m\"grid-item\"\u001b[39m\n            \u001b[33mdata-testid\u001b[39m=\u001b[32m\"grid-item\"\u001b[39m\n          \u001b[36m>\u001b[39m\n            \u001b[0m \u001b[0m\n            \u001b[36m<img\u001b[39m\n              \u001b[33malt\u001b[39m=\u001b[32m\"\"\u001b[39m\n              \u001b[33mclass\u001b[39m=\u001b[32m\"content-image\"\u001b[39m\n              \u001b[33msrc\u001b[39m=\u001b[32m\"placeholder.jpg\"\u001b[39m\n            \u001b[36m/>\u001b[39m\n            \u001b[0m Description\u001b[0m\n          \u001b[36m</div>\u001b[39m\n          \u001b[36m<div\u001b[39m\n            \u001b[33mclass\u001b[39m=\u001b[32m\"grid-item\"\u001b[39m\n            \u001b[33mdata-testid\u001b[39m=\u001b[32m\"grid-item\"\u001b[39m\n          \u001b[36m>\u001b[39m\n            \u001b[0m \u001b[0m\n            \u001b[36m<img\u001b[39m\n              \u001b[33malt\u001b[39m=\u001b[32m\"\"\u001b[39m\n              \u001b[33mclass\u001b[39m=\u001b[32m\"content-image\"\u001b[39m\n              \u001b[33msrc\u001b[39m=\u001b[32m\"placeholder.jpg\"\u001b[39m\n            \u001b[36m/>\u001b[39m\n            \u001b[0m Description\u001b[0m\n          \u001b[36m</div>\u001b[39m\n        \u001b[36m</div>\u001b[39m\n        \u001b[36m<a\u001b[39m\n          \u001b[33mclass\u001b[39m=\u001b[32m\"link\"\u001b[39m\n          \u001b[33mdata-testid\u001b[39m=\u001b[32m\"link\"\u001b[39m\n          \u001b[33mhref\u001b[39m=\u001b[32m\"#\"\u001b[39m\n        \u001b[36m>\u001b[39m\n          \u001b[0mShop all\u001b[0m\n        \u001b[36m</a>\u001b[39m\n      \u001b[36m</div>\u001b[39m\n      \u001b[36m<div\u001b[39m\n        \u001b[33mclass\u001b[39m=\u001b[32m\"content-column\"\u001b[39m\n        \u001b[33mdata-testid\u001b[39m=\u001b[32m\"content-column\"\u001b[39m\n      \u001b[36m>\u001b[39m\n        \u001b[36m<h2>\u001b[39m\n          \u001b[0mEnjoy all the Prime benefits\u001b[0m\n        \u001b[36m</h2>\u001b[39m\n        \u001b[36m<div\u001b[39m\n          \u001b[33mclass\u001b[39m=\u001b[32m\"grid-container\"\u001b[39m\n        \u001b[36m>\u001b[39m\n          \u001b[36m<div\u001b[39m\n            \u001b[33mclass\u001b[39m=\u001b[32m\"grid-item\"\u001b[39m\n            \u001b[33mdata-testid\u001b[39m=\u001b[32m\"grid-item\"\u001b[39m\n          \u001b[36m>\u001b[39m\n            \u001b[0m \u001b[0m\n            \u001b[36m<img\u001b[39m\n              \u001b[33malt\u001b[39m=\u001b[32m\"\"\u001b[39m\n              \u001b[33mclass\u001b[39m=\u001b[32m\"content-image\"\u001b[39m\n              \u001b[33msrc\u001b[39m=\u001b[32m\"placeholder.jpg\"\u001b[39m\n            \u001b[36m/>\u001b[39m\n            \u001b[0m Description\u001b[0m\n          \u001b[36m</div>\u001b[39m\n          \u001b[36m<div\u001b[39m\n            \u001b[33mclass\u001b[39m=\u001b[32m\"grid-item\"\u001b[39m\n            \u001b[33mdata-testid\u001b[39m=\u001b[32m\"grid-item\"\u001b[39m\n          \u001b[36m>\u001b[39m\n            \u001b[0m \u001b[0m\n            \u001b[36m<img\u001b[39m\n              \u001b[33malt\u001b[39m=\u001b[32m\"\"\u001b[39m\n              \u001b[33mclass\u001b[39m=\u001b[32m\"content-image\"\u001b[39m\n              \u001b[33msrc\u001b[39m=\u001b[32m\"placeholder.jpg\"\u001b[39m\n            \u001b[36m/>\u001b[39m\n            \u001b[0m Description\u001b[0m\n          \u001b[36m</div>\u001b[39m\n          \u001b[36m<div\u001b[39m\n            \u001b[33mclass\u001b[39m=\u001b[32m\"grid-item\"\u001b[39m\n            \u001b[33mdata-testid\u001b[39m=\u001b[32m\"grid-item\"\u001b[39m\n          \u001b[36m>\u001b[39m\n            \u001b[0m \u001b[0m\n            \u001b[36m<img\u001b[39m\n              \u001b[33malt\u001b[39m=\u001b[32m\"\"\u001b[39m\n              \u001b[33mclass\u001b[39m=\u001b[32m\"content-image\"\u001b[39m\n              \u001b[33msrc\u001b[39m=\u001b[32m\"placeholder.jpg\"\u001b[39m\n            \u001b[36m/>\u001b[39m\n            \u001b[0m Description\u001b[0m\n          \u001b[36m</div>\u001b[39m\n          \u001b[36m<div\u001b[39m\n            \u001b[33mclass\u001b[39m=\u001b[32m\"grid-item\"\u001b[39m\n            \u001b[33mdata-testid\u001b[39m=\u001b[32m\"grid-item\"\u001b[39m\n          \u001b[36m>\u001b[39m\n            \u001b[0m \u001b[0m\n            \u001b[36m<img\u001b[39m\n              \u001b[33malt\u001b[39m=\u001b[32m\"\"\u001b[39m\n              \u001b[33mclass\u001b[39m=\u001b[32m\"content-image\"\u001b[39m\n              \u001b[33msrc\u001b[39m=\u001b[32m\"placeholder.jpg\"\u001b[39m\n            \u001b[36m/>\u001b[39m\n            \u001b[0m Description\u001b[0m\n          \u001b[36m</div>\u001b[39m\n        \u001b[36m</div>\u001b[39m\n        \u001b[36m<a\u001b[39m\n          \u001b[33mclass\u001b[39m=\u001b[32m\"link\"\u001b[39m\n          \u001b[33mdata-testid\u001b[39m=\u001b[32m\"link\"\u001b[39m\n          \u001b[33mhref\u001b[39m=\u001b[32m\"#\"\u001b[39m\n        \u001b[36m>\u001b[39m\n          \u001b[0mJoin Prime\u001b[0m\n        \u001b[36m</a>\u001b[39m\n      \u001b[36m</div>\u001b[39m\n      \u001b[36m<div\u001b[39m\n        \u001b[33mclass\u001b[39m=\u001b[32m\"content-column\"\u001b[39m\n        \u001b[33mdata-testid\u001b[39m=\u001b[32m\"content-column\"\u001b[39m\n      \u001b[36m>\u001b[39m\n        \u001b[36m<h2>\u001b[39m\n          \u001b[0mmodern moments™ by Gerber\u001b[0m\n        \u001b[36m</h2>\u001b[39m\n        \u001b[36m<div\u001b[39m\n          \u001b[33mclass\u001b[39m=\u001b[32m\"grid-container\"\u001b[39m\n        \u001b[36m>\u001b[39m\n          \u001b[36m<div\u001b[39m\n            \u001b[33mclass\u001b[39m=\u001b[32m\"grid-item\"\u001b[39m\n            \u001b[33mdata-testid\u001b[39m=\u001b[32m\"grid-item\"\u001b[39m\n          \u001b[36m>\u001b[39m\n            \u001b[0m \u001b[0m\n            \u001b[36m<img\u001b[39m\n              \u001b[33malt\u001b[39m=\u001b[32m\"\"\u001b[39m\n              \u001b[33mclass\u001b[39m=\u001b[32m\"content-image\"\u001b[39m\n              \u001b[33msrc\u001b[39m=\u001b[32m\"placeholder.jpg\"\u001b[39m\n            \u001b[36m/>\u001b[39m\n            \u001b[0m Description\u001b[0m\n          \u001b[36m</div>\u001b[39m\n          \u001b[36m<div\u001b[39m\n            \u001b[33mclass\u001b[39m=\u001b[32m\"grid-item\"\u001b[39m\n            \u001b[33mdata-testid\u001b[39m=\u001b[32m\"grid-item\"\u001b[39m\n          \u001b[36m>\u001b[39m\n            \u001b[0m \u001b[0m\n            \u001b[36m<img\u001b[39m\n              \u001b[33malt\u001b[39m=\u001b[32m\"\"\u001b[39m\n              \u001b[33mclass\u001b[39m=\u001b[32m\"content-image\"\u001b[39m\n              \u001b[33msrc\u001b[39m=\u001b[32m\"placeholder.jpg\"\u001b[39m\n            \u001b[36m/>\u001b[39m\n            \u001b[0m Description\u001b[0m\n          \u001b[36m</div>\u001b[39m\n          \u001b[36m<div\u001b[39m\n            \u001b[33mclass\u001b[39m=\u001b[32m\"grid-item\"\u001b[39m\n            \u001b[33mdata-testid\u001b[39m=\u001b[32m\"grid-item\"\u001b[39m\n          \u001b[36m>\u001b[39m\n            \u001b[0m \u001b[0m\n            \u001b[36m<img\u001b[39m\n              \u001b[33malt\u001b[39m=\u001b[32m\"\"\u001b[39m\n              \u001b[33mclass\u001b[39m=\u001b[32m\"content-image\"\u001b[39m\n              \u001b[33msrc\u001b[39m=\u001b[32m\"placeholder.jpg\"\u001b[39m\n            \u001b[36m/>\u001b[39m\n            \u001b[0m Description\u001b[0m\n          \u001b[36m</div>\u001b[39m\n          \u001b[36m<div\u001b[39m\n            \u001b[33mclass\u001b[39m=\u001b[32m\"grid-item\"\u001b[39m\n            \u001b[33mdata-testid\u001b[39m=\u001b[32m\"grid-item\"\u001b[39m\n          \u001b[36m>\u001b[39m\n            \u001b[0m \u001b[0m\n            \u001b[36m<img\u001b[39m\n              \u001b[33malt\u001b[39m=\u001b[32m\"\"\u001b[39m\n              \u001b[33mclass\u001b[39m=\u001b[32m\"content-image\"\u001b[39m\n              \u001b[33msrc\u001b[39m=\u001b[32m\"placeholder.jpg\"\u001b[39m\n            \u001b[36m/>\u001b[39m\n            \u001b[0m Description\u001b[0m\n          \u001b[36m</div>\u001b[39m\n        \u001b[36m</div>\u001b[39m\n        \u001b[36m<a\u001b[39m\n          \u001b[33mclass\u001b[39m=\u001b[32m\"link\"\u001b[39m\n          \u001b[33mdata-testid\u001b[39m=\u001b[32m\"link\"\u001b[39m\n          \u001b[33mhref\u001b[39m=\u001b[32m\"#\"\u001b[39m\n        \u001b[36m>\u001b[39m\n          \u001b[0mShop new little looks\u001b[0m\n        \u001b[36m</a>\u001b[39m\n      \u001b[36m</div>\u001b[39m\n    \u001b[36m</section>\u001b[39m\n  \u001b[36m</div>\u001b[39m\n\u001b[36m</body>\u001b[39m\n    at Object.getElementError (/Users/vishvam.sundararajan/Desktop/Projects/design-to-code/test-app/node_modules/@testing-library/dom/dist/config.js:37:19)\n    at /Users/vishvam.sundararajan/Desktop/Projects/design-to-code/test-app/node_modules/@testing-library/dom/dist/query-helpers.js:76:38\n    at /Users/vishvam.sundararajan/Desktop/Projects/design-to-code/test-app/node_modules/@testing-library/dom/dist/query-helpers.js:109:15\n    at Object.getAllByRole (/Users/vishvam.sundararajan/Desktop/Projects/design-to-code/test-app/src/components/ContentSection/ContentSection.spec.js:21:28)\n    at Promise.then.completed (/Users/vishvam.sundararajan/Desktop/Projects/design-to-code/test-app/node_modules/jest-circus/build/utils.js:298:28)\n    at new Promise (<anonymous>)\n    at callAsyncCircusFn (/Users/vishvam.sundararajan/Desktop/Projects/design-to-code/test-app/node_modules/jest-circus/build/utils.js:231:10)\n    at _callCircusTest (/Users/vishvam.sundararajan/Desktop/Projects/design-to-code/test-app/node_modules/jest-circus/build/run.js:316:40)\n    at _runTest (/Users/vishvam.sundararajan/Desktop/Projects/design-to-code/test-app/node_modules/jest-circus/build/run.js:252:3)\n    at _runTestsForDescribeBlock (/Users/vishvam.sundararajan/Desktop/Projects/design-to-code/test-app/node_modules/jest-circus/build/run.js:126:9)\n    at _runTestsForDescribeBlock (/Users/vishvam.sundararajan/Desktop/Projects/design-to-code/test-app/node_modules/jest-circus/build/run.js:121:9)\n    at run (/Users/vishvam.sundararajan/Desktop/Projects/design-to-code/test-app/node_modules/jest-circus/build/run.js:71:3)\n    at runAndTransformResultsToJestFormat (/Users/vishvam.sundararajan/Desktop/Projects/design-to-code/test-app/node_modules/jest-circus/build/legacy-code-todo-rewrite/jestAdapterInit.js:122:21)\n    at jestAdapter (/Users/vishvam.sundararajan/Desktop/Projects/design-to-code/test-app/node_modules/jest-circus/build/legacy-code-todo-rewrite/jestAdapter.js:79:19)\n    at runTestInternal (/Users/vishvam.sundararajan/Desktop/Projects/design-to-code/test-app/node_modules/jest-runner/build/runTest.js:367:16)\n    at runTest (/Users/vishvam.sundararajan/Desktop/Projects/design-to-code/test-app/node_modules/jest-runner/build/runTest.js:444:34)"
          ],
          "fullName": "ContentSection Component should contain four ContentColumn components",
          "invocations": 1,
          "location": null,
          "numPassingAsserts": 0,
          "retryReasons": [],
          "status": "failed",
          "title": "should contain four ContentColumn components"
        },
        {
          "ancestorTitles": ["ContentSection Component"],
          "duration": 6,
          "failureDetails": [{ "name": "TestingLibraryElementError" }],
          "failureMessages": [
            "TestingLibraryElementError: Found multiple elements with the text: Join Prime\n\nHere are the matching elements:\n\nIgnored nodes: comments, script, style\n\u001b[36m<a\u001b[39m\n  \u001b[33mclass\u001b[39m=\u001b[32m\"link\"\u001b[39m\n  \u001b[33mdata-testid\u001b[39m=\u001b[32m\"link\"\u001b[39m\n  \u001b[33mhref\u001b[39m=\u001b[32m\"#\"\u001b[39m\n\u001b[36m>\u001b[39m\n  \u001b[0mJoin Prime\u001b[0m\n\u001b[36m</a>\u001b[39m\n\nIgnored nodes: comments, script, style\n\u001b[36m<a\u001b[39m\n  \u001b[33mclass\u001b[39m=\u001b[32m\"link\"\u001b[39m\n  \u001b[33mdata-testid\u001b[39m=\u001b[32m\"link\"\u001b[39m\n  \u001b[33mhref\u001b[39m=\u001b[32m\"#\"\u001b[39m\n\u001b[36m>\u001b[39m\n  \u001b[0mJoin Prime\u001b[0m\n\u001b[36m</a>\u001b[39m\n\n(If this is intentional, then use the `*AllBy*` variant of the query (like `queryAllByText`, `getAllByText`, or `findAllByText`)).\n\nIgnored nodes: comments, script, style\n\u001b[36m<body>\u001b[39m\n  \u001b[36m<div>\u001b[39m\n    \u001b[36m<section\u001b[39m\n      \u001b[33mclass\u001b[39m=\u001b[32m\"content-section\"\u001b[39m\n      \u001b[33mdata-testid\u001b[39m=\u001b[32m\"content-section\"\u001b[39m\n    \u001b[36m>\u001b[39m\n      \u001b[36m<div\u001b[39m\n        \u001b[33mclass\u001b[39m=\u001b[32m\"content-column\"\u001b[39m\n        \u001b[33mdata-testid\u001b[39m=\u001b[32m\"content-column\"\u001b[39m\n      \u001b[36m>\u001b[39m\n        \u001b[36m<h2>\u001b[39m\n          \u001b[0mBeing a Prime member adds up\u001b[0m\n        \u001b[36m</h2>\u001b[39m\n        \u001b[36m<div\u001b[39m\n          \u001b[33mclass\u001b[39m=\u001b[32m\"grid-container\"\u001b[39m\n        \u001b[36m>\u001b[39m\n          \u001b[36m<div\u001b[39m\n            \u001b[33mclass\u001b[39m=\u001b[32m\"grid-item\"\u001b[39m\n            \u001b[33mdata-testid\u001b[39m=\u001b[32m\"grid-item\"\u001b[39m\n          \u001b[36m>\u001b[39m\n            \u001b[0m \u001b[0m\n            \u001b[36m<img\u001b[39m\n              \u001b[33malt\u001b[39m=\u001b[32m\"\"\u001b[39m\n              \u001b[33mclass\u001b[39m=\u001b[32m\"content-image\"\u001b[39m\n              \u001b[33msrc\u001b[39m=\u001b[32m\"placeholder.jpg\"\u001b[39m\n            \u001b[36m/>\u001b[39m\n            \u001b[0m Description\u001b[0m\n          \u001b[36m</div>\u001b[39m\n          \u001b[36m<div\u001b[39m\n            \u001b[33mclass\u001b[39m=\u001b[32m\"grid-item\"\u001b[39m\n            \u001b[33mdata-testid\u001b[39m=\u001b[32m\"grid-item\"\u001b[39m\n          \u001b[36m>\u001b[39m\n            \u001b[0m \u001b[0m\n            \u001b[36m<img\u001b[39m\n              \u001b[33malt\u001b[39m=\u001b[32m\"\"\u001b[39m\n              \u001b[33mclass\u001b[39m=\u001b[32m\"content-image\"\u001b[39m\n              \u001b[33msrc\u001b[39m=\u001b[32m\"placeholder.jpg\"\u001b[39m\n            \u001b[36m/>\u001b[39m\n            \u001b[0m Description\u001b[0m\n          \u001b[36m</div>\u001b[39m\n          \u001b[36m<div\u001b[39m\n            \u001b[33mclass\u001b[39m=\u001b[32m\"grid-item\"\u001b[39m\n            \u001b[33mdata-testid\u001b[39m=\u001b[32m\"grid-item\"\u001b[39m\n          \u001b[36m>\u001b[39m\n            \u001b[0m \u001b[0m\n            \u001b[36m<img\u001b[39m\n              \u001b[33malt\u001b[39m=\u001b[32m\"\"\u001b[39m\n              \u001b[33mclass\u001b[39m=\u001b[32m\"content-image\"\u001b[39m\n              \u001b[33msrc\u001b[39m=\u001b[32m\"placeholder.jpg\"\u001b[39m\n            \u001b[36m/>\u001b[39m\n            \u001b[0m Description\u001b[0m\n          \u001b[36m</div>\u001b[39m\n          \u001b[36m<div\u001b[39m\n            \u001b[33mclass\u001b[39m=\u001b[32m\"grid-item\"\u001b[39m\n            \u001b[33mdata-testid\u001b[39m=\u001b[32m\"grid-item\"\u001b[39m\n          \u001b[36m>\u001b[39m\n            \u001b[0m \u001b[0m\n            \u001b[36m<img\u001b[39m\n              \u001b[33malt\u001b[39m=\u001b[32m\"\"\u001b[39m\n              \u001b[33mclass\u001b[39m=\u001b[32m\"content-image\"\u001b[39m\n              \u001b[33msrc\u001b[39m=\u001b[32m\"placeholder.jpg\"\u001b[39m\n            \u001b[36m/>\u001b[39m\n            \u001b[0m Description\u001b[0m\n          \u001b[36m</div>\u001b[39m\n        \u001b[36m</div>\u001b[39m\n        \u001b[36m<a\u001b[39m\n          \u001b[33mclass\u001b[39m=\u001b[32m\"link\"\u001b[39m\n          \u001b[33mdata-testid\u001b[39m=\u001b[32m\"link\"\u001b[39m\n          \u001b[33mhref\u001b[39m=\u001b[32m\"#\"\u001b[39m\n        \u001b[36m>\u001b[39m\n          \u001b[0mJoin Prime\u001b[0m\n        \u001b[36m</a>\u001b[39m\n      \u001b[36m</div>\u001b[39m\n      \u001b[36m<div\u001b[39m\n        \u001b[33mclass\u001b[39m=\u001b[32m\"content-column\"\u001b[39m\n        \u001b[33mdata-testid\u001b[39m=\u001b[32m\"content-column\"\u001b[39m\n      \u001b[36m>\u001b[39m\n        \u001b[36m<h2>\u001b[39m\n          \u001b[0mShop the Winterize Your Ride Event\u001b[0m\n        \u001b[36m</h2>\u001b[39m\n        \u001b[36m<div\u001b[39m\n          \u001b[33mclass\u001b[39m=\u001b[32m\"grid-container\"\u001b[39m\n        \u001b[36m>\u001b[39m\n          \u001b[36m<div\u001b[39m\n            \u001b[33mclass\u001b[39m=\u001b[32m\"grid-item\"\u001b[39m\n            \u001b[33mdata-testid\u001b[39m=\u001b[32m\"grid-item\"\u001b[39m\n          \u001b[36m>\u001b[39m\n            \u001b[0m \u001b[0m\n            \u001b[36m<img\u001b[39m\n              \u001b[33malt\u001b[39m=\u001b[32m\"\"\u001b[39m\n              \u001b[33mclass\u001b[39m=\u001b[32m\"content-image\"\u001b[39m\n              \u001b[33msrc\u001b[39m=\u001b[32m\"placeholder.jpg\"\u001b[39m\n            \u001b[36m/>\u001b[39m\n            \u001b[0m Description\u001b[0m\n          \u001b[36m</div>\u001b[39m\n          \u001b[36m<div\u001b[39m\n            \u001b[33mclass\u001b[39m=\u001b[32m\"grid-item\"\u001b[39m\n            \u001b[33mdata-testid\u001b[39m=\u001b[32m\"grid-item\"\u001b[39m\n          \u001b[36m>\u001b[39m\n            \u001b[0m \u001b[0m\n            \u001b[36m<img\u001b[39m\n              \u001b[33malt\u001b[39m=\u001b[32m\"\"\u001b[39m\n              \u001b[33mclass\u001b[39m=\u001b[32m\"content-image\"\u001b[39m\n              \u001b[33msrc\u001b[39m=\u001b[32m\"placeholder.jpg\"\u001b[39m\n            \u001b[36m/>\u001b[39m\n            \u001b[0m Description\u001b[0m\n          \u001b[36m</div>\u001b[39m\n          \u001b[36m<div\u001b[39m\n            \u001b[33mclass\u001b[39m=\u001b[32m\"grid-item\"\u001b[39m\n            \u001b[33mdata-testid\u001b[39m=\u001b[32m\"grid-item\"\u001b[39m\n          \u001b[36m>\u001b[39m\n            \u001b[0m \u001b[0m\n            \u001b[36m<img\u001b[39m\n              \u001b[33malt\u001b[39m=\u001b[32m\"\"\u001b[39m\n              \u001b[33mclass\u001b[39m=\u001b[32m\"content-image\"\u001b[39m\n              \u001b[33msrc\u001b[39m=\u001b[32m\"placeholder.jpg\"\u001b[39m\n            \u001b[36m/>\u001b[39m\n            \u001b[0m Description\u001b[0m\n          \u001b[36m</div>\u001b[39m\n          \u001b[36m<div\u001b[39m\n            \u001b[33mclass\u001b[39m=\u001b[32m\"grid-item\"\u001b[39m\n            \u001b[33mdata-testid\u001b[39m=\u001b[32m\"grid-item\"\u001b[39m\n          \u001b[36m>\u001b[39m\n            \u001b[0m \u001b[0m\n            \u001b[36m<img\u001b[39m\n              \u001b[33malt\u001b[39m=\u001b[32m\"\"\u001b[39m\n              \u001b[33mclass\u001b[39m=\u001b[32m\"content-image\"\u001b[39m\n              \u001b[33msrc\u001b[39m=\u001b[32m\"placeholder.jpg\"\u001b[39m\n            \u001b[36m/>\u001b[39m\n            \u001b[0m Description\u001b[0m\n          \u001b[36m</div>\u001b[39m\n        \u001b[36m</div>\u001b[39m\n        \u001b[36m<a\u001b[39m\n          \u001b[33mclass\u001b[39m=\u001b[32m\"link\"\u001b[39m\n          \u001b[33mdata-testid\u001b[39m=\u001b[32m\"link\"\u001b[39m\n          \u001b[33mhref\u001b[39m=\u001b[32m\"#\"\u001b[39m\n        \u001b[36m>\u001b[39m\n          \u001b[0mShop all\u001b[0m\n        \u001b[36m</a>\u001b[39m\n      \u001b[36m</div>\u001b[39m\n      \u001b[36m<div\u001b[39m\n        \u001b[33mclass\u001b[39m=\u001b[32m\"content-column\"\u001b[39m\n        \u001b[33mdata-testid\u001b[39m=\u001b[32m\"content-column\"\u001b[39m\n      \u001b[36m>\u001b[39m\n        \u001b[36m<h2>\u001b[39m\n          \u001b[0mEnjoy all the Prime benefits\u001b[0m\n        \u001b[36m</h2>\u001b[39m\n        \u001b[36m<div\u001b[39m\n          \u001b[33mclass\u001b[39m=\u001b[32m\"grid-container\"\u001b[39m\n        \u001b[36m>\u001b[39m\n          \u001b[36m<div\u001b[39m\n            \u001b[33mclass\u001b[39m=\u001b[32m\"grid-item\"\u001b[39m\n            \u001b[33mdata-testid\u001b[39m=\u001b[32m\"grid-item\"\u001b[39m\n          \u001b[36m>\u001b[39m\n            \u001b[0m \u001b[0m\n            \u001b[36m<img\u001b[39m\n              \u001b[33malt\u001b[39m=\u001b[32m\"\"\u001b[39m\n              \u001b[33mclass\u001b[39m=\u001b[32m\"content-image\"\u001b[39m\n              \u001b[33msrc\u001b[39m=\u001b[32m\"placeholder.jpg\"\u001b[39m\n            \u001b[36m/>\u001b[39m\n            \u001b[0m Description\u001b[0m\n          \u001b[36m</div>\u001b[39m\n          \u001b[36m<div\u001b[39m\n            \u001b[33mclass\u001b[39m=\u001b[32m\"grid-item\"\u001b[39m\n            \u001b[33mdata-testid\u001b[39m=\u001b[32m\"grid-item\"\u001b[39m\n          \u001b[36m>\u001b[39m\n            \u001b[0m \u001b[0m\n            \u001b[36m<img\u001b[39m\n              \u001b[33malt\u001b[39m=\u001b[32m\"\"\u001b[39m\n              \u001b[33mclass\u001b[39m=\u001b[32m\"content-image\"\u001b[39m\n              \u001b[33msrc\u001b[39m=\u001b[32m\"placeholder.jpg\"\u001b[39m\n            \u001b[36m/>\u001b[39m\n            \u001b[0m Description\u001b[0m\n          \u001b[36m</div>\u001b[39m\n          \u001b[36m<div\u001b[39m\n            \u001b[33mclass\u001b[39m=\u001b[32m\"grid-item\"\u001b[39m\n            \u001b[33mdata-testid\u001b[39m=\u001b[32m\"grid-item\"\u001b[39m\n          \u001b[36m>\u001b[39m\n            \u001b[0m \u001b[0m\n            \u001b[36m<img\u001b[39m\n              \u001b[33malt\u001b[39m=\u001b[32m\"\"\u001b[39m\n              \u001b[33mclass\u001b[39m=\u001b[32m\"content-image\"\u001b[39m\n              \u001b[33msrc\u001b[39m=\u001b[32m\"placeholder.jpg\"\u001b[39m\n            \u001b[36m/>\u001b[39m\n            \u001b[0m Description\u001b[0m\n          \u001b[36m</div>\u001b[39m\n          \u001b[36m<div\u001b[39m\n            \u001b[33mclass\u001b[39m=\u001b[32m\"grid-item\"\u001b[39m\n            \u001b[33mdata-testid\u001b[39m=\u001b[32m\"grid-item\"\u001b[39m\n          \u001b[36m>\u001b[39m\n            \u001b[0m \u001b[0m\n            \u001b[36m<img\u001b[39m\n              \u001b[33malt\u001b[39m=\u001b[32m\"\"\u001b[39m\n              \u001b[33mclass\u001b[39m=\u001b[32m\"content-image\"\u001b[39m\n              \u001b[33msrc\u001b[39m=\u001b[32m\"placeholder.jpg\"\u001b[39m\n            \u001b[36m/>\u001b[39m\n            \u001b[0m Description\u001b[0m\n          \u001b[36m</div>\u001b[39m\n        \u001b[36m</div>\u001b[39m\n        \u001b[36m<a\u001b[39m\n          \u001b[33mclass\u001b[39m=\u001b[32m\"link\"\u001b[39m\n          \u001b[33mdata-testid\u001b[39m=\u001b[32m\"link\"\u001b[39m\n          \u001b[33mhref\u001b[39m=\u001b[32m\"#\"\u001b[39m\n        \u001b[36m>\u001b[39m\n          \u001b[0mJoin Prime\u001b[0m\n        \u001b[36m</a>\u001b[39m\n      \u001b[36m</div>\u001b[39m\n      \u001b[36m<div\u001b[39m\n        \u001b[33mclass\u001b[39m=\u001b[32m\"content-column\"\u001b[39m\n        \u001b[33mdata-testid\u001b[39m=\u001b[32m\"content-column\"\u001b[39m\n      \u001b[36m>\u001b[39m\n        \u001b[36m<h2>\u001b[39m\n          \u001b[0mmodern moments™ by Gerber\u001b[0m\n        \u001b[36m</h2>\u001b[39m\n        \u001b[36m<div\u001b[39m\n          \u001b[33mclass\u001b[39m=\u001b[32m\"grid-container\"\u001b[39m\n        \u001b[36m>\u001b[39m\n          \u001b[36m<div\u001b[39m\n            \u001b[33mclass\u001b[39m=\u001b[32m\"grid-item\"\u001b[39m\n            \u001b[33mdata-testid\u001b[39m=\u001b[32m\"grid-item\"\u001b[39m\n          \u001b[36m>\u001b[39m\n            \u001b[0m \u001b[0m\n            \u001b[36m<img\u001b[39m\n              \u001b[33malt\u001b[39m=\u001b[32m\"\"\u001b[39m\n              \u001b[33mclass\u001b[39m=\u001b[32m\"content-image\"\u001b[39m\n              \u001b[33msrc\u001b[39m=\u001b[32m\"placeholder.jpg\"\u001b[39m\n            \u001b[36m/>\u001b[39m\n            \u001b[0m Description\u001b[0m\n          \u001b[36m</div>\u001b[39m\n          \u001b[36m<div\u001b[39m\n            \u001b[33mclass\u001b[39m=\u001b[32m\"grid-item\"\u001b[39m\n            \u001b[33mdata-testid\u001b[39m=\u001b[32m\"grid-item\"\u001b[39m\n          \u001b[36m>\u001b[39m\n            \u001b[0m \u001b[0m\n            \u001b[36m<img\u001b[39m\n              \u001b[33malt\u001b[39m=\u001b[32m\"\"\u001b[39m\n              \u001b[33mclass\u001b[39m=\u001b[32m\"content-image\"\u001b[39m\n              \u001b[33msrc\u001b[39m=\u001b[32m\"placeholder.jpg\"\u001b[39m\n            \u001b[36m/>\u001b[39m\n            \u001b[0m Description\u001b[0m\n          \u001b[36m</div>\u001b[39m\n          \u001b[36m<div\u001b[39m\n            \u001b[33mclass\u001b[39m=\u001b[32m\"grid-item\"\u001b[39m\n            \u001b[33mdata-testid\u001b[39m=\u001b[32m\"grid-item\"\u001b[39m\n          \u001b[36m>\u001b[39m\n            \u001b[0m \u001b[0m\n            \u001b[36m<img\u001b[39m\n              \u001b[33malt\u001b[39m=\u001b[32m\"\"\u001b[39m\n              \u001b[33mclass\u001b[39m=\u001b[32m\"content-image\"\u001b[39m\n              \u001b[33msrc\u001b[39m=\u001b[32m\"placeholder.jpg\"\u001b[39m\n            \u001b[36m/>\u001b[39m\n            \u001b[0m Description\u001b[0m\n          \u001b[36m</div>\u001b[39m\n          \u001b[36m<div\u001b[39m\n            \u001b[33mclass\u001b[39m=\u001b[32m\"grid-item\"\u001b[39m\n            \u001b[33mdata-testid\u001b[39m=\u001b[32m\"grid-item\"\u001b[39m\n          \u001b[36m>\u001b[39m\n            \u001b[0m \u001b[0m\n            \u001b[36m<img\u001b[39m\n              \u001b[33malt\u001b[39m=\u001b[32m\"\"\u001b[39m\n              \u001b[33mclass\u001b[39m=\u001b[32m\"content-image\"\u001b[39m\n              \u001b[33msrc\u001b[39m=\u001b[32m\"placeholder.jpg\"\u001b[39m\n            \u001b[36m/>\u001b[39m\n            \u001b[0m Description\u001b[0m\n          \u001b[36m</div>\u001b[39m\n        \u001b[36m</div>\u001b[39m\n        \u001b[36m<a\u001b[39m\n          \u001b[33mclass\u001b[39m=\u001b[32m\"link\"\u001b[39m\n          \u001b[33mdata-testid\u001b[39m=\u001b[32m\"link\"\u001b[39m\n          \u001b[33mhref\u001b[39m=\u001b[32m\"#\"\u001b[39m\n        \u001b[36m>\u001b[39m\n          \u001b[0mShop new little looks\u001b[0m\n        \u001b[36m</a>\u001b[39m\n      \u001b[36m</div>\u001b[39m\n    \u001b[36m</section>\u001b[39m\n  \u001b[36m</div>\u001b[39m\n\u001b[36m</body>\u001b[39m\n    at Object.getElementError (/Users/vishvam.sundararajan/Desktop/Projects/design-to-code/test-app/node_modules/@testing-library/dom/dist/config.js:37:19)\n    at getElementError (/Users/vishvam.sundararajan/Desktop/Projects/design-to-code/test-app/node_modules/@testing-library/dom/dist/query-helpers.js:20:35)\n    at getMultipleElementsFoundError (/Users/vishvam.sundararajan/Desktop/Projects/design-to-code/test-app/node_modules/@testing-library/dom/dist/query-helpers.js:23:10)\n    at /Users/vishvam.sundararajan/Desktop/Projects/design-to-code/test-app/node_modules/@testing-library/dom/dist/query-helpers.js:55:13\n    at /Users/vishvam.sundararajan/Desktop/Projects/design-to-code/test-app/node_modules/@testing-library/dom/dist/query-helpers.js:95:19\n    at Object.getByText (/Users/vishvam.sundararajan/Desktop/Projects/design-to-code/test-app/src/components/ContentSection/ContentSection.spec.js:28:30)\n    at Promise.then.completed (/Users/vishvam.sundararajan/Desktop/Projects/design-to-code/test-app/node_modules/jest-circus/build/utils.js:298:28)\n    at new Promise (<anonymous>)\n    at callAsyncCircusFn (/Users/vishvam.sundararajan/Desktop/Projects/design-to-code/test-app/node_modules/jest-circus/build/utils.js:231:10)\n    at _callCircusTest (/Users/vishvam.sundararajan/Desktop/Projects/design-to-code/test-app/node_modules/jest-circus/build/run.js:316:40)\n    at _runTest (/Users/vishvam.sundararajan/Desktop/Projects/design-to-code/test-app/node_modules/jest-circus/build/run.js:252:3)\n    at _runTestsForDescribeBlock (/Users/vishvam.sundararajan/Desktop/Projects/design-to-code/test-app/node_modules/jest-circus/build/run.js:126:9)\n    at _runTestsForDescribeBlock (/Users/vishvam.sundararajan/Desktop/Projects/design-to-code/test-app/node_modules/jest-circus/build/run.js:121:9)\n    at run (/Users/vishvam.sundararajan/Desktop/Projects/design-to-code/test-app/node_modules/jest-circus/build/run.js:71:3)\n    at runAndTransformResultsToJestFormat (/Users/vishvam.sundararajan/Desktop/Projects/design-to-code/test-app/node_modules/jest-circus/build/legacy-code-todo-rewrite/jestAdapterInit.js:122:21)\n    at jestAdapter (/Users/vishvam.sundararajan/Desktop/Projects/design-to-code/test-app/node_modules/jest-circus/build/legacy-code-todo-rewrite/jestAdapter.js:79:19)\n    at runTestInternal (/Users/vishvam.sundararajan/Desktop/Projects/design-to-code/test-app/node_modules/jest-runner/build/runTest.js:367:16)\n    at runTest (/Users/vishvam.sundararajan/Desktop/Projects/design-to-code/test-app/node_modules/jest-runner/build/runTest.js:444:34)"
          ],
          "fullName": "ContentSection Component should render the first column with correct title and link text",
          "invocations": 1,
          "location": null,
          "numPassingAsserts": 1,
          "retryReasons": [],
          "status": "failed",
          "title": "should render the first column with correct title and link text"
        },
        {
          "ancestorTitles": ["ContentSection Component"],
          "duration": 3,
          "failureDetails": [],
          "failureMessages": [],
          "fullName": "ContentSection Component should render the second column with correct title and link text",
          "invocations": 1,
          "location": null,
          "numPassingAsserts": 2,
          "retryReasons": [],
          "status": "passed",
          "title": "should render the second column with correct title and link text"
        },
        {
          "ancestorTitles": ["ContentSection Component"],
          "duration": 4,
          "failureDetails": [{ "name": "TestingLibraryElementError" }],
          "failureMessages": [
            "TestingLibraryElementError: Found multiple elements with the text: Join Prime\n\nHere are the matching elements:\n\nIgnored nodes: comments, script, style\n\u001b[36m<a\u001b[39m\n  \u001b[33mclass\u001b[39m=\u001b[32m\"link\"\u001b[39m\n  \u001b[33mdata-testid\u001b[39m=\u001b[32m\"link\"\u001b[39m\n  \u001b[33mhref\u001b[39m=\u001b[32m\"#\"\u001b[39m\n\u001b[36m>\u001b[39m\n  \u001b[0mJoin Prime\u001b[0m\n\u001b[36m</a>\u001b[39m\n\nIgnored nodes: comments, script, style\n\u001b[36m<a\u001b[39m\n  \u001b[33mclass\u001b[39m=\u001b[32m\"link\"\u001b[39m\n  \u001b[33mdata-testid\u001b[39m=\u001b[32m\"link\"\u001b[39m\n  \u001b[33mhref\u001b[39m=\u001b[32m\"#\"\u001b[39m\n\u001b[36m>\u001b[39m\n  \u001b[0mJoin Prime\u001b[0m\n\u001b[36m</a>\u001b[39m\n\n(If this is intentional, then use the `*AllBy*` variant of the query (like `queryAllByText`, `getAllByText`, or `findAllByText`)).\n\nIgnored nodes: comments, script, style\n\u001b[36m<body>\u001b[39m\n  \u001b[36m<div>\u001b[39m\n    \u001b[36m<section\u001b[39m\n      \u001b[33mclass\u001b[39m=\u001b[32m\"content-section\"\u001b[39m\n      \u001b[33mdata-testid\u001b[39m=\u001b[32m\"content-section\"\u001b[39m\n    \u001b[36m>\u001b[39m\n      \u001b[36m<div\u001b[39m\n        \u001b[33mclass\u001b[39m=\u001b[32m\"content-column\"\u001b[39m\n        \u001b[33mdata-testid\u001b[39m=\u001b[32m\"content-column\"\u001b[39m\n      \u001b[36m>\u001b[39m\n        \u001b[36m<h2>\u001b[39m\n          \u001b[0mBeing a Prime member adds up\u001b[0m\n        \u001b[36m</h2>\u001b[39m\n        \u001b[36m<div\u001b[39m\n          \u001b[33mclass\u001b[39m=\u001b[32m\"grid-container\"\u001b[39m\n        \u001b[36m>\u001b[39m\n          \u001b[36m<div\u001b[39m\n            \u001b[33mclass\u001b[39m=\u001b[32m\"grid-item\"\u001b[39m\n            \u001b[33mdata-testid\u001b[39m=\u001b[32m\"grid-item\"\u001b[39m\n          \u001b[36m>\u001b[39m\n            \u001b[0m \u001b[0m\n            \u001b[36m<img\u001b[39m\n              \u001b[33malt\u001b[39m=\u001b[32m\"\"\u001b[39m\n              \u001b[33mclass\u001b[39m=\u001b[32m\"content-image\"\u001b[39m\n              \u001b[33msrc\u001b[39m=\u001b[32m\"placeholder.jpg\"\u001b[39m\n            \u001b[36m/>\u001b[39m\n            \u001b[0m Description\u001b[0m\n          \u001b[36m</div>\u001b[39m\n          \u001b[36m<div\u001b[39m\n            \u001b[33mclass\u001b[39m=\u001b[32m\"grid-item\"\u001b[39m\n            \u001b[33mdata-testid\u001b[39m=\u001b[32m\"grid-item\"\u001b[39m\n          \u001b[36m>\u001b[39m\n            \u001b[0m \u001b[0m\n            \u001b[36m<img\u001b[39m\n              \u001b[33malt\u001b[39m=\u001b[32m\"\"\u001b[39m\n              \u001b[33mclass\u001b[39m=\u001b[32m\"content-image\"\u001b[39m\n              \u001b[33msrc\u001b[39m=\u001b[32m\"placeholder.jpg\"\u001b[39m\n            \u001b[36m/>\u001b[39m\n            \u001b[0m Description\u001b[0m\n          \u001b[36m</div>\u001b[39m\n          \u001b[36m<div\u001b[39m\n            \u001b[33mclass\u001b[39m=\u001b[32m\"grid-item\"\u001b[39m\n            \u001b[33mdata-testid\u001b[39m=\u001b[32m\"grid-item\"\u001b[39m\n          \u001b[36m>\u001b[39m\n            \u001b[0m \u001b[0m\n            \u001b[36m<img\u001b[39m\n              \u001b[33malt\u001b[39m=\u001b[32m\"\"\u001b[39m\n              \u001b[33mclass\u001b[39m=\u001b[32m\"content-image\"\u001b[39m\n              \u001b[33msrc\u001b[39m=\u001b[32m\"placeholder.jpg\"\u001b[39m\n            \u001b[36m/>\u001b[39m\n            \u001b[0m Description\u001b[0m\n          \u001b[36m</div>\u001b[39m\n          \u001b[36m<div\u001b[39m\n            \u001b[33mclass\u001b[39m=\u001b[32m\"grid-item\"\u001b[39m\n            \u001b[33mdata-testid\u001b[39m=\u001b[32m\"grid-item\"\u001b[39m\n          \u001b[36m>\u001b[39m\n            \u001b[0m \u001b[0m\n            \u001b[36m<img\u001b[39m\n              \u001b[33malt\u001b[39m=\u001b[32m\"\"\u001b[39m\n              \u001b[33mclass\u001b[39m=\u001b[32m\"content-image\"\u001b[39m\n              \u001b[33msrc\u001b[39m=\u001b[32m\"placeholder.jpg\"\u001b[39m\n            \u001b[36m/>\u001b[39m\n            \u001b[0m Description\u001b[0m\n          \u001b[36m</div>\u001b[39m\n        \u001b[36m</div>\u001b[39m\n        \u001b[36m<a\u001b[39m\n          \u001b[33mclass\u001b[39m=\u001b[32m\"link\"\u001b[39m\n          \u001b[33mdata-testid\u001b[39m=\u001b[32m\"link\"\u001b[39m\n          \u001b[33mhref\u001b[39m=\u001b[32m\"#\"\u001b[39m\n        \u001b[36m>\u001b[39m\n          \u001b[0mJoin Prime\u001b[0m\n        \u001b[36m</a>\u001b[39m\n      \u001b[36m</div>\u001b[39m\n      \u001b[36m<div\u001b[39m\n        \u001b[33mclass\u001b[39m=\u001b[32m\"content-column\"\u001b[39m\n        \u001b[33mdata-testid\u001b[39m=\u001b[32m\"content-column\"\u001b[39m\n      \u001b[36m>\u001b[39m\n        \u001b[36m<h2>\u001b[39m\n          \u001b[0mShop the Winterize Your Ride Event\u001b[0m\n        \u001b[36m</h2>\u001b[39m\n        \u001b[36m<div\u001b[39m\n          \u001b[33mclass\u001b[39m=\u001b[32m\"grid-container\"\u001b[39m\n        \u001b[36m>\u001b[39m\n          \u001b[36m<div\u001b[39m\n            \u001b[33mclass\u001b[39m=\u001b[32m\"grid-item\"\u001b[39m\n            \u001b[33mdata-testid\u001b[39m=\u001b[32m\"grid-item\"\u001b[39m\n          \u001b[36m>\u001b[39m\n            \u001b[0m \u001b[0m\n            \u001b[36m<img\u001b[39m\n              \u001b[33malt\u001b[39m=\u001b[32m\"\"\u001b[39m\n              \u001b[33mclass\u001b[39m=\u001b[32m\"content-image\"\u001b[39m\n              \u001b[33msrc\u001b[39m=\u001b[32m\"placeholder.jpg\"\u001b[39m\n            \u001b[36m/>\u001b[39m\n            \u001b[0m Description\u001b[0m\n          \u001b[36m</div>\u001b[39m\n          \u001b[36m<div\u001b[39m\n            \u001b[33mclass\u001b[39m=\u001b[32m\"grid-item\"\u001b[39m\n            \u001b[33mdata-testid\u001b[39m=\u001b[32m\"grid-item\"\u001b[39m\n          \u001b[36m>\u001b[39m\n            \u001b[0m \u001b[0m\n            \u001b[36m<img\u001b[39m\n              \u001b[33malt\u001b[39m=\u001b[32m\"\"\u001b[39m\n              \u001b[33mclass\u001b[39m=\u001b[32m\"content-image\"\u001b[39m\n              \u001b[33msrc\u001b[39m=\u001b[32m\"placeholder.jpg\"\u001b[39m\n            \u001b[36m/>\u001b[39m\n            \u001b[0m Description\u001b[0m\n          \u001b[36m</div>\u001b[39m\n          \u001b[36m<div\u001b[39m\n            \u001b[33mclass\u001b[39m=\u001b[32m\"grid-item\"\u001b[39m\n            \u001b[33mdata-testid\u001b[39m=\u001b[32m\"grid-item\"\u001b[39m\n          \u001b[36m>\u001b[39m\n            \u001b[0m \u001b[0m\n            \u001b[36m<img\u001b[39m\n              \u001b[33malt\u001b[39m=\u001b[32m\"\"\u001b[39m\n              \u001b[33mclass\u001b[39m=\u001b[32m\"content-image\"\u001b[39m\n              \u001b[33msrc\u001b[39m=\u001b[32m\"placeholder.jpg\"\u001b[39m\n            \u001b[36m/>\u001b[39m\n            \u001b[0m Description\u001b[0m\n          \u001b[36m</div>\u001b[39m\n          \u001b[36m<div\u001b[39m\n            \u001b[33mclass\u001b[39m=\u001b[32m\"grid-item\"\u001b[39m\n            \u001b[33mdata-testid\u001b[39m=\u001b[32m\"grid-item\"\u001b[39m\n          \u001b[36m>\u001b[39m\n            \u001b[0m \u001b[0m\n            \u001b[36m<img\u001b[39m\n              \u001b[33malt\u001b[39m=\u001b[32m\"\"\u001b[39m\n              \u001b[33mclass\u001b[39m=\u001b[32m\"content-image\"\u001b[39m\n              \u001b[33msrc\u001b[39m=\u001b[32m\"placeholder.jpg\"\u001b[39m\n            \u001b[36m/>\u001b[39m\n            \u001b[0m Description\u001b[0m\n          \u001b[36m</div>\u001b[39m\n        \u001b[36m</div>\u001b[39m\n        \u001b[36m<a\u001b[39m\n          \u001b[33mclass\u001b[39m=\u001b[32m\"link\"\u001b[39m\n          \u001b[33mdata-testid\u001b[39m=\u001b[32m\"link\"\u001b[39m\n          \u001b[33mhref\u001b[39m=\u001b[32m\"#\"\u001b[39m\n        \u001b[36m>\u001b[39m\n          \u001b[0mShop all\u001b[0m\n        \u001b[36m</a>\u001b[39m\n      \u001b[36m</div>\u001b[39m\n      \u001b[36m<div\u001b[39m\n        \u001b[33mclass\u001b[39m=\u001b[32m\"content-column\"\u001b[39m\n        \u001b[33mdata-testid\u001b[39m=\u001b[32m\"content-column\"\u001b[39m\n      \u001b[36m>\u001b[39m\n        \u001b[36m<h2>\u001b[39m\n          \u001b[0mEnjoy all the Prime benefits\u001b[0m\n        \u001b[36m</h2>\u001b[39m\n        \u001b[36m<div\u001b[39m\n          \u001b[33mclass\u001b[39m=\u001b[32m\"grid-container\"\u001b[39m\n        \u001b[36m>\u001b[39m\n          \u001b[36m<div\u001b[39m\n            \u001b[33mclass\u001b[39m=\u001b[32m\"grid-item\"\u001b[39m\n            \u001b[33mdata-testid\u001b[39m=\u001b[32m\"grid-item\"\u001b[39m\n          \u001b[36m>\u001b[39m\n            \u001b[0m \u001b[0m\n            \u001b[36m<img\u001b[39m\n              \u001b[33malt\u001b[39m=\u001b[32m\"\"\u001b[39m\n              \u001b[33mclass\u001b[39m=\u001b[32m\"content-image\"\u001b[39m\n              \u001b[33msrc\u001b[39m=\u001b[32m\"placeholder.jpg\"\u001b[39m\n            \u001b[36m/>\u001b[39m\n            \u001b[0m Description\u001b[0m\n          \u001b[36m</div>\u001b[39m\n          \u001b[36m<div\u001b[39m\n            \u001b[33mclass\u001b[39m=\u001b[32m\"grid-item\"\u001b[39m\n            \u001b[33mdata-testid\u001b[39m=\u001b[32m\"grid-item\"\u001b[39m\n          \u001b[36m>\u001b[39m\n            \u001b[0m \u001b[0m\n            \u001b[36m<img\u001b[39m\n              \u001b[33malt\u001b[39m=\u001b[32m\"\"\u001b[39m\n              \u001b[33mclass\u001b[39m=\u001b[32m\"content-image\"\u001b[39m\n              \u001b[33msrc\u001b[39m=\u001b[32m\"placeholder.jpg\"\u001b[39m\n            \u001b[36m/>\u001b[39m\n            \u001b[0m Description\u001b[0m\n          \u001b[36m</div>\u001b[39m\n          \u001b[36m<div\u001b[39m\n            \u001b[33mclass\u001b[39m=\u001b[32m\"grid-item\"\u001b[39m\n            \u001b[33mdata-testid\u001b[39m=\u001b[32m\"grid-item\"\u001b[39m\n          \u001b[36m>\u001b[39m\n            \u001b[0m \u001b[0m\n            \u001b[36m<img\u001b[39m\n              \u001b[33malt\u001b[39m=\u001b[32m\"\"\u001b[39m\n              \u001b[33mclass\u001b[39m=\u001b[32m\"content-image\"\u001b[39m\n              \u001b[33msrc\u001b[39m=\u001b[32m\"placeholder.jpg\"\u001b[39m\n            \u001b[36m/>\u001b[39m\n            \u001b[0m Description\u001b[0m\n          \u001b[36m</div>\u001b[39m\n          \u001b[36m<div\u001b[39m\n            \u001b[33mclass\u001b[39m=\u001b[32m\"grid-item\"\u001b[39m\n            \u001b[33mdata-testid\u001b[39m=\u001b[32m\"grid-item\"\u001b[39m\n          \u001b[36m>\u001b[39m\n            \u001b[0m \u001b[0m\n            \u001b[36m<img\u001b[39m\n              \u001b[33malt\u001b[39m=\u001b[32m\"\"\u001b[39m\n              \u001b[33mclass\u001b[39m=\u001b[32m\"content-image\"\u001b[39m\n              \u001b[33msrc\u001b[39m=\u001b[32m\"placeholder.jpg\"\u001b[39m\n            \u001b[36m/>\u001b[39m\n            \u001b[0m Description\u001b[0m\n          \u001b[36m</div>\u001b[39m\n        \u001b[36m</div>\u001b[39m\n        \u001b[36m<a\u001b[39m\n          \u001b[33mclass\u001b[39m=\u001b[32m\"link\"\u001b[39m\n          \u001b[33mdata-testid\u001b[39m=\u001b[32m\"link\"\u001b[39m\n          \u001b[33mhref\u001b[39m=\u001b[32m\"#\"\u001b[39m\n        \u001b[36m>\u001b[39m\n          \u001b[0mJoin Prime\u001b[0m\n        \u001b[36m</a>\u001b[39m\n      \u001b[36m</div>\u001b[39m\n      \u001b[36m<div\u001b[39m\n        \u001b[33mclass\u001b[39m=\u001b[32m\"content-column\"\u001b[39m\n        \u001b[33mdata-testid\u001b[39m=\u001b[32m\"content-column\"\u001b[39m\n      \u001b[36m>\u001b[39m\n        \u001b[36m<h2>\u001b[39m\n          \u001b[0mmodern moments™ by Gerber\u001b[0m\n        \u001b[36m</h2>\u001b[39m\n        \u001b[36m<div\u001b[39m\n          \u001b[33mclass\u001b[39m=\u001b[32m\"grid-container\"\u001b[39m\n        \u001b[36m>\u001b[39m\n          \u001b[36m<div\u001b[39m\n            \u001b[33mclass\u001b[39m=\u001b[32m\"grid-item\"\u001b[39m\n            \u001b[33mdata-testid\u001b[39m=\u001b[32m\"grid-item\"\u001b[39m\n          \u001b[36m>\u001b[39m\n            \u001b[0m \u001b[0m\n            \u001b[36m<img\u001b[39m\n              \u001b[33malt\u001b[39m=\u001b[32m\"\"\u001b[39m\n              \u001b[33mclass\u001b[39m=\u001b[32m\"content-image\"\u001b[39m\n              \u001b[33msrc\u001b[39m=\u001b[32m\"placeholder.jpg\"\u001b[39m\n            \u001b[36m/>\u001b[39m\n            \u001b[0m Description\u001b[0m\n          \u001b[36m</div>\u001b[39m\n          \u001b[36m<div\u001b[39m\n            \u001b[33mclass\u001b[39m=\u001b[32m\"grid-item\"\u001b[39m\n            \u001b[33mdata-testid\u001b[39m=\u001b[32m\"grid-item\"\u001b[39m\n          \u001b[36m>\u001b[39m\n            \u001b[0m \u001b[0m\n            \u001b[36m<img\u001b[39m\n              \u001b[33malt\u001b[39m=\u001b[32m\"\"\u001b[39m\n              \u001b[33mclass\u001b[39m=\u001b[32m\"content-image\"\u001b[39m\n              \u001b[33msrc\u001b[39m=\u001b[32m\"placeholder.jpg\"\u001b[39m\n            \u001b[36m/>\u001b[39m\n            \u001b[0m Description\u001b[0m\n          \u001b[36m</div>\u001b[39m\n          \u001b[36m<div\u001b[39m\n            \u001b[33mclass\u001b[39m=\u001b[32m\"grid-item\"\u001b[39m\n            \u001b[33mdata-testid\u001b[39m=\u001b[32m\"grid-item\"\u001b[39m\n          \u001b[36m>\u001b[39m\n            \u001b[0m \u001b[0m\n            \u001b[36m<img\u001b[39m\n              \u001b[33malt\u001b[39m=\u001b[32m\"\"\u001b[39m\n              \u001b[33mclass\u001b[39m=\u001b[32m\"content-image\"\u001b[39m\n              \u001b[33msrc\u001b[39m=\u001b[32m\"placeholder.jpg\"\u001b[39m\n            \u001b[36m/>\u001b[39m\n            \u001b[0m Description\u001b[0m\n          \u001b[36m</div>\u001b[39m\n          \u001b[36m<div\u001b[39m\n            \u001b[33mclass\u001b[39m=\u001b[32m\"grid-item\"\u001b[39m\n            \u001b[33mdata-testid\u001b[39m=\u001b[32m\"grid-item\"\u001b[39m\n          \u001b[36m>\u001b[39m\n            \u001b[0m \u001b[0m\n            \u001b[36m<img\u001b[39m\n              \u001b[33malt\u001b[39m=\u001b[32m\"\"\u001b[39m\n              \u001b[33mclass\u001b[39m=\u001b[32m\"content-image\"\u001b[39m\n              \u001b[33msrc\u001b[39m=\u001b[32m\"placeholder.jpg\"\u001b[39m\n            \u001b[36m/>\u001b[39m\n            \u001b[0m Description\u001b[0m\n          \u001b[36m</div>\u001b[39m\n        \u001b[36m</div>\u001b[39m\n        \u001b[36m<a\u001b[39m\n          \u001b[33mclass\u001b[39m=\u001b[32m\"link\"\u001b[39m\n          \u001b[33mdata-testid\u001b[39m=\u001b[32m\"link\"\u001b[39m\n          \u001b[33mhref\u001b[39m=\u001b[32m\"#\"\u001b[39m\n        \u001b[36m>\u001b[39m\n          \u001b[0mShop new little looks\u001b[0m\n        \u001b[36m</a>\u001b[39m\n      \u001b[36m</div>\u001b[39m\n    \u001b[36m</section>\u001b[39m\n  \u001b[36m</div>\u001b[39m\n\u001b[36m</body>\u001b[39m\n    at Object.getElementError (/Users/vishvam.sundararajan/Desktop/Projects/design-to-code/test-app/node_modules/@testing-library/dom/dist/config.js:37:19)\n    at getElementError (/Users/vishvam.sundararajan/Desktop/Projects/design-to-code/test-app/node_modules/@testing-library/dom/dist/query-helpers.js:20:35)\n    at getMultipleElementsFoundError (/Users/vishvam.sundararajan/Desktop/Projects/design-to-code/test-app/node_modules/@testing-library/dom/dist/query-helpers.js:23:10)\n    at /Users/vishvam.sundararajan/Desktop/Projects/design-to-code/test-app/node_modules/@testing-library/dom/dist/query-helpers.js:55:13\n    at /Users/vishvam.sundararajan/Desktop/Projects/design-to-code/test-app/node_modules/@testing-library/dom/dist/query-helpers.js:95:19\n    at Object.getByText (/Users/vishvam.sundararajan/Desktop/Projects/design-to-code/test-app/src/components/ContentSection/ContentSection.spec.js:42:30)\n    at Promise.then.completed (/Users/vishvam.sundararajan/Desktop/Projects/design-to-code/test-app/node_modules/jest-circus/build/utils.js:298:28)\n    at new Promise (<anonymous>)\n    at callAsyncCircusFn (/Users/vishvam.sundararajan/Desktop/Projects/design-to-code/test-app/node_modules/jest-circus/build/utils.js:231:10)\n    at _callCircusTest (/Users/vishvam.sundararajan/Desktop/Projects/design-to-code/test-app/node_modules/jest-circus/build/run.js:316:40)\n    at _runTest (/Users/vishvam.sundararajan/Desktop/Projects/design-to-code/test-app/node_modules/jest-circus/build/run.js:252:3)\n    at _runTestsForDescribeBlock (/Users/vishvam.sundararajan/Desktop/Projects/design-to-code/test-app/node_modules/jest-circus/build/run.js:126:9)\n    at _runTestsForDescribeBlock (/Users/vishvam.sundararajan/Desktop/Projects/design-to-code/test-app/node_modules/jest-circus/build/run.js:121:9)\n    at run (/Users/vishvam.sundararajan/Desktop/Projects/design-to-code/test-app/node_modules/jest-circus/build/run.js:71:3)\n    at runAndTransformResultsToJestFormat (/Users/vishvam.sundararajan/Desktop/Projects/design-to-code/test-app/node_modules/jest-circus/build/legacy-code-todo-rewrite/jestAdapterInit.js:122:21)\n    at jestAdapter (/Users/vishvam.sundararajan/Desktop/Projects/design-to-code/test-app/node_modules/jest-circus/build/legacy-code-todo-rewrite/jestAdapter.js:79:19)\n    at runTestInternal (/Users/vishvam.sundararajan/Desktop/Projects/design-to-code/test-app/node_modules/jest-runner/build/runTest.js:367:16)\n    at runTest (/Users/vishvam.sundararajan/Desktop/Projects/design-to-code/test-app/node_modules/jest-runner/build/runTest.js:444:34)"
          ],
          "fullName": "ContentSection Component should render the third column with correct title and link text",
          "invocations": 1,
          "location": null,
          "numPassingAsserts": 1,
          "retryReasons": [],
          "status": "failed",
          "title": "should render the third column with correct title and link text"
        },
        {
          "ancestorTitles": ["ContentSection Component"],
          "duration": 3,
          "failureDetails": [],
          "failureMessages": [],
          "fullName": "ContentSection Component should render the fourth column with correct title and link text",
          "invocations": 1,
          "location": null,
          "numPassingAsserts": 2,
          "retryReasons": [],
          "status": "passed",
          "title": "should render the fourth column with correct title and link text"
        }
      ],
      "endTime": 1730796579935,
      "message": "  ● ContentSection Component › should render the content section with correct layout\n\n    expect(element).toHaveStyle()\n\n    - Expected\n\n    - display: grid;\n    + display: block;\n\n      12 |     const contentSection = screen.getByTestId('content-section');\n      13 |     expect(contentSection).toBeInTheDocument();\n    > 14 |     expect(contentSection).toHaveStyle('display: grid');\n         |                            ^\n      15 |     expect(contentSection).toHaveStyle('grid-template-columns: repeat(4, 1fr)');\n      16 |     expect(contentSection).toHaveStyle('gap: 20px');\n      17 |     expect(contentSection).toHaveStyle('padding: 20px');\n\n      at Object.toHaveStyle (src/components/ContentSection/ContentSection.spec.js:14:28)\n\n  ● ContentSection Component › should contain four ContentColumn components\n\n    TestingLibraryElementError: Unable to find an accessible element with the role \"contentcolumn\"\n\n    Here are the accessible roles:\n\n      heading:\n\n      Name \"Being a Prime member adds up\":\n      \u001b[36m<h2 />\u001b[39m\n\n      Name \"Shop the Winterize Your Ride Event\":\n      \u001b[36m<h2 />\u001b[39m\n\n      Name \"Enjoy all the Prime benefits\":\n      \u001b[36m<h2 />\u001b[39m\n\n      Name \"modern moments™ by Gerber\":\n      \u001b[36m<h2 />\u001b[39m\n\n      --------------------------------------------------\n      presentation:\n\n      Name \"\":\n      \u001b[36m<img\u001b[39m\n        \u001b[33malt\u001b[39m=\u001b[32m\"\"\u001b[39m\n        \u001b[33mclass\u001b[39m=\u001b[32m\"content-image\"\u001b[39m\n        \u001b[33msrc\u001b[39m=\u001b[32m\"placeholder.jpg\"\u001b[39m\n      \u001b[36m/>\u001b[39m\n\n      Name \"\":\n      \u001b[36m<img\u001b[39m\n        \u001b[33malt\u001b[39m=\u001b[32m\"\"\u001b[39m\n        \u001b[33mclass\u001b[39m=\u001b[32m\"content-image\"\u001b[39m\n        \u001b[33msrc\u001b[39m=\u001b[32m\"placeholder.jpg\"\u001b[39m\n      \u001b[36m/>\u001b[39m\n\n      Name \"\":\n      \u001b[36m<img\u001b[39m\n        \u001b[33malt\u001b[39m=\u001b[32m\"\"\u001b[39m\n        \u001b[33mclass\u001b[39m=\u001b[32m\"content-image\"\u001b[39m\n        \u001b[33msrc\u001b[39m=\u001b[32m\"placeholder.jpg\"\u001b[39m\n      \u001b[36m/>\u001b[39m\n\n      Name \"\":\n      \u001b[36m<img\u001b[39m\n        \u001b[33malt\u001b[39m=\u001b[32m\"\"\u001b[39m\n        \u001b[33mclass\u001b[39m=\u001b[32m\"content-image\"\u001b[39m\n        \u001b[33msrc\u001b[39m=\u001b[32m\"placeholder.jpg\"\u001b[39m\n      \u001b[36m/>\u001b[39m\n\n      Name \"\":\n      \u001b[36m<img\u001b[39m\n        \u001b[33malt\u001b[39m=\u001b[32m\"\"\u001b[39m\n        \u001b[33mclass\u001b[39m=\u001b[32m\"content-image\"\u001b[39m\n        \u001b[33msrc\u001b[39m=\u001b[32m\"placeholder.jpg\"\u001b[39m\n      \u001b[36m/>\u001b[39m\n\n      Name \"\":\n      \u001b[36m<img\u001b[39m\n        \u001b[33malt\u001b[39m=\u001b[32m\"\"\u001b[39m\n        \u001b[33mclass\u001b[39m=\u001b[32m\"content-image\"\u001b[39m\n        \u001b[33msrc\u001b[39m=\u001b[32m\"placeholder.jpg\"\u001b[39m\n      \u001b[36m/>\u001b[39m\n\n      Name \"\":\n      \u001b[36m<img\u001b[39m\n        \u001b[33malt\u001b[39m=\u001b[32m\"\"\u001b[39m\n        \u001b[33mclass\u001b[39m=\u001b[32m\"content-image\"\u001b[39m\n        \u001b[33msrc\u001b[39m=\u001b[32m\"placeholder.jpg\"\u001b[39m\n      \u001b[36m/>\u001b[39m\n\n      Name \"\":\n      \u001b[36m<img\u001b[39m\n        \u001b[33malt\u001b[39m=\u001b[32m\"\"\u001b[39m\n        \u001b[33mclass\u001b[39m=\u001b[32m\"content-image\"\u001b[39m\n        \u001b[33msrc\u001b[39m=\u001b[32m\"placeholder.jpg\"\u001b[39m\n      \u001b[36m/>\u001b[39m\n\n      Name \"\":\n      \u001b[36m<img\u001b[39m\n        \u001b[33malt\u001b[39m=\u001b[32m\"\"\u001b[39m\n        \u001b[33mclass\u001b[39m=\u001b[32m\"content-image\"\u001b[39m\n        \u001b[33msrc\u001b[39m=\u001b[32m\"placeholder.jpg\"\u001b[39m\n      \u001b[36m/>\u001b[39m\n\n      Name \"\":\n      \u001b[36m<img\u001b[39m\n        \u001b[33malt\u001b[39m=\u001b[32m\"\"\u001b[39m\n        \u001b[33mclass\u001b[39m=\u001b[32m\"content-image\"\u001b[39m\n        \u001b[33msrc\u001b[39m=\u001b[32m\"placeholder.jpg\"\u001b[39m\n      \u001b[36m/>\u001b[39m\n\n      Name \"\":\n      \u001b[36m<img\u001b[39m\n        \u001b[33malt\u001b[39m=\u001b[32m\"\"\u001b[39m\n        \u001b[33mclass\u001b[39m=\u001b[32m\"content-image\"\u001b[39m\n        \u001b[33msrc\u001b[39m=\u001b[32m\"placeholder.jpg\"\u001b[39m\n      \u001b[36m/>\u001b[39m\n\n      Name \"\":\n      \u001b[36m<img\u001b[39m\n        \u001b[33malt\u001b[39m=\u001b[32m\"\"\u001b[39m\n        \u001b[33mclass\u001b[39m=\u001b[32m\"content-image\"\u001b[39m\n        \u001b[33msrc\u001b[39m=\u001b[32m\"placeholder.jpg\"\u001b[39m\n      \u001b[36m/>\u001b[39m\n\n      Name \"\":\n      \u001b[36m<img\u001b[39m\n        \u001b[33malt\u001b[39m=\u001b[32m\"\"\u001b[39m\n        \u001b[33mclass\u001b[39m=\u001b[32m\"content-image\"\u001b[39m\n        \u001b[33msrc\u001b[39m=\u001b[32m\"placeholder.jpg\"\u001b[39m\n      \u001b[36m/>\u001b[39m\n\n      Name \"\":\n      \u001b[36m<img\u001b[39m\n        \u001b[33malt\u001b[39m=\u001b[32m\"\"\u001b[39m\n        \u001b[33mclass\u001b[39m=\u001b[32m\"content-image\"\u001b[39m\n        \u001b[33msrc\u001b[39m=\u001b[32m\"placeholder.jpg\"\u001b[39m\n      \u001b[36m/>\
[...]
      "name": "/Users/vishvam.sundararajan/Desktop/Projects/design-to-code/test-app/src/components/Header/Header.spec.js",
      "startTime": 1730796580099,
      "status": "failed",
      "summary": ""
    },
    {
      "assertionResults": [
        {
          "ancestorTitles": ["ContentColumn Component"],
          "duration": 13,
          "failureDetails": [
            {
              "matcherResult": {
                "pass": false,
                "message": "expect(element).toHaveStyle()\n\n- Expected\n\n- fontSize: 24px;\n- fontWeight: bold;\n- textAlign: left;"
              }
            }
          ],
          "failureMessages": [
            "Error: expect(element).toHaveStyle()\n\n- Expected\n\n- fontSize: 24px;\n- fontWeight: bold;\n- textAlign: left;\n    at Object.toHaveStyle (/Users/vishvam.sundararajan/Desktop/Projects/design-to-code/test-app/src/components/ContentColumn/ContentColumn.spec.js:16:26)\n    at Promise.then.completed (/Users/vishvam.sundararajan/Desktop/Projects/design-to-code/test-app/node_modules/jest-circus/build/utils.js:298:28)\n    at new Promise (<anonymous>)\n    at callAsyncCircusFn (/Users/vishvam.sundararajan/Desktop/Projects/design-to-code/test-app/node_modules/jest-circus/build/utils.js:231:10)\n    at _callCircusTest (/Users/vishvam.sundararajan/Desktop/Projects/design-to-code/test-app/node_modules/jest-circus/build/run.js:316:40)\n    at _runTest (/Users/vishvam.sundararajan/Desktop/Projects/design-to-code/test-app/node_modules/jest-circus/build/run.js:252:3)\n    at _runTestsForDescribeBlock (/Users/vishvam.sundararajan/Desktop/Projects/design-to-code/test-app/node_modules/jest-circus/build/run.js:126:9)\n    at _runTestsForDescribeBlock (/Users/vishvam.sundararajan/Desktop/Projects/design-to-code/test-app/node_modules/jest-circus/build/run.js:121:9)\n    at run (/Users/vishvam.sundararajan/Desktop/Projects/design-to-code/test-app/node_modules/jest-circus/build/run.js:71:3)\n    at runAndTransformResultsToJestFormat (/Users/vishvam.sundararajan/Desktop/Projects/design-to-code/test-app/node_modules/jest-circus/build/legacy-code-todo-rewrite/jestAdapterInit.js:122:21)\n    at jestAdapter (/Users/vishvam.sundararajan/Desktop/Projects/design-to-code/test-app/node_modules/jest-circus/build/legacy-code-todo-rewrite/jestAdapter.js:79:19)\n    at runTestInternal (/Users/vishvam.sundararajan/Desktop/Projects/design-to-code/test-app/node_modules/jest-runner/build/runTest.js:367:16)\n    at runTest (/Users/vishvam.sundararajan/Desktop/Projects/design-to-code/test-app/node_modules/jest-runner/build/runTest.js:444:34)"
          ],
          "fullName": "ContentColumn Component renders the content column with correct title",
          "invocations": 1,
          "location": null,
          "numPassingAsserts": 1,
          "retryReasons": [],
          "status": "failed",
          "title": "renders the content column with correct title"
        },
        {
          "ancestorTitles": ["ContentColumn Component"],
          "duration": 3,
          "failureDetails": [
            {
              "matcherResult": {
                "pass": false,
                "message": "expect(element).toHaveStyle()\n\n- Expected\n\n- display: grid;\n- gap: 10px;\n- gridTemplateColumns: 1fr 1fr;\n+ display: block;"
              }
            }
          ],
          "failureMessages": [
            "Error: expect(element).toHaveStyle()\n\n- Expected\n\n- display: grid;\n- gap: 10px;\n- gridTemplateColumns: 1fr 1fr;\n+ display: block;\n    at Object.toHaveStyle (/Users/vishvam.sundararajan/Desktop/Projects/design-to-code/test-app/src/components/ContentColumn/ContentColumn.spec.js:25:27)\n    at Promise.then.completed (/Users/vishvam.sundararajan/Desktop/Projects/design-to-code/test-app/node_modules/jest-circus/build/utils.js:298:28)\n    at new Promise (<anonymous>)\n    at callAsyncCircusFn (/Users/vishvam.sundararajan/Desktop/Projects/design-to-code/test-app/node_modules/jest-circus/build/utils.js:231:10)\n    at _callCircusTest (/Users/vishvam.sundararajan/Desktop/Projects/design-to-code/test-app/node_modules/jest-circus/build/run.js:316:40)\n    at _runTest (/Users/vishvam.sundararajan/Desktop/Projects/design-to-code/test-app/node_modules/jest-circus/build/run.js:252:3)\n    at _runTestsForDescribeBlock (/Users/vishvam.sundararajan/Desktop/Projects/design-to-code/test-app/node_modules/jest-circus/build/run.js:126:9)\n    at _runTestsForDescribeBlock (/Users/vishvam.sundararajan/Desktop/Projects/design-to-code/test-app/node_modules/jest-circus/build/run.js:121:9)\n    at run (/Users/vishvam.sundararajan/Desktop/Projects/design-to-code/test-app/node_modules/jest-circus/build/run.js:71:3)\n    at runAndTransformResultsToJestFormat (/Users/vishvam.sundararajan/Desktop/Projects/design-to-code/test-app/node_modules/jest-circus/build/legacy-code-todo-rewrite/jestAdapterInit.js:122:21)\n    at jestAdapter (/Users/vishvam.sundararajan/Desktop/Projects/design-to-code/test-app/node_modules/jest-circus/build/legacy-code-todo-rewrite/jestAdapter.js:79:19)\n    at runTestInternal (/Users/vishvam.sundararajan/Desktop/Projects/design-to-code/test-app/node_modules/jest-runner/build/runTest.js:367:16)\n    at runTest (/Users/vishvam.sundararajan/Desktop/Projects/design-to-code/test-app/node_modules/jest-runner/build/runTest.js:444:34)"
          ],
          "fullName": "ContentColumn Component renders a 2x2 grid of images with descriptions",
          "invocations": 1,
          "location": null,
          "numPassingAsserts": 0,
          "retryReasons": [],
          "status": "failed",
          "title": "renders a 2x2 grid of images with descriptions"
        },
        {
          "ancestorTitles": ["ContentColumn Component"],
          "duration": 2,
          "failureDetails": [
            {
              "matcherResult": {
                "pass": false,
                "message": "expect(element).toHaveStyle()\n\n- Expected\n\n- color: blue;\n- textDecoration: underline;"
              }
            }
          ],
          "failureMessages": [
            "Error: expect(element).toHaveStyle()\n\n- Expected\n\n- color: blue;\n- textDecoration: underline;\n    at Object.toHaveStyle (/Users/vishvam.sundararajan/Desktop/Projects/design-to-code/test-app/src/components/ContentColumn/ContentColumn.spec.js:49:25)\n    at Promise.then.completed (/Users/vishvam.sundararajan/Desktop/Projects/design-to-code/test-app/node_modules/jest-circus/build/utils.js:298:28)\n    at new Promise (<anonymous>)\n    at callAsyncCircusFn (/Users/vishvam.sundararajan/Desktop/Projects/design-to-code/test-app/node_modules/jest-circus/build/utils.js:231:10)\n    at _callCircusTest (/Users/vishvam.sundararajan/Desktop/Projects/design-to-code/test-app/node_modules/jest-circus/build/run.js:316:40)\n    at _runTest (/Users/vishvam.sundararajan/Desktop/Projects/design-to-code/test-app/node_modules/jest-circus/build/run.js:252:3)\n    at _runTestsForDescribeBlock (/Users/vishvam.sundararajan/Desktop/Projects/design-to-code/test-app/node_modules/jest-circus/build/run.js:126:9)\n    at _runTestsForDescribeBlock (/Users/vishvam.sundararajan/Desktop/Projects/design-to-code/test-app/node_modules/jest-circus/build/run.js:121:9)\n    at run (/Users/vishvam.sundararajan/Desktop/Projects/design-to-code/test-app/node_modules/jest-circus/build/run.js:71:3)\n    at runAndTransformResultsToJestFormat (/Users/vishvam.sundararajan/Desktop/Projects/design-to-code/test-app/node_modules/jest-circus/build/legacy-code-todo-rewrite/jestAdapterInit.js:122:21)\n    at jestAdapter (/Users/vishvam.sundararajan/Desktop/Projects/design-to-code/test-app/node_modules/jest-circus/build/legacy-code-todo-rewrite/jestAdapter.js:79:19)\n    at runTestInternal (/Users/vishvam.sundararajan/Desktop/Projects/design-to-code/test-app/node_modules/jest-runner/build/runTest.js:367:16)\n    at runTest (/Users/vishvam.sundararajan/Desktop/Projects/design-to-code/test-app/node_modules/jest-runner/build/runTest.js:444:34)"
          ],
          "fullName": "ContentColumn Component renders a link with correct text",
          "invocations": 1,
          "location": null,
          "numPassingAsserts": 2,
          "retryReasons": [],
          "status": "failed",
          "title": "renders a link with correct text"
        },
        {
          "ancestorTitles": ["ContentColumn Component"],
          "duration": 2,
          "failureDetails": [
            {
              "matcherResult": {
                "pass": false,
                "message": "expect(element).toHaveStyle()\n\n- Expected\n\n- backgroundColor: white;\n- padding: 10px;"
              }
            }
          ],
          "failureMessages": [
            "Error: expect(element).toHaveStyle()\n\n- Expected\n\n- backgroundColor: white;\n- padding: 10px;\n    at Object.toHaveStyle (/Users/vishvam.sundararajan/Desktop/Projects/design-to-code/test-app/src/components/ContentColumn/ContentColumn.spec.js:57:27)\n    at Promise.then.completed (/Users/vishvam.sundararajan/Desktop/Projects/design-to-code/test-app/node_modules/jest-circus/build/utils.js:298:28)\n    at new Promise (<anonymous>)\n    at callAsyncCircusFn (/Users/vishvam.sundararajan/Desktop/Projects/design-to-code/test-app/node_modules/jest-circus/build/utils.js:231:10)\n    at _callCircusTest (/Users/vishvam.sundararajan/Desktop/Projects/design-to-code/test-app/node_modules/jest-circus/build/run.js:316:40)\n    at _runTest (/Users/vishvam.sundararajan/Desktop/Projects/design-to-code/test-app/node_modules/jest-circus/build/run.js:252:3)\n    at _runTestsForDescribeBlock (/Users/vishvam.sundararajan/Desktop/Projects/design-to-code/test-app/node_modules/jest-circus/build/run.js:126:9)\n    at _runTestsForDescribeBlock (/Users/vishvam.sundararajan/Desktop/Projects/design-to-code/test-app/node_modules/jest-circus/build/run.js:121:9)\n    at run (/Users/vishvam.sundararajan/Desktop/Projects/design-to-code/test-app/node_modules/jest-circus/build/run.js:71:3)\n    at runAndTransformResultsToJestFormat (/Users/vishvam.sundararajan/Desktop/Projects/design-to-code/test-app/node_modules/jest-circus/build/legacy-code-todo-rewrite/jestAdapterInit.js:122:21)\n    at jestAdapter (/Users/vishvam.sundararajan/Desktop/Projects/design-to-code/test-app/node_modules/jest-circus/build/legacy-code-todo-rewrite/jestAdapter.js:79:19)\n    at runTestInternal (/Users/vishvam.sundararajan/Desktop/Projects/design-to-code/test-app/node_modules/jest-runner/build/runTest.js:367:16)\n    at runTest (/Users/vishvam.sundararajan/Desktop/Projects/design-to-code/test-app/node_modules/jest-runner/build/runTest.js:444:34)"
          ],
          "fullName": "ContentColumn Component content column has correct padding and background color",
          "invocations": 1,
          "location": null,
          "numPassingAsserts": 0,
          "retryReasons": [],
          "status": "failed",
          "title": "content column has correct padding and background color"
        }
      ],
      "endTime": 1730796580336,
      "message": "  ● ContentColumn Component › renders the content column with correct title\n\n    expect(element).toHaveStyle()\n\n    - Expected\n\n    - fontSize: 24px;\n    - fontWeight: bold;\n    - textAlign: left;\n\n      14 |     const titleElement = screen.getByText(title);\n      15 |     expect(titleElement).toBeInTheDocument();\n    > 16 |     expect(titleElement).toHaveStyle({ \n         |                          ^\n      17 |       fontSize: '24px', \n      18 |       fontWeight: 'bold', \n      19 |       textAlign: 'left' \n\n      at Object.toHaveStyle (src/components/ContentColumn/ContentColumn.spec.js:16:26)\n\n  ● ContentColumn Component › renders a 2x2 grid of images with descriptions\n\n    expect(element).toHaveStyle()\n\n    - Expected\n\n    - display: grid;\n    - gap: 10px;\n    - gridTemplateColumns: 1fr 1fr;\n    + display: block;\n\n      23 |   test('renders a 2x2 grid of images with descriptions', () => {\n      24 |     const gridContainer = screen.getByTestId('content-column').querySelector('.grid-container');\n    > 25 |     expect(gridContainer).toHaveStyle({\n         |                           ^\n      26 |       display: 'grid',\n      27 |       gridTemplateColumns: '1fr 1fr',\n      28 |       gap: '10px',\n\n      at Object.toHaveStyle (src/components/ContentColumn/ContentColumn.spec.js:25:27)\n\n  ● ContentColumn Component › renders a link with correct text\n\n    expect(element).toHaveStyle()\n\n    - Expected\n\n    - color: blue;\n    - textDecoration: underline;\n\n      47 |     expect(linkElement).toBeInTheDocument();\n      48 |     expect(linkElement).toHaveTextContent(linkText);\n    > 49 |     expect(linkElement).toHaveStyle({ \n         |                         ^\n      50 |       color: 'blue', \n      51 |       textDecoration: 'underline' \n      52 |     });\n\n      at Object.toHaveStyle (src/components/ContentColumn/ContentColumn.spec.js:49:25)\n\n  ● ContentColumn Component › content column has correct padding and background color\n\n    expect(element).toHaveStyle()\n\n    - Expected\n\n    - backgroundColor: white;\n    - padding: 10px;\n\n      55 |   test('content column has correct padding and background color', () => {\n      56 |     const contentColumn = screen.getByTestId('content-column');\n    > 57 |     expect(contentColumn).toHaveStyle({\n         |                           ^\n      58 |       padding: '10px',\n      59 |       backgroundColor: 'white'\n      60 |     });\n\n      at Object.toHaveStyle (src/components/ContentColumn/ContentColumn.spec.js:57:27)\n",
      "name": "/Users/vishvam.sundararajan/Desktop/Projects/design-to-code/test-app/src/components/ContentColumn/ContentColumn.spec.js",
      "startTime": 1730796580224,
      "status": "failed",
      "summary": ""
    },
    {
      "assertionResults": [
        {
          "ancestorTitles": ["NavigationBar Component"],
          "duration": 8,
          "failureDetails": [
            {
              "matcherResult": {
                "pass": false,
                "message": "expect(element).toHaveStyle()\n\n- Expected\n\n- display: flex;\n+ display: block;"
              }
            }
          ],
          "failureMessages": [
            "Error: expect(element).toHaveStyle()\n\n- Expected\n\n- display: flex;\n+ display: block;\n    at Object.toHaveStyle (/Users/vishvam.sundararajan/Desktop/Projects/design-to-code/test-app/src/components/NavigationBar/NavigationBar.spec.js:11:27)\n    at Promise.then.completed (/Users/vishvam.sundararajan/Desktop/Projects/design-to-code/test-app/node_modules/jest-circus/build/utils.js:298:28)\n    at new Promise (<anonymous>)\n    at callAsyncCircusFn (/Users/vishvam.sundararajan/Desktop/Projects/design-to-code/test-app/node_modules/jest-circus/build/utils.js:231:10)\n    at _callCircusTest (/Users/vishvam.sundararajan/Desktop/Projects/design-to-code/test-app/node_modules/jest-circus/build/run.js:316:40)\n    at _runTest (/Users/vishvam.sundararajan/Desktop/Projects/design-to-code/test-app/node_modules/jest-circus/build/run.js:252:3)\n    at _runTestsForDescribeBlock (/Users/vishvam.sundararajan/Desktop/Projects/design-to-code/test-app/node_modules/jest-circus/build/run.js:126:9)\n    at _runTestsForDescribeBlock (/Users/vishvam.sundararajan/Desktop/Projects/design-to-code/test-app/node_modules/jest-circus/build/run.js:121:9)\n    at run (/Users/vishvam.sundararajan/Desktop/Projects/design-to-code/test-app/node_modules/jest-circus/build/run.js:71:3)\n    at runAndTransformResultsToJestFormat (/Users/vishvam.sundararajan/Desktop/Projects/design-to-code/test-app/node_modules/jest-circus/build/legacy-code-todo-rewrite/jestAdapterInit.js:122:21)\n    at jestAdapter (/Users/vishvam.sundararajan/Desktop/Projects/design-to-code/test-app/node_modules/jest-circus/build/legacy-code-todo-rewrite/jestAdapter.js:79:19)\n    at runTestInternal (/Users/vishvam.sundararajan/Desktop/Projects/design-to-code/test-app/node_modules/jest-runner/build/runTest.js:367:16)\n    at runTest (/Users/vishvam.sundararajan/Desktop/Projects/design-to-code/test-app/node_modules/jest-runner/build/runTest.js:444:34)"
          ],
          "fullName": "NavigationBar Component renders navigation bar with correct structure",
          "invocations": 1,
          "location": null,
          "numPassingAsserts": 1,
          "retryReasons": [],
          "status": "failed",
          "title": "renders navigation bar with correct structure"
        },
        {
          "ancestorTitles": ["NavigationBar Component"],
          "duration": 2,
          "failureDetails": [],
          "failureMessages": [],
          "fullName": "NavigationBar Component checks if menu items have correct text",
          "invocations": 1,
          "location": null,
          "numPassingAsserts": 4,
          "retryReasons": [],
          "status": "passed",
          "title": "checks if menu items have correct text"
        }
      ],
      "endTime": 1730796580443,
      "message": "  ● NavigationBar Component › renders navigation bar with correct structure\n\n    expect(element).toHaveStyle()\n\n    - Expected\n\n    - display: flex;\n    + display: block;\n\n       9 |     const navigationBar = getByTestId('navigation-bar');\n      10 |     expect(navigationBar).toBeInTheDocument();\n    > 11 |     expect(navigationBar).toHaveStyle('display: flex');\n         |                           ^\n      12 |     expect(navigationBar).toHaveStyle('justify-content: space-around');\n      13 |     expect(navigationBar).toHaveStyle('background-color: white');\n      14 |     expect(navigationBar).toHaveStyle('padding: 10px 0');\n\n      at Object.toHaveStyle (src/components/NavigationBar/NavigationBar.spec.js:11:27)\n",
      "name": "/Users/vishvam.sundararajan/Desktop/Projects/design-to-code/test-app/src/components/NavigationBar/NavigationBar.spec.js",
      "startTime": 1730796580340,
      "status": "failed",
      "summary": ""
    }
  ],
  "wasInterrupted": false
}
